#
# There is insufficient memory for the Java Runtime Environment to continue.
# Native memory allocation (mmap) failed to map 250609664 bytes for G1 virtual space
# Possible reasons:
#   The system is out of physical RAM or swap space
#   The process is running with CompressedOops enabled, and the Java Heap may be blocking the growth of the native heap
# Possible solutions:
#   Reduce memory load on the system
#   Increase physical memory or swap space
#   Check if swap backing store is full
#   Decrease Java heap size (-Xmx/-Xms)
#   Decrease number of Java threads
#   Decrease Java thread stack sizes (-Xss)
#   Set larger code cache with -XX:ReservedCodeCacheSize=
#   JVM is running with Unscaled Compressed Oops mode in which the Java heap is
#     placed in the first 4GB address space. The Java Heap base address is the
#     maximum limit for the native heap growth. Please use -XX:HeapBaseMinAddress
#     to set the Java Heap base and to place the Java Heap above 4GB virtual address.
# This output file may be truncated or incomplete.
#
#  Out of Memory Error (os_windows.cpp:3548), pid=24084, tid=25212
#
# JRE version: Java(TM) SE Runtime Environment (17.0.12+8) (build 17.0.12+8-LTS-286)
# Java VM: Java HotSpot(TM) 64-Bit Server VM (17.0.12+8-LTS-286, mixed mode, emulated-client, sharing, tiered, compressed oops, compressed class ptrs, g1 gc, windows-amd64)
# No core dump will be written. Minidumps are not enabled by default on client versions of Windows
#

---------------  S U M M A R Y ------------

Command Line: -XX:TieredStopAtLevel=1 -Dspring.output.ansi.enabled=always -Dcom.sun.management.jmxremote -Dspring.jmx.enabled=true -Dspring.liveBeansView.mbeanDomain -Dspring.application.admin.enabled=true -Dmanagement.endpoints.jmx.exposure.include=* -javaagent:C:\Program Files\JetBrains\IntelliJ IDEA 2024.2.1\lib\idea_rt.jar=53506:C:\Program Files\JetBrains\IntelliJ IDEA 2024.2.1\bin -Dfile.encoding=UTF-8 com.example.mscliente.MsClienteApplication

Host: AMD Ryzen 7 5700U with Radeon Graphics         , 16 cores, 5G,  Windows 11 , 64 bit Build 26100 (10.0.26100.4202)
Time: Sun Jun 29 07:38:42 2025 Hora est. Pacífico, Sudamérica elapsed time: 26.598591 seconds (0d 0h 0m 26s)

---------------  T H R E A D  ---------------

Current thread (0x000001efeeab04f0):  VMThread "VM Thread" [stack: 0x000000e4a9100000,0x000000e4a9200000] [id=25212]

Stack: [0x000000e4a9100000,0x000000e4a9200000]
Native frames: (J=compiled Java code, j=interpreted, Vv=VM code, C=native code)
V  [jvm.dll+0x67a04a]
V  [jvm.dll+0x7da4ed]
V  [jvm.dll+0x7dbe33]
V  [jvm.dll+0x7dc4a3]
V  [jvm.dll+0x24508f]
V  [jvm.dll+0x677089]
V  [jvm.dll+0x66bd32]
V  [jvm.dll+0x301fa6]
V  [jvm.dll+0x309546]
V  [jvm.dll+0x359d2e]
V  [jvm.dll+0x359f5f]
V  [jvm.dll+0x2d9078]
V  [jvm.dll+0x2d74ad]
V  [jvm.dll+0x2d6afc]
V  [jvm.dll+0x31a981]
V  [jvm.dll+0x7e0d9b]
V  [jvm.dll+0x7e1ad4]
V  [jvm.dll+0x7e1fed]
V  [jvm.dll+0x7e23c4]
V  [jvm.dll+0x7e2490]
V  [jvm.dll+0x78abea]
V  [jvm.dll+0x678f35]
C  [ucrtbase.dll+0x37b0]
C  [KERNEL32.DLL+0x2e8d7]
C  [ntdll.dll+0x3c34c]

VM_Operation (0x000000e4ad0fd528): G1TryInitiateConcMark, mode: safepoint, requested by thread 0x000001eff71f0540


---------------  P R O C E S S  ---------------

Threads class SMR info:
_java_thread_list=0x000001eff63d60b0, length=51, elements={
0x000001efdd4861d0, 0x000001efeeab3f90, 0x000001efeeab6b60, 0x000001efeeac62b0,
0x000001efeeac6e70, 0x000001efeeac7a30, 0x000001efeeaca400, 0x000001efeeacdda0,
0x000001efeeadf6d0, 0x000001efeeb2ea60, 0x000001eff3707690, 0x000001eff370c3c0,
0x000001eff3816510, 0x000001eff38bdf70, 0x000001eff3950720, 0x000001eff39394a0,
0x000001eff42b1020, 0x000001eff3a682d0, 0x000001eff3a95360, 0x000001eff3880880,
0x000001eff5924030, 0x000001eff3a687e0, 0x000001eff3a673a0, 0x000001eff3a68cf0,
0x000001eff3a67dc0, 0x000001eff3a66470, 0x000001eff3a69710, 0x000001eff3a6a130,
0x000001eff3a66980, 0x000001eff3a6a640, 0x000001eff3a66e90, 0x000001eff3a6ab50,
0x000001eff3a6b060, 0x000001eff3a678b0, 0x000001eff3a6ba80, 0x000001eff3a6d3d0,
0x000001eff3a6b570, 0x000001eff3a6bf90, 0x000001eff3a6c4a0, 0x000001eff3a6c9b0,
0x000001eff3a6cec0, 0x000001eff71f1470, 0x000001eff71f23a0, 0x000001eff71f1980,
0x000001eff71f2dc0, 0x000001eff71f37e0, 0x000001eff71f0030, 0x000001eff71f0540,
0x000001eff71f1e90, 0x000001eff71f32d0, 0x000001eff71f3cf0
}

Java Threads: ( => current thread )
  0x000001efdd4861d0 JavaThread "main" [_thread_blocked, id=22048, stack(0x000000e4a8b00000,0x000000e4a8c00000)]
  0x000001efeeab3f90 JavaThread "Reference Handler" daemon [_thread_blocked, id=9760, stack(0x000000e4a9200000,0x000000e4a9300000)]
  0x000001efeeab6b60 JavaThread "Finalizer" daemon [_thread_blocked, id=16992, stack(0x000000e4a9300000,0x000000e4a9400000)]
  0x000001efeeac62b0 JavaThread "Signal Dispatcher" daemon [_thread_blocked, id=10520, stack(0x000000e4a9400000,0x000000e4a9500000)]
  0x000001efeeac6e70 JavaThread "Attach Listener" daemon [_thread_blocked, id=25484, stack(0x000000e4a9500000,0x000000e4a9600000)]
  0x000001efeeac7a30 JavaThread "Service Thread" daemon [_thread_blocked, id=20252, stack(0x000000e4a9600000,0x000000e4a9700000)]
  0x000001efeeaca400 JavaThread "Monitor Deflation Thread" daemon [_thread_blocked, id=23372, stack(0x000000e4a9700000,0x000000e4a9800000)]
  0x000001efeeacdda0 JavaThread "C1 CompilerThread0" daemon [_thread_blocked, id=22508, stack(0x000000e4a9800000,0x000000e4a9900000)]
  0x000001efeeadf6d0 JavaThread "Sweeper thread" daemon [_thread_blocked, id=11144, stack(0x000000e4a9900000,0x000000e4a9a00000)]
  0x000001efeeb2ea60 JavaThread "Common-Cleaner" daemon [_thread_blocked, id=23608, stack(0x000000e4a9a00000,0x000000e4a9b00000)]
  0x000001eff3707690 JavaThread "Monitor Ctrl-Break" daemon [_thread_in_native, id=11748, stack(0x000000e4a9b00000,0x000000e4a9c00000)]
  0x000001eff370c3c0 JavaThread "Notification Thread" daemon [_thread_blocked, id=24516, stack(0x000000e4a9c00000,0x000000e4a9d00000)]
  0x000001eff3816510 JavaThread "RMI TCP Accept-0" daemon [_thread_in_native, id=16340, stack(0x000000e4a9d00000,0x000000e4a9e00000)]
  0x000001eff38bdf70 JavaThread "RMI TCP Connection(1)-192.168.1.65" daemon [_thread_blocked, id=6464, stack(0x000000e4a9f00000,0x000000e4aa000000)]
  0x000001eff3950720 JavaThread "RMI Scheduler(0)" daemon [_thread_blocked, id=11148, stack(0x000000e4aa000000,0x000000e4aa100000)]
  0x000001eff39394a0 JavaThread "JMX server connection timeout 28" daemon [_thread_blocked, id=3024, stack(0x000000e4aa100000,0x000000e4aa200000)]
  0x000001eff42b1020 JavaThread "RMI TCP Connection(2)-192.168.1.65" daemon [_thread_blocked, id=21608, stack(0x000000e4aaf00000,0x000000e4ab000000)]
  0x000001eff3a682d0 JavaThread "Keep-Alive-Timer" daemon [_thread_blocked, id=12056, stack(0x000000e4ab000000,0x000000e4ab100000)]
  0x000001eff3a95360 JavaThread "C1 CompilerThread1" daemon [_thread_blocked, id=20940, stack(0x000000e4ab100000,0x000000e4ab200000)]
  0x000001eff3880880 JavaThread "C1 CompilerThread2" daemon [_thread_blocked, id=22240, stack(0x000000e4ab300000,0x000000e4ab400000)]
  0x000001eff5924030 JavaThread "C1 CompilerThread3" daemon [_thread_blocked, id=13032, stack(0x000000e4ab200000,0x000000e4ab300000)]
  0x000001eff3a687e0 JavaThread "Catalina-utility-1" [_thread_blocked, id=23264, stack(0x000000e4ab600000,0x000000e4ab700000)]
  0x000001eff3a673a0 JavaThread "Catalina-utility-2" [_thread_blocked, id=22488, stack(0x000000e4ab700000,0x000000e4ab800000)]
  0x000001eff3a68cf0 JavaThread "container-0" [_thread_blocked, id=24720, stack(0x000000e4ab800000,0x000000e4ab900000)]
  0x000001eff3a67dc0 JavaThread "mysql-cj-abandoned-connection-cleanup" daemon [_thread_blocked, id=18500, stack(0x000000e4ab900000,0x000000e4aba00000)]
  0x000001eff3a66470 JavaThread "HikariPool-1 housekeeper" daemon [_thread_blocked, id=25144, stack(0x000000e4aba00000,0x000000e4abb00000)]
  0x000001eff3a69710 JavaThread "HikariPool-1 connection adder" daemon [_thread_blocked, id=20444, stack(0x000000e4abb00000,0x000000e4abc00000)]
  0x000001eff3a6a130 JavaThread "ClassGraph-worker-96" daemon [_thread_blocked, id=10316, stack(0x000000e4abc00000,0x000000e4abd00000)]
  0x000001eff3a66980 JavaThread "ClassGraph-worker-97" daemon [_thread_blocked, id=16564, stack(0x000000e4abd00000,0x000000e4abe00000)]
  0x000001eff3a6a640 JavaThread "ClassGraph-worker-98" daemon [_thread_blocked, id=8912, stack(0x000000e4abe00000,0x000000e4abf00000)]
  0x000001eff3a66e90 JavaThread "ClassGraph-worker-99" daemon [_thread_blocked, id=18660, stack(0x000000e4abf00000,0x000000e4ac000000)]
  0x000001eff3a6ab50 JavaThread "ClassGraph-worker-100" daemon [_thread_blocked, id=18472, stack(0x000000e4ac000000,0x000000e4ac100000)]
  0x000001eff3a6b060 JavaThread "ClassGraph-worker-101" daemon [_thread_blocked, id=22068, stack(0x000000e4ac100000,0x000000e4ac200000)]
  0x000001eff3a678b0 JavaThread "ClassGraph-worker-102" daemon [_thread_blocked, id=24300, stack(0x000000e4ac200000,0x000000e4ac300000)]
  0x000001eff3a6ba80 JavaThread "ClassGraph-worker-103" daemon [_thread_blocked, id=21084, stack(0x000000e4ac300000,0x000000e4ac400000)]
  0x000001eff3a6d3d0 JavaThread "ClassGraph-worker-104" daemon [_thread_blocked, id=10076, stack(0x000000e4ac400000,0x000000e4ac500000)]
  0x000001eff3a6b570 JavaThread "ClassGraph-worker-105" daemon [_thread_blocked, id=19556, stack(0x000000e4ac500000,0x000000e4ac600000)]
  0x000001eff3a6bf90 JavaThread "ClassGraph-worker-106" daemon [_thread_blocked, id=24164, stack(0x000000e4ac600000,0x000000e4ac700000)]
  0x000001eff3a6c4a0 JavaThread "ClassGraph-worker-107" daemon [_thread_blocked, id=5216, stack(0x000000e4ac700000,0x000000e4ac800000)]
  0x000001eff3a6c9b0 JavaThread "ClassGraph-worker-108" daemon [_thread_blocked, id=9572, stack(0x000000e4ac800000,0x000000e4ac900000)]
  0x000001eff3a6cec0 JavaThread "ClassGraph-worker-109" daemon [_thread_blocked, id=22844, stack(0x000000e4ac900000,0x000000e4aca00000)]
  0x000001eff71f1470 JavaThread "ClassGraph-worker-110" daemon [_thread_blocked, id=22948, stack(0x000000e4aca00000,0x000000e4acb00000)]
  0x000001eff71f23a0 JavaThread "ClassGraph-worker-111" daemon [_thread_blocked, id=22784, stack(0x000000e4acb00000,0x000000e4acc00000)]
  0x000001eff71f1980 JavaThread "ClassGraph-worker-112" daemon [_thread_blocked, id=9788, stack(0x000000e4acc00000,0x000000e4acd00000)]
  0x000001eff71f2dc0 JavaThread "ClassGraph-worker-113" daemon [_thread_blocked, id=24196, stack(0x000000e4acd00000,0x000000e4ace00000)]
  0x000001eff71f37e0 JavaThread "ClassGraph-worker-114" daemon [_thread_blocked, id=21592, stack(0x000000e4ace00000,0x000000e4acf00000)]
  0x000001eff71f0030 JavaThread "ClassGraph-worker-115" daemon [_thread_blocked, id=22576, stack(0x000000e4acf00000,0x000000e4ad000000)]
  0x000001eff71f0540 JavaThread "ClassGraph-worker-116" daemon [_thread_blocked, id=21088, stack(0x000000e4ad000000,0x000000e4ad100000)]
  0x000001eff71f1e90 JavaThread "ClassGraph-worker-117" daemon [_thread_blocked, id=15788, stack(0x000000e4ad100000,0x000000e4ad200000)]
  0x000001eff71f32d0 JavaThread "ClassGraph-worker-118" daemon [_thread_blocked, id=3924, stack(0x000000e4ad200000,0x000000e4ad300000)]
  0x000001eff71f3cf0 JavaThread "ClassGraph-worker-119" daemon [_thread_blocked, id=6276, stack(0x000000e4ad300000,0x000000e4ad400000)]

Other Threads:
=>0x000001efeeab04f0 VMThread "VM Thread" [stack: 0x000000e4a9100000,0x000000e4a9200000] [id=25212]
  0x000001efdd50a770 WatcherThread [stack: 0x000000e4a9e00000,0x000000e4a9f00000] [id=24816]
  0x000001efdd4d10a0 GCTaskThread "GC Thread#0" [stack: 0x000000e4a8c00000,0x000000e4a8d00000] [id=16408]
  0x000001eff3bad570 GCTaskThread "GC Thread#1" [stack: 0x000000e4aa200000,0x000000e4aa300000] [id=3580]
  0x000001eff4173d10 GCTaskThread "GC Thread#2" [stack: 0x000000e4aa300000,0x000000e4aa400000] [id=22184]
  0x000001eff3bf3dd0 GCTaskThread "GC Thread#3" [stack: 0x000000e4aa400000,0x000000e4aa500000] [id=13068]
  0x000001eff3bfebd0 GCTaskThread "GC Thread#4" [stack: 0x000000e4aa500000,0x000000e4aa600000] [id=8148]
  0x000001eff4173fd0 GCTaskThread "GC Thread#5" [stack: 0x000000e4aa600000,0x000000e4aa700000] [id=21840]
  0x000001eff4174290 GCTaskThread "GC Thread#6" [stack: 0x000000e4aa700000,0x000000e4aa800000] [id=23192]
  0x000001eff4175180 GCTaskThread "GC Thread#7" [stack: 0x000000e4aa800000,0x000000e4aa900000] [id=13344]
  0x000001eff4175650 GCTaskThread "GC Thread#8" [stack: 0x000000e4aa900000,0x000000e4aaa00000] [id=25040]
  0x000001eff4177160 GCTaskThread "GC Thread#9" [stack: 0x000000e4aaa00000,0x000000e4aab00000] [id=14256]
  0x000001eff41c0b10 GCTaskThread "GC Thread#10" [stack: 0x000000e4aab00000,0x000000e4aac00000] [id=18368]
  0x000001eff41c0010 GCTaskThread "GC Thread#11" [stack: 0x000000e4aac00000,0x000000e4aad00000] [id=3552]
  0x000001eff41c02d0 GCTaskThread "GC Thread#12" [stack: 0x000000e4aad00000,0x000000e4aae00000] [id=22800]
  0x000001efdd4de800 ConcurrentGCThread "G1 Main Marker" [stack: 0x000000e4a8d00000,0x000000e4a8e00000] [id=18572]
  0x000001efdd4e00c0 ConcurrentGCThread "G1 Conc#0" [stack: 0x000000e4a8e00000,0x000000e4a8f00000] [id=22480]
  0x000001eff41bef90 ConcurrentGCThread "G1 Conc#1" [stack: 0x000000e4ab400000,0x000000e4ab500000] [id=20228]
  0x000001eff41bfd50 ConcurrentGCThread "G1 Conc#2" [stack: 0x000000e4ab500000,0x000000e4ab600000] [id=8440]
  0x000001efdd53d670 ConcurrentGCThread "G1 Refine#0" [stack: 0x000000e4a8f00000,0x000000e4a9000000] [id=12584]
  0x000001efee970100 ConcurrentGCThread "G1 Service" [stack: 0x000000e4a9000000,0x000000e4a9100000] [id=25460]

Threads with active compile tasks:

VM state: at safepoint (normal execution)

VM Mutex/Monitor currently owned by a thread:  ([mutex/lock_event])
[0x000001efdd481d10] Threads_lock - owner thread: 0x000001efeeab04f0
[0x000001efdd482190] Heap_lock - owner thread: 0x000001eff71f0540

Heap address: 0x00000000a2600000, size: 1498 MB, Compressed Oops mode: 32-bit

CDS archive(s) mapped at: [0x000001ef80000000-0x000001ef80bd0000-0x000001ef80bd0000), size 12386304, SharedBaseAddress: 0x000001ef80000000, ArchiveRelocationMode: 1.
Compressed class space mapped at: 0x000001ef81000000-0x000001efc1000000, reserved size: 1073741824
Narrow klass base: 0x000001ef80000000, Narrow klass shift: 0, Narrow klass range: 0x100000000

GC Precious Log:
 CPUs: 16 total, 16 available
 Memory: 5989M
 Large Page Support: Disabled
 NUMA Support: Disabled
 Compressed Oops: Enabled (32-bit)
 Heap Region Size: 1M
 Heap Min Capacity: 8M
 Heap Initial Capacity: 94M
 Heap Max Capacity: 1498M
 Pre-touch: Disabled
 Parallel Workers: 13
 Concurrent Workers: 3
 Concurrent Refinement Workers: 13
 Periodic GC: Disabled

Heap:
 garbage-first heap   total 132096K, used 72926K [0x00000000a2600000, 0x0000000100000000)
  region size 1024K, 4 young (4096K), 4 survivors (4096K)
 Metaspace       used 68980K, committed 69568K, reserved 1114112K
  class space    used 9927K, committed 10176K, reserved 1048576K

Heap Regions: E=young(eden), S=young(survivor), O=old, HS=humongous(starts), HC=humongous(continues), CS=collection set, F=free, OA=open archive, CA=closed archive, TAMS=top-at-mark-start (previous, next)
|   0|0x00000000a2600000, 0x00000000a2700000, 0x00000000a2700000|100%|HS|  |TAMS 0x00000000a2700000, 0x00000000a2700000| Complete 
|   1|0x00000000a2700000, 0x00000000a2800000, 0x00000000a2800000|100%|HS|  |TAMS 0x00000000a2800000, 0x00000000a2800000| Complete 
|   2|0x00000000a2800000, 0x00000000a2900000, 0x00000000a2900000|100%| O|  |TAMS 0x00000000a2900000, 0x00000000a2900000| Untracked 
|   3|0x00000000a2900000, 0x00000000a2a00000, 0x00000000a2a00000|100%| O|  |TAMS 0x00000000a2a00000, 0x00000000a2a00000| Untracked 
|   4|0x00000000a2a00000, 0x00000000a2b00000, 0x00000000a2b00000|100%| O|  |TAMS 0x00000000a2b00000, 0x00000000a2b00000| Untracked 
|   5|0x00000000a2b00000, 0x00000000a2c00000, 0x00000000a2c00000|100%| O|  |TAMS 0x00000000a2c00000, 0x00000000a2c00000| Untracked 
|   6|0x00000000a2c00000, 0x00000000a2d00000, 0x00000000a2d00000|100%| O|  |TAMS 0x00000000a2d00000, 0x00000000a2d00000| Untracked 
|   7|0x00000000a2d00000, 0x00000000a2e00000, 0x00000000a2e00000|100%| O|  |TAMS 0x00000000a2e00000, 0x00000000a2e00000| Untracked 
|   8|0x00000000a2e00000, 0x00000000a2f00000, 0x00000000a2f00000|100%| O|  |TAMS 0x00000000a2f00000, 0x00000000a2f00000| Untracked 
|   9|0x00000000a2f00000, 0x00000000a3000000, 0x00000000a3000000|100%| O|  |TAMS 0x00000000a3000000, 0x00000000a3000000| Untracked 
|  10|0x00000000a3000000, 0x00000000a3100000, 0x00000000a3100000|100%| O|  |TAMS 0x00000000a3100000, 0x00000000a3100000| Untracked 
|  11|0x00000000a3100000, 0x00000000a3200000, 0x00000000a3200000|100%| O|  |TAMS 0x00000000a3200000, 0x00000000a3200000| Untracked 
|  12|0x00000000a3200000, 0x00000000a3300000, 0x00000000a3300000|100%| O|  |TAMS 0x00000000a3300000, 0x00000000a3300000| Untracked 
|  13|0x00000000a3300000, 0x00000000a3400000, 0x00000000a3400000|100%| O|  |TAMS 0x00000000a3400000, 0x00000000a3400000| Untracked 
|  14|0x00000000a3400000, 0x00000000a3500000, 0x00000000a3500000|100%| O|  |TAMS 0x00000000a3500000, 0x00000000a3500000| Untracked 
|  15|0x00000000a3500000, 0x00000000a3600000, 0x00000000a3600000|100%| O|  |TAMS 0x00000000a3600000, 0x00000000a3600000| Untracked 
|  16|0x00000000a3600000, 0x00000000a3700000, 0x00000000a3700000|100%| O|  |TAMS 0x00000000a3700000, 0x00000000a3700000| Untracked 
|  17|0x00000000a3700000, 0x00000000a37c0e00, 0x00000000a3800000| 75%| O|  |TAMS 0x00000000a37c0e00, 0x00000000a37c0e00| Untracked 
|  18|0x00000000a3800000, 0x00000000a3900000, 0x00000000a3900000|100%| O|  |TAMS 0x00000000a3900000, 0x00000000a3900000| Untracked 
|  19|0x00000000a3900000, 0x00000000a3a00000, 0x00000000a3a00000|100%| O|  |TAMS 0x00000000a3a00000, 0x00000000a3a00000| Untracked 
|  20|0x00000000a3a00000, 0x00000000a3b00000, 0x00000000a3b00000|100%| O|  |TAMS 0x00000000a3b00000, 0x00000000a3b00000| Untracked 
|  21|0x00000000a3b00000, 0x00000000a3c00000, 0x00000000a3c00000|100%| O|  |TAMS 0x00000000a3c00000, 0x00000000a3c00000| Untracked 
|  22|0x00000000a3c00000, 0x00000000a3d00000, 0x00000000a3d00000|100%| O|  |TAMS 0x00000000a3d00000, 0x00000000a3d00000| Untracked 
|  23|0x00000000a3d00000, 0x00000000a3e00000, 0x00000000a3e00000|100%| O|  |TAMS 0x00000000a3e00000, 0x00000000a3e00000| Untracked 
|  24|0x00000000a3e00000, 0x00000000a3f00000, 0x00000000a3f00000|100%| O|  |TAMS 0x00000000a3f00000, 0x00000000a3f00000| Untracked 
|  25|0x00000000a3f00000, 0x00000000a4000000, 0x00000000a4000000|100%| O|  |TAMS 0x00000000a4000000, 0x00000000a4000000| Untracked 
|  26|0x00000000a4000000, 0x00000000a4100000, 0x00000000a4100000|100%| O|  |TAMS 0x00000000a4100000, 0x00000000a4100000| Untracked 
|  27|0x00000000a4100000, 0x00000000a4200000, 0x00000000a4200000|100%| O|  |TAMS 0x00000000a4200000, 0x00000000a4200000| Untracked 
|  28|0x00000000a4200000, 0x00000000a4300000, 0x00000000a4300000|100%| O|  |TAMS 0x00000000a4300000, 0x00000000a4300000| Untracked 
|  29|0x00000000a4300000, 0x00000000a4400000, 0x00000000a4400000|100%| O|  |TAMS 0x00000000a4400000, 0x00000000a4400000| Untracked 
|  30|0x00000000a4400000, 0x00000000a4500000, 0x00000000a4500000|100%| O|  |TAMS 0x00000000a4500000, 0x00000000a4500000| Untracked 
|  31|0x00000000a4500000, 0x00000000a4600000, 0x00000000a4600000|100%| O|  |TAMS 0x00000000a4600000, 0x00000000a4600000| Untracked 
|  32|0x00000000a4600000, 0x00000000a4700000, 0x00000000a4700000|100%| O|  |TAMS 0x00000000a4700000, 0x00000000a4700000| Untracked 
|  33|0x00000000a4700000, 0x00000000a4800000, 0x00000000a4800000|100%|HS|  |TAMS 0x00000000a4700000, 0x00000000a4800000| Complete 
|  34|0x00000000a4800000, 0x00000000a4900000, 0x00000000a4900000|100%| O|  |TAMS 0x00000000a4900000, 0x00000000a4900000| Untracked 
|  35|0x00000000a4900000, 0x00000000a4a00000, 0x00000000a4a00000|100%| O|  |TAMS 0x00000000a4a00000, 0x00000000a4a00000| Untracked 
|  36|0x00000000a4a00000, 0x00000000a4b00000, 0x00000000a4b00000|100%| O|  |TAMS 0x00000000a4b00000, 0x00000000a4b00000| Untracked 
|  37|0x00000000a4b00000, 0x00000000a4b76c00, 0x00000000a4c00000| 46%| O|  |TAMS 0x00000000a4b00000, 0x00000000a4b00000| Untracked 
|  38|0x00000000a4c00000, 0x00000000a4d00000, 0x00000000a4d00000|100%| O|  |TAMS 0x00000000a4d00000, 0x00000000a4d00000| Untracked 
|  39|0x00000000a4d00000, 0x00000000a4e00000, 0x00000000a4e00000|100%| O|  |TAMS 0x00000000a4e00000, 0x00000000a4e00000| Untracked 
|  40|0x00000000a4e00000, 0x00000000a4f00000, 0x00000000a4f00000|100%| O|  |TAMS 0x00000000a4f00000, 0x00000000a4f00000| Untracked 
|  41|0x00000000a4f00000, 0x00000000a4f00000, 0x00000000a5000000|  0%| F|  |TAMS 0x00000000a4f00000, 0x00000000a4f00000| Untracked 
|  42|0x00000000a5000000, 0x00000000a5100000, 0x00000000a5100000|100%| O|  |TAMS 0x00000000a5100000, 0x00000000a5100000| Untracked 
|  43|0x00000000a5100000, 0x00000000a5200000, 0x00000000a5200000|100%| O|  |TAMS 0x00000000a5100000, 0x00000000a5200000| Untracked 
|  44|0x00000000a5200000, 0x00000000a5300000, 0x00000000a5300000|100%| O|  |TAMS 0x00000000a5200000, 0x00000000a5300000| Untracked 
|  45|0x00000000a5300000, 0x00000000a5400000, 0x00000000a5400000|100%| O|  |TAMS 0x00000000a5400000, 0x00000000a5400000| Untracked 
|  46|0x00000000a5400000, 0x00000000a5500000, 0x00000000a5500000|100%| O|  |TAMS 0x00000000a5500000, 0x00000000a5500000| Untracked 
|  47|0x00000000a5500000, 0x00000000a5600000, 0x00000000a5600000|100%| O|  |TAMS 0x00000000a5600000, 0x00000000a5600000| Untracked 
|  48|0x00000000a5600000, 0x00000000a5700000, 0x00000000a5700000|100%| O|  |TAMS 0x00000000a5700000, 0x00000000a5700000| Untracked 
|  49|0x00000000a5700000, 0x00000000a5800000, 0x00000000a5800000|100%| O|  |TAMS 0x00000000a5800000, 0x00000000a5800000| Untracked 
|  50|0x00000000a5800000, 0x00000000a5900000, 0x00000000a5900000|100%| O|  |TAMS 0x00000000a58eac00, 0x00000000a5900000| Untracked 
|  51|0x00000000a5900000, 0x00000000a5a00000, 0x00000000a5a00000|100%| O|  |TAMS 0x00000000a5900000, 0x00000000a5a00000| Untracked 
|  52|0x00000000a5a00000, 0x00000000a5b00000, 0x00000000a5b00000|100%| O|  |TAMS 0x00000000a5a00000, 0x00000000a5b00000| Untracked 
|  53|0x00000000a5b00000, 0x00000000a5c00000, 0x00000000a5c00000|100%| O|  |TAMS 0x00000000a5b00000, 0x00000000a5c00000| Untracked 
|  54|0x00000000a5c00000, 0x00000000a5d00000, 0x00000000a5d00000|100%| O|  |TAMS 0x00000000a5c00000, 0x00000000a5d00000| Untracked 
|  55|0x00000000a5d00000, 0x00000000a5e00000, 0x00000000a5e00000|100%| O|  |TAMS 0x00000000a5d00000, 0x00000000a5e00000| Untracked 
|  56|0x00000000a5e00000, 0x00000000a5f00000, 0x00000000a5f00000|100%| O|  |TAMS 0x00000000a5e00000, 0x00000000a5f00000| Untracked 
|  57|0x00000000a5f00000, 0x00000000a6000000, 0x00000000a6000000|100%| O|  |TAMS 0x00000000a5f00000, 0x00000000a6000000| Untracked 
|  58|0x00000000a6000000, 0x00000000a6100000, 0x00000000a6100000|100%| O|  |TAMS 0x00000000a6000000, 0x00000000a6100000| Untracked 
|  59|0x00000000a6100000, 0x00000000a6200000, 0x00000000a6200000|100%| O|  |TAMS 0x00000000a6100000, 0x00000000a6200000| Untracked 
|  60|0x00000000a6200000, 0x00000000a6300000, 0x00000000a6300000|100%| O|  |TAMS 0x00000000a6200000, 0x00000000a6300000| Untracked 
|  61|0x00000000a6300000, 0x00000000a6400000, 0x00000000a6400000|100%| O|  |TAMS 0x00000000a6300000, 0x00000000a6400000| Untracked 
|  62|0x00000000a6400000, 0x00000000a6500000, 0x00000000a6500000|100%| O|  |TAMS 0x00000000a6400000, 0x00000000a6500000| Untracked 
|  63|0x00000000a6500000, 0x00000000a6600000, 0x00000000a6600000|100%| O|  |TAMS 0x00000000a6500000, 0x00000000a6600000| Untracked 
|  64|0x00000000a6600000, 0x00000000a6700000, 0x00000000a6700000|100%| O|  |TAMS 0x00000000a6600000, 0x00000000a6700000| Untracked 
|  65|0x00000000a6700000, 0x00000000a6800000, 0x00000000a6800000|100%| O|  |TAMS 0x00000000a6700000, 0x00000000a6800000| Untracked 
|  66|0x00000000a6800000, 0x00000000a6900000, 0x00000000a6900000|100%| O|  |TAMS 0x00000000a6800000, 0x00000000a6900000| Untracked 
|  67|0x00000000a6900000, 0x00000000a6a00000, 0x00000000a6a00000|100%| O|  |TAMS 0x00000000a6900000, 0x00000000a6a00000| Untracked 
|  68|0x00000000a6a00000, 0x00000000a6b00000, 0x00000000a6b00000|100%| O|  |TAMS 0x00000000a6a00000, 0x00000000a6a83600| Untracked 
|  69|0x00000000a6b00000, 0x00000000a6b00000, 0x00000000a6c00000|  0%| F|  |TAMS 0x00000000a6b00000, 0x00000000a6b00000| Untracked 
|  70|0x00000000a6c00000, 0x00000000a6c00000, 0x00000000a6d00000|  0%| F|  |TAMS 0x00000000a6c00000, 0x00000000a6c00000| Untracked 
|  71|0x00000000a6d00000, 0x00000000a6d00000, 0x00000000a6e00000|  0%| F|  |TAMS 0x00000000a6d00000, 0x00000000a6d00000| Untracked 
|  72|0x00000000a6e00000, 0x00000000a6e00000, 0x00000000a6f00000|  0%| F|  |TAMS 0x00000000a6e00000, 0x00000000a6e00000| Untracked 
|  73|0x00000000a6f00000, 0x00000000a6f00000, 0x00000000a7000000|  0%| F|  |TAMS 0x00000000a6f00000, 0x00000000a6f00000| Untracked 
|  74|0x00000000a7000000, 0x00000000a7000000, 0x00000000a7100000|  0%| F|  |TAMS 0x00000000a7000000, 0x00000000a7000000| Untracked 
|  75|0x00000000a7100000, 0x00000000a7100000, 0x00000000a7200000|  0%| F|  |TAMS 0x00000000a7100000, 0x00000000a7100000| Untracked 
|  76|0x00000000a7200000, 0x00000000a7200000, 0x00000000a7300000|  0%| F|  |TAMS 0x00000000a7200000, 0x00000000a7200000| Untracked 
|  77|0x00000000a7300000, 0x00000000a7300000, 0x00000000a7400000|  0%| F|  |TAMS 0x00000000a7300000, 0x00000000a7300000| Untracked 
|  78|0x00000000a7400000, 0x00000000a7400000, 0x00000000a7500000|  0%| F|  |TAMS 0x00000000a7400000, 0x00000000a7400000| Untracked 
|  79|0x00000000a7500000, 0x00000000a7500000, 0x00000000a7600000|  0%| F|  |TAMS 0x00000000a7500000, 0x00000000a7500000| Untracked 
|  80|0x00000000a7600000, 0x00000000a7600000, 0x00000000a7700000|  0%| F|  |TAMS 0x00000000a7600000, 0x00000000a7600000| Untracked 
|  81|0x00000000a7700000, 0x00000000a7700000, 0x00000000a7800000|  0%| F|  |TAMS 0x00000000a7700000, 0x00000000a7700000| Untracked 
|  82|0x00000000a7800000, 0x00000000a7800000, 0x00000000a7900000|  0%| F|  |TAMS 0x00000000a7800000, 0x00000000a7800000| Untracked 
|  83|0x00000000a7900000, 0x00000000a7900000, 0x00000000a7a00000|  0%| F|  |TAMS 0x00000000a7900000, 0x00000000a7900000| Untracked 
|  84|0x00000000a7a00000, 0x00000000a7a00000, 0x00000000a7b00000|  0%| F|  |TAMS 0x00000000a7a00000, 0x00000000a7a00000| Untracked 
|  85|0x00000000a7b00000, 0x00000000a7b00000, 0x00000000a7c00000|  0%| F|  |TAMS 0x00000000a7b00000, 0x00000000a7b00000| Untracked 
|  86|0x00000000a7c00000, 0x00000000a7c00000, 0x00000000a7d00000|  0%| F|  |TAMS 0x00000000a7c00000, 0x00000000a7c00000| Untracked 
|  87|0x00000000a7d00000, 0x00000000a7d00000, 0x00000000a7e00000|  0%| F|  |TAMS 0x00000000a7d00000, 0x00000000a7d00000| Untracked 
|  88|0x00000000a7e00000, 0x00000000a7e00000, 0x00000000a7f00000|  0%| F|  |TAMS 0x00000000a7e00000, 0x00000000a7e00000| Untracked 
|  89|0x00000000a7f00000, 0x00000000a7f00000, 0x00000000a8000000|  0%| F|  |TAMS 0x00000000a7f00000, 0x00000000a7f00000| Untracked 
|  90|0x00000000a8000000, 0x00000000a8000000, 0x00000000a8100000|  0%| F|  |TAMS 0x00000000a8000000, 0x00000000a8000000| Untracked 
|  91|0x00000000a8100000, 0x00000000a8100000, 0x00000000a8200000|  0%| F|  |TAMS 0x00000000a8100000, 0x00000000a8100000| Untracked 
|  92|0x00000000a8200000, 0x00000000a8200000, 0x00000000a8300000|  0%| F|  |TAMS 0x00000000a8200000, 0x00000000a8200000| Untracked 
|  93|0x00000000a8300000, 0x00000000a8300000, 0x00000000a8400000|  0%| F|  |TAMS 0x00000000a8300000, 0x00000000a8300000| Untracked 
|  94|0x00000000a8400000, 0x00000000a8400000, 0x00000000a8500000|  0%| F|  |TAMS 0x00000000a8400000, 0x00000000a8400000| Untracked 
|  95|0x00000000a8500000, 0x00000000a8500000, 0x00000000a8600000|  0%| F|  |TAMS 0x00000000a8500000, 0x00000000a8500000| Untracked 
|  96|0x00000000a8600000, 0x00000000a8600000, 0x00000000a8700000|  0%| F|  |TAMS 0x00000000a8600000, 0x00000000a8600000| Untracked 
|  97|0x00000000a8700000, 0x00000000a8700000, 0x00000000a8800000|  0%| F|  |TAMS 0x00000000a8700000, 0x00000000a8700000| Untracked 
|  98|0x00000000a8800000, 0x00000000a8800000, 0x00000000a8900000|  0%| F|  |TAMS 0x00000000a8800000, 0x00000000a8800000| Untracked 
|  99|0x00000000a8900000, 0x00000000a8900000, 0x00000000a8a00000|  0%| F|  |TAMS 0x00000000a8900000, 0x00000000a8900000| Untracked 
| 100|0x00000000a8a00000, 0x00000000a8a00000, 0x00000000a8b00000|  0%| F|  |TAMS 0x00000000a8a00000, 0x00000000a8a00000| Untracked 
| 101|0x00000000a8b00000, 0x00000000a8b00000, 0x00000000a8c00000|  0%| F|  |TAMS 0x00000000a8b00000, 0x00000000a8b00000| Untracked 
| 102|0x00000000a8c00000, 0x00000000a8c00000, 0x00000000a8d00000|  0%| F|  |TAMS 0x00000000a8c00000, 0x00000000a8c00000| Untracked 
| 103|0x00000000a8d00000, 0x00000000a8d00000, 0x00000000a8e00000|  0%| F|  |TAMS 0x00000000a8d00000, 0x00000000a8d00000| Untracked 
| 104|0x00000000a8e00000, 0x00000000a8e00000, 0x00000000a8f00000|  0%| F|  |TAMS 0x00000000a8e00000, 0x00000000a8e00000| Untracked 
| 105|0x00000000a8f00000, 0x00000000a9000000, 0x00000000a9000000|100%| S|CS|TAMS 0x00000000a8f00000, 0x00000000a8f00000| Complete 
| 106|0x00000000a9000000, 0x00000000a9100000, 0x00000000a9100000|100%| S|CS|TAMS 0x00000000a9000000, 0x00000000a9000000| Complete 
| 107|0x00000000a9100000, 0x00000000a9200000, 0x00000000a9200000|100%| S|CS|TAMS 0x00000000a9100000, 0x00000000a9100000| Complete 
| 108|0x00000000a9200000, 0x00000000a9300000, 0x00000000a9300000|100%| S|CS|TAMS 0x00000000a9200000, 0x00000000a9200000| Complete 
| 109|0x00000000a9300000, 0x00000000a9300000, 0x00000000a9400000|  0%| F|  |TAMS 0x00000000a9300000, 0x00000000a9300000| Untracked 
| 110|0x00000000a9400000, 0x00000000a9400000, 0x00000000a9500000|  0%| F|  |TAMS 0x00000000a9400000, 0x00000000a9400000| Untracked 
| 111|0x00000000a9500000, 0x00000000a9500000, 0x00000000a9600000|  0%| F|  |TAMS 0x00000000a9500000, 0x00000000a9500000| Untracked 
| 112|0x00000000a9600000, 0x00000000a9600000, 0x00000000a9700000|  0%| F|  |TAMS 0x00000000a9600000, 0x00000000a9600000| Untracked 
| 113|0x00000000a9700000, 0x00000000a9700000, 0x00000000a9800000|  0%| F|  |TAMS 0x00000000a9700000, 0x00000000a9700000| Untracked 
| 114|0x00000000a9800000, 0x00000000a9800000, 0x00000000a9900000|  0%| F|  |TAMS 0x00000000a9800000, 0x00000000a9800000| Untracked 
| 115|0x00000000a9900000, 0x00000000a9900000, 0x00000000a9a00000|  0%| F|  |TAMS 0x00000000a9900000, 0x00000000a9900000| Untracked 
| 116|0x00000000a9a00000, 0x00000000a9a00000, 0x00000000a9b00000|  0%| F|  |TAMS 0x00000000a9a00000, 0x00000000a9a00000| Untracked 
| 117|0x00000000a9b00000, 0x00000000a9b00000, 0x00000000a9c00000|  0%| F|  |TAMS 0x00000000a9b00000, 0x00000000a9b00000| Untracked 
| 118|0x00000000a9c00000, 0x00000000a9c00000, 0x00000000a9d00000|  0%| F|  |TAMS 0x00000000a9c00000, 0x00000000a9c00000| Untracked 
| 119|0x00000000a9d00000, 0x00000000a9d00000, 0x00000000a9e00000|  0%| F|  |TAMS 0x00000000a9d00000, 0x00000000a9d00000| Untracked 
| 120|0x00000000a9e00000, 0x00000000a9e00000, 0x00000000a9f00000|  0%| F|  |TAMS 0x00000000a9e00000, 0x00000000a9e00000| Untracked 
| 121|0x00000000a9f00000, 0x00000000a9f00000, 0x00000000aa000000|  0%| F|  |TAMS 0x00000000a9f00000, 0x00000000a9f00000| Untracked 
| 122|0x00000000aa000000, 0x00000000aa000000, 0x00000000aa100000|  0%| F|  |TAMS 0x00000000aa000000, 0x00000000aa000000| Untracked 
| 123|0x00000000aa100000, 0x00000000aa100000, 0x00000000aa200000|  0%| F|  |TAMS 0x00000000aa100000, 0x00000000aa100000| Untracked 
| 124|0x00000000aa200000, 0x00000000aa200000, 0x00000000aa300000|  0%| F|  |TAMS 0x00000000aa200000, 0x00000000aa200000| Untracked 
| 125|0x00000000aa300000, 0x00000000aa300000, 0x00000000aa400000|  0%| F|  |TAMS 0x00000000aa300000, 0x00000000aa300000| Untracked 
| 126|0x00000000aa400000, 0x00000000aa400000, 0x00000000aa500000|  0%| F|  |TAMS 0x00000000aa400000, 0x00000000aa400000| Untracked 
| 127|0x00000000aa500000, 0x00000000aa500000, 0x00000000aa600000|  0%| F|  |TAMS 0x00000000aa500000, 0x00000000aa500000| Untracked 
| 128|0x00000000aa600000, 0x00000000aa600000, 0x00000000aa700000|  0%| F|  |TAMS 0x00000000aa600000, 0x00000000aa600000| Untracked 

Card table byte_map: [0x000001efe8690000,0x000001efe8980000] _byte_map_base: 0x000001efe817d000

Marking Bits (Prev, Next): (CMBitMap*) 0x000001efdd4d16c0, (CMBitMap*) 0x000001efdd4d1700
 Prev Bits: [0x000001efe8c70000, 0x000001efea3d8000)
 Next Bits: [0x000001efea3e0000, 0x000001efebb48000)

Polling page: 0x000001efdb380000

Metaspace:

Usage:
  Non-class:     57.67 MB used.
      Class:      9.69 MB used.
       Both:     67.36 MB used.

Virtual space:
  Non-class space:       64.00 MB reserved,      58.00 MB ( 91%) committed,  1 nodes.
      Class space:        1.00 GB reserved,       9.94 MB ( <1%) committed,  1 nodes.
             Both:        1.06 GB reserved,      67.94 MB (  6%) committed. 

Chunk freelists:
   Non-Class:  5.42 MB
       Class:  6.10 MB
        Both:  11.52 MB

MaxMetaspaceSize: unlimited
CompressedClassSpaceSize: 1.00 GB
Initial GC threshold: 21.00 MB
Current GC threshold: 113.25 MB
CDS: on
MetaspaceReclaimPolicy: balanced
 - commit_granule_bytes: 65536.
 - commit_granule_words: 8192.
 - virtual_space_node_default_size: 8388608.
 - enlarge_chunks_in_place: 1.
 - new_chunks_are_fully_committed: 0.
 - uncommit_free_chunks: 1.
 - use_allocation_guard: 0.
 - handle_deallocations: 1.


Internal statistics:

num_allocs_failed_limit: 11.
num_arena_births: 832.
num_arena_deaths: 0.
num_vsnodes_births: 2.
num_vsnodes_deaths: 0.
num_space_committed: 1087.
num_space_uncommitted: 0.
num_chunks_returned_to_freelist: 11.
num_chunks_taken_from_freelist: 3258.
num_chunk_merges: 11.
num_chunk_splits: 2372.
num_chunks_enlarged: 1840.
num_inconsistent_stats: 0.

CodeCache: size=49152Kb used=13184Kb max_used=13184Kb free=35967Kb
 bounds [0x000001efe4d30000, 0x000001efe5a20000, 0x000001efe7d30000]
 total_blobs=6928 nmethods=6252 adapters=598
 compilation: enabled
              stopped_count=0, restarted_count=0
 full_count=0

Compilation events (20 events):
Event: 25.272 Thread 0x000001eff3a95360 nmethod 6243 0x000001efe5a09e10 code [0x000001efe5a09fc0, 0x000001efe5a0a2d8]
Event: 25.272 Thread 0x000001eff5924030 nmethod 6242 0x000001efe5a0a490 code [0x000001efe5a0a6a0, 0x000001efe5a0ac28]
Event: 25.273 Thread 0x000001eff5924030 6244       1       java.lang.module.ModuleReference::location (8 bytes)
Event: 25.273 Thread 0x000001eff5924030 nmethod 6244 0x000001efe5a0af90 code [0x000001efe5a0b120, 0x000001efe5a0b2b8]
Event: 25.273 Thread 0x000001efeeacdda0 6245   !   1       jdk.internal.reflect.GeneratedMethodAccessor33::invoke (64 bytes)
Event: 25.273 Thread 0x000001eff3a95360 6246   !   1       jdk.internal.reflect.GeneratedMethodAccessor34::invoke (61 bytes)
Event: 25.273 Thread 0x000001efeeacdda0 nmethod 6245 0x000001efe5a0b390 code [0x000001efe5a0b580, 0x000001efe5a0b988]
Event: 25.273 Thread 0x000001eff3a95360 nmethod 6246 0x000001efe5a0bc10 code [0x000001efe5a0be00, 0x000001efe5a0c298]
Event: 25.274 Thread 0x000001efeeacdda0 6247       1       java.util.ComparableTimSort::mergeHi (729 bytes)
Event: 25.275 Thread 0x000001efeeacdda0 nmethod 6247 0x000001efe5a0c590 code [0x000001efe5a0c880, 0x000001efe5a0e1d8]
Event: 25.275 Thread 0x000001efeeacdda0 6248       1       java.lang.WeakPairMap::expungeStaleAssociations (31 bytes)
Event: 25.276 Thread 0x000001efeeacdda0 nmethod 6248 0x000001efe5a0e910 code [0x000001efe5a0eae0, 0x000001efe5a0eda8]
Event: 25.287 Thread 0x000001eff3a95360 6249       1       java.util.concurrent.locks.AbstractQueuedSynchronizer::acquire (20 bytes)
Event: 25.287 Thread 0x000001eff5924030 6250       1       java.util.IdentityHashMap::<init> (44 bytes)
Event: 25.287 Thread 0x000001eff3a95360 nmethod 6249 0x000001efe5a0ef90 code [0x000001efe5a0f140, 0x000001efe5a0f298]
Event: 25.287 Thread 0x000001eff3a95360 6251       1       java.util.IdentityHashMap::capacity (29 bytes)
Event: 25.287 Thread 0x000001eff3a95360 nmethod 6251 0x000001efe5a0f390 code [0x000001efe5a0f520, 0x000001efe5a0f628]
Event: 25.288 Thread 0x000001eff5924030 nmethod 6250 0x000001efe5a0f710 code [0x000001efe5a0f900, 0x000001efe5a0fe48]
Event: 25.288 Thread 0x000001eff3a95360 6252       1       java.util.concurrent.ThreadPoolExecutor::getThreadFactory (5 bytes)
Event: 25.288 Thread 0x000001eff3a95360 nmethod 6252 0x000001efe5a10090 code [0x000001efe5a10220, 0x000001efe5a102f8]

GC Heap History (20 events):
Event: 22.838 GC heap after
{Heap after GC invocations=12 (full 0):
 garbage-first heap   total 86016K, used 29276K [0x00000000a2600000, 0x0000000100000000)
  region size 1024K, 3 young (3072K), 3 survivors (3072K)
 Metaspace       used 57911K, committed 58368K, reserved 1114112K
  class space    used 8292K, committed 8512K, reserved 1048576K
}
Event: 23.111 GC heap before
{Heap before GC invocations=12 (full 0):
 garbage-first heap   total 86016K, used 36444K [0x00000000a2600000, 0x0000000100000000)
  region size 1024K, 11 young (11264K), 3 survivors (3072K)
 Metaspace       used 59617K, committed 60096K, reserved 1114112K
  class space    used 8592K, committed 8832K, reserved 1048576K
}
Event: 23.114 GC heap after
{Heap after GC invocations=13 (full 0):
 garbage-first heap   total 86016K, used 29440K [0x00000000a2600000, 0x0000000100000000)
  region size 1024K, 3 young (3072K), 3 survivors (3072K)
 Metaspace       used 59617K, committed 60096K, reserved 1114112K
  class space    used 8592K, committed 8832K, reserved 1048576K
}
Event: 24.215 GC heap before
{Heap before GC invocations=14 (full 0):
 garbage-first heap   total 86016K, used 66304K [0x00000000a2600000, 0x0000000100000000)
  region size 1024K, 39 young (39936K), 3 survivors (3072K)
 Metaspace       used 65362K, committed 65856K, reserved 1114112K
  class space    used 9440K, committed 9664K, reserved 1048576K
}
Event: 24.219 GC heap after
{Heap after GC invocations=15 (full 0):
 garbage-first heap   total 86016K, used 31994K [0x00000000a2600000, 0x0000000100000000)
  region size 1024K, 5 young (5120K), 5 survivors (5120K)
 Metaspace       used 65362K, committed 65856K, reserved 1114112K
  class space    used 9440K, committed 9664K, reserved 1048576K
}
Event: 24.991 GC heap before
{Heap before GC invocations=15 (full 0):
 garbage-first heap   total 86016K, used 67834K [0x00000000a2600000, 0x0000000100000000)
  region size 1024K, 40 young (40960K), 5 survivors (5120K)
 Metaspace       used 68887K, committed 69504K, reserved 1114112K
  class space    used 9914K, committed 10176K, reserved 1048576K
}
Event: 24.998 GC heap after
{Heap after GC invocations=16 (full 0):
 garbage-first heap   total 86016K, used 37889K [0x00000000a2600000, 0x0000000100000000)
  region size 1024K, 5 young (5120K), 5 survivors (5120K)
 Metaspace       used 68887K, committed 69504K, reserved 1114112K
  class space    used 9914K, committed 10176K, reserved 1048576K
}
Event: 25.060 GC heap before
{Heap before GC invocations=16 (full 0):
 garbage-first heap   total 86016K, used 66561K [0x00000000a2600000, 0x0000000100000000)
  region size 1024K, 33 young (33792K), 5 survivors (5120K)
 Metaspace       used 68888K, committed 69504K, reserved 1114112K
  class space    used 9914K, committed 10176K, reserved 1048576K
}
Event: 25.066 GC heap after
{Heap after GC invocations=17 (full 0):
 garbage-first heap   total 86016K, used 43003K [0x00000000a2600000, 0x0000000100000000)
  region size 1024K, 5 young (5120K), 5 survivors (5120K)
 Metaspace       used 68888K, committed 69504K, reserved 1114112K
  class space    used 9914K, committed 10176K, reserved 1048576K
}
Event: 25.078 GC heap before
{Heap before GC invocations=17 (full 0):
 garbage-first heap   total 86016K, used 51195K [0x00000000a2600000, 0x0000000100000000)
  region size 1024K, 14 young (14336K), 5 survivors (5120K)
 Metaspace       used 68888K, committed 69504K, reserved 1114112K
  class space    used 9914K, committed 10176K, reserved 1048576K
}
Event: 25.082 GC heap after
{Heap after GC invocations=18 (full 0):
 garbage-first heap   total 115712K, used 45371K [0x00000000a2600000, 0x0000000100000000)
  region size 1024K, 3 young (3072K), 3 survivors (3072K)
 Metaspace       used 68888K, committed 69504K, reserved 1114112K
  class space    used 9914K, committed 10176K, reserved 1048576K
}
Event: 25.195 GC heap before
{Heap before GC invocations=18 (full 0):
 garbage-first heap   total 115712K, used 85307K [0x00000000a2600000, 0x0000000100000000)
  region size 1024K, 41 young (41984K), 3 survivors (3072K)
 Metaspace       used 68980K, committed 69568K, reserved 1114112K
  class space    used 9927K, committed 10176K, reserved 1048576K
}
Event: 25.202 GC heap after
{Heap after GC invocations=19 (full 0):
 garbage-first heap   total 115712K, used 57006K [0x00000000a2600000, 0x0000000100000000)
  region size 1024K, 6 young (6144K), 6 survivors (6144K)
 Metaspace       used 68980K, committed 69568K, reserved 1114112K
  class space    used 9927K, committed 10176K, reserved 1048576K
}
Event: 25.216 GC heap before
{Heap before GC invocations=19 (full 0):
 garbage-first heap   total 115712K, used 70318K [0x00000000a2600000, 0x0000000100000000)
  region size 1024K, 20 young (20480K), 6 survivors (6144K)
 Metaspace       used 68980K, committed 69568K, reserved 1114112K
  class space    used 9927K, committed 10176K, reserved 1048576K
}
Event: 25.221 GC heap after
{Heap after GC invocations=20 (full 0):
 garbage-first heap   total 115712K, used 60097K [0x00000000a2600000, 0x0000000100000000)
  region size 1024K, 4 young (4096K), 4 survivors (4096K)
 Metaspace       used 68980K, committed 69568K, reserved 1114112K
  class space    used 9927K, committed 10176K, reserved 1048576K
}
Event: 25.298 GC heap before
{Heap before GC invocations=21 (full 0):
 garbage-first heap   total 132096K, used 87745K [0x00000000a2600000, 0x0000000100000000)
  region size 1024K, 31 young (31744K), 4 survivors (4096K)
 Metaspace       used 68980K, committed 69568K, reserved 1114112K
  class space    used 9927K, committed 10176K, reserved 1048576K
}
Event: 25.304 GC heap after
{Heap after GC invocations=22 (full 0):
 garbage-first heap   total 132096K, used 68506K [0x00000000a2600000, 0x0000000100000000)
  region size 1024K, 4 young (4096K), 4 survivors (4096K)
 Metaspace       used 68980K, committed 69568K, reserved 1114112K
  class space    used 9927K, committed 10176K, reserved 1048576K
}
Event: 25.306 GC heap before
{Heap before GC invocations=22 (full 0):
 garbage-first heap   total 132096K, used 70554K [0x00000000a2600000, 0x0000000100000000)
  region size 1024K, 6 young (6144K), 4 survivors (4096K)
 Metaspace       used 68980K, committed 69568K, reserved 1114112K
  class space    used 9927K, committed 10176K, reserved 1048576K
}
Event: 25.308 GC heap after
{Heap after GC invocations=23 (full 0):
 garbage-first heap   total 132096K, used 68838K [0x00000000a2600000, 0x0000000100000000)
  region size 1024K, 1 young (1024K), 1 survivors (1024K)
 Metaspace       used 68980K, committed 69568K, reserved 1114112K
  class space    used 9927K, committed 10176K, reserved 1048576K
}
Event: 25.325 GC heap before
{Heap before GC invocations=23 (full 0):
 garbage-first heap   total 132096K, used 87270K [0x00000000a2600000, 0x0000000100000000)
  region size 1024K, 20 young (20480K), 1 survivors (1024K)
 Metaspace       used 68980K, committed 69568K, reserved 1114112K
  class space    used 9927K, committed 10176K, reserved 1048576K
}

Deoptimization events (4 events):
Event: 23.860 Thread 0x000001efdd4861d0 DEOPT PACKING pc=0x000001efe53446a4 sp=0x000000e4a8bfc410
Event: 23.860 Thread 0x000001efdd4861d0 DEOPT UNPACKING pc=0x000001efe4d82b43 sp=0x000000e4a8bfb968 mode 0
Event: 24.151 Thread 0x000001efdd4861d0 DEOPT PACKING pc=0x000001efe5148fa2 sp=0x000000e4a8bfdc20
Event: 24.151 Thread 0x000001efdd4861d0 DEOPT UNPACKING pc=0x000001efe4d82b43 sp=0x000000e4a8bfd128 mode 3

Classes unloaded (0 events):
No events

Classes redefined (0 events):
No events

Internal exceptions (20 events):
Event: 25.289 Thread 0x000001eff3a66980 Exception <a 'sun/nio/fs/WindowsException'{0x00000000aa5fb600}> (0x00000000aa5fb600) 
thrown [s\open\src\hotspot\share\prims\jni.cpp, line 516]
Event: 25.289 Thread 0x000001eff3a66980 Exception <a 'sun/nio/fs/WindowsException'{0x00000000aa5fb900}> (0x00000000aa5fb900) 
thrown [s\open\src\hotspot\share\prims\jni.cpp, line 516]
Event: 25.290 Thread 0x000001eff3a66980 Exception <a 'sun/nio/fs/WindowsException'{0x00000000aa5fc278}> (0x00000000aa5fc278) 
thrown [s\open\src\hotspot\share\prims\jni.cpp, line 516]
Event: 25.290 Thread 0x000001eff3a66980 Exception <a 'sun/nio/fs/WindowsException'{0x00000000aa5fc5a8}> (0x00000000aa5fc5a8) 
thrown [s\open\src\hotspot\share\prims\jni.cpp, line 516]
Event: 25.291 Thread 0x000001eff3a66980 Exception <a 'sun/nio/fs/WindowsException'{0x00000000aa5fcef8}> (0x00000000aa5fcef8) 
thrown [s\open\src\hotspot\share\prims\jni.cpp, line 516]
Event: 25.293 Thread 0x000001eff3a66980 Exception <a 'sun/nio/fs/WindowsException'{0x00000000aa5fd1f8}> (0x00000000aa5fd1f8) 
thrown [s\open\src\hotspot\share\prims\jni.cpp, line 516]
Event: 25.293 Thread 0x000001eff3a66980 Exception <a 'sun/nio/fs/WindowsException'{0x00000000aa2e4520}> (0x00000000aa2e4520) 
thrown [s\open\src\hotspot\share\prims\jni.cpp, line 516]
Event: 25.293 Thread 0x000001eff3a66980 Exception <a 'sun/nio/fs/WindowsException'{0x00000000aa2e47f0}> (0x00000000aa2e47f0) 
thrown [s\open\src\hotspot\share\prims\jni.cpp, line 516]
Event: 25.293 Thread 0x000001eff3a66980 Exception <a 'sun/nio/fs/WindowsException'{0x00000000aa2e5128}> (0x00000000aa2e5128) 
thrown [s\open\src\hotspot\share\prims\jni.cpp, line 516]
Event: 25.293 Thread 0x000001eff3a66980 Exception <a 'sun/nio/fs/WindowsException'{0x00000000aa2e5418}> (0x00000000aa2e5418) 
thrown [s\open\src\hotspot\share\prims\jni.cpp, line 516]
Event: 25.293 Thread 0x000001eff3a66980 Exception <a 'sun/nio/fs/WindowsException'{0x00000000aa2e5d40}> (0x00000000aa2e5d40) 
thrown [s\open\src\hotspot\share\prims\jni.cpp, line 516]
Event: 25.293 Thread 0x000001eff3a66980 Exception <a 'sun/nio/fs/WindowsException'{0x00000000aa2e6010}> (0x00000000aa2e6010) 
thrown [s\open\src\hotspot\share\prims\jni.cpp, line 516]
Event: 25.293 Thread 0x000001eff3a66980 Exception <a 'sun/nio/fs/WindowsException'{0x00000000aa2e6948}> (0x00000000aa2e6948) 
thrown [s\open\src\hotspot\share\prims\jni.cpp, line 516]
Event: 25.293 Thread 0x000001eff3a66980 Exception <a 'sun/nio/fs/WindowsException'{0x00000000aa2e6c38}> (0x00000000aa2e6c38) 
thrown [s\open\src\hotspot\share\prims\jni.cpp, line 516]
Event: 25.293 Thread 0x000001eff3a66980 Exception <a 'sun/nio/fs/WindowsException'{0x00000000aa2e7588}> (0x00000000aa2e7588) 
thrown [s\open\src\hotspot\share\prims\jni.cpp, line 516]
Event: 25.293 Thread 0x000001eff3a66980 Exception <a 'sun/nio/fs/WindowsException'{0x00000000aa2e7888}> (0x00000000aa2e7888) 
thrown [s\open\src\hotspot\share\prims\jni.cpp, line 516]
Event: 25.294 Thread 0x000001eff3a66980 Exception <a 'sun/nio/fs/WindowsException'{0x00000000aa2e81f0}> (0x00000000aa2e81f0) 
thrown [s\open\src\hotspot\share\prims\jni.cpp, line 516]
Event: 25.294 Thread 0x000001eff3a66980 Exception <a 'sun/nio/fs/WindowsException'{0x00000000aa2e8510}> (0x00000000aa2e8510) 
thrown [s\open\src\hotspot\share\prims\jni.cpp, line 516]
Event: 25.294 Thread 0x000001eff3a66980 Exception <a 'sun/nio/fs/WindowsException'{0x00000000aa2e8e70}> (0x00000000aa2e8e70) 
thrown [s\open\src\hotspot\share\prims\jni.cpp, line 516]
Event: 25.294 Thread 0x000001eff3a66980 Exception <a 'sun/nio/fs/WindowsException'{0x00000000aa2e9190}> (0x00000000aa2e9190) 
thrown [s\open\src\hotspot\share\prims\jni.cpp, line 516]

VM Operations (20 events):
Event: 25.082 Executing VM operation: G1TryInitiateConcMark done
Event: 25.123 Executing VM operation: HandshakeAllThreads
Event: 25.123 Executing VM operation: HandshakeAllThreads done
Event: 25.123 Executing VM operation: HandshakeAllThreads
Event: 25.124 Executing VM operation: HandshakeAllThreads done
Event: 25.195 Executing VM operation: G1CollectForAllocation
Event: 25.203 Executing VM operation: G1CollectForAllocation done
Event: 25.216 Executing VM operation: G1TryInitiateConcMark
Event: 25.221 Executing VM operation: G1TryInitiateConcMark done
Event: 25.258 Executing VM operation: G1Concurrent
Event: 25.261 Executing VM operation: G1Concurrent done
Event: 25.271 Executing VM operation: G1Concurrent
Event: 25.272 Executing VM operation: G1Concurrent done
Event: 25.298 Executing VM operation: G1CollectForAllocation
Event: 25.304 Executing VM operation: G1CollectForAllocation done
Event: 25.305 Executing VM operation: G1CollectForAllocation
Event: 25.308 Executing VM operation: G1CollectForAllocation done
Event: 25.324 Executing VM operation: G1TryInitiateConcMark
Event: 25.324 Executing VM operation: G1TryInitiateConcMark done
Event: 25.324 Executing VM operation: G1TryInitiateConcMark

Events (20 events):
Event: 25.286 Thread 0x000001eff3a6ab50 Thread added: 0x000001eff3a6ab50
Event: 25.286 Thread 0x000001eff3a6b060 Thread added: 0x000001eff3a6b060
Event: 25.286 Thread 0x000001eff3a678b0 Thread added: 0x000001eff3a678b0
Event: 25.286 Thread 0x000001eff3a6ba80 Thread added: 0x000001eff3a6ba80
Event: 25.286 Thread 0x000001eff3a6d3d0 Thread added: 0x000001eff3a6d3d0
Event: 25.286 Thread 0x000001eff3a6b570 Thread added: 0x000001eff3a6b570
Event: 25.286 Thread 0x000001eff3a6bf90 Thread added: 0x000001eff3a6bf90
Event: 25.286 Thread 0x000001eff3a6c4a0 Thread added: 0x000001eff3a6c4a0
Event: 25.286 Thread 0x000001eff3a6c9b0 Thread added: 0x000001eff3a6c9b0
Event: 25.286 Thread 0x000001eff3a6cec0 Thread added: 0x000001eff3a6cec0
Event: 25.286 Thread 0x000001eff71f1470 Thread added: 0x000001eff71f1470
Event: 25.286 Thread 0x000001eff71f23a0 Thread added: 0x000001eff71f23a0
Event: 25.286 Thread 0x000001eff71f1980 Thread added: 0x000001eff71f1980
Event: 25.287 Thread 0x000001eff71f2dc0 Thread added: 0x000001eff71f2dc0
Event: 25.287 Thread 0x000001eff71f37e0 Thread added: 0x000001eff71f37e0
Event: 25.287 Thread 0x000001eff71f0030 Thread added: 0x000001eff71f0030
Event: 25.287 Thread 0x000001eff71f0540 Thread added: 0x000001eff71f0540
Event: 25.287 Thread 0x000001eff71f1e90 Thread added: 0x000001eff71f1e90
Event: 25.288 Thread 0x000001eff71f32d0 Thread added: 0x000001eff71f32d0
Event: 25.288 Thread 0x000001eff71f3cf0 Thread added: 0x000001eff71f3cf0


Dynamic libraries:
0x00007ff65ef40000 - 0x00007ff65ef50000 	C:\Program Files\Java\jdk-17\bin\java.exe
0x00007ffffdf00000 - 0x00007ffffe165000 	C:\WINDOWS\SYSTEM32\ntdll.dll
0x00007ffffc960000 - 0x00007ffffca29000 	C:\WINDOWS\System32\KERNEL32.DLL
0x00007ffffb0f0000 - 0x00007ffffb4d8000 	C:\WINDOWS\System32\KERNELBASE.dll
0x00007ffffb690000 - 0x00007ffffb7db000 	C:\WINDOWS\System32\ucrtbase.dll
0x00007fffe2d60000 - 0x00007fffe2d79000 	C:\Program Files\Java\jdk-17\bin\jli.dll
0x00007fffe2d40000 - 0x00007fffe2d5b000 	C:\Program Files\Java\jdk-17\bin\VCRUNTIME140.dll
0x00007ffffd180000 - 0x00007ffffd233000 	C:\WINDOWS\System32\ADVAPI32.dll
0x00007ffffbff0000 - 0x00007ffffc099000 	C:\WINDOWS\System32\msvcrt.dll
0x00007ffffd080000 - 0x00007ffffd126000 	C:\WINDOWS\System32\sechost.dll
0x00007ffffccc0000 - 0x00007ffffcdd5000 	C:\WINDOWS\System32\RPCRT4.dll
0x00007ffffbca0000 - 0x00007ffffbe6a000 	C:\WINDOWS\System32\USER32.dll
0x00007fffe9100000 - 0x00007fffe939a000 	C:\WINDOWS\WinSxS\amd64_microsoft.windows.common-controls_6595b64144ccf1df_6.0.26100.4202_none_3e0698d4e335f517\COMCTL32.dll
0x00007ffffb660000 - 0x00007ffffb687000 	C:\WINDOWS\System32\win32u.dll
0x00007ffffdd00000 - 0x00007ffffdd2b000 	C:\WINDOWS\System32\GDI32.dll
0x00007ffffbad0000 - 0x00007ffffbc07000 	C:\WINDOWS\System32\gdi32full.dll
0x00007ffffb7e0000 - 0x00007ffffb883000 	C:\WINDOWS\System32\msvcp_win.dll
0x00007ffff4c40000 - 0x00007ffff4c4b000 	C:\WINDOWS\SYSTEM32\VERSION.dll
0x00007ffffd130000 - 0x00007ffffd160000 	C:\WINDOWS\System32\IMM32.DLL
0x00007ffff80a0000 - 0x00007ffff80ac000 	C:\Program Files\Java\jdk-17\bin\vcruntime140_1.dll
0x00007fffb05c0000 - 0x00007fffb064e000 	C:\Program Files\Java\jdk-17\bin\msvcp140.dll
0x00007fff5aab0000 - 0x00007fff5b690000 	C:\Program Files\Java\jdk-17\bin\server\jvm.dll
0x00007ffffde50000 - 0x00007ffffde58000 	C:\WINDOWS\System32\PSAPI.DLL
0x00007ffff1770000 - 0x00007ffff17a5000 	C:\WINDOWS\SYSTEM32\WINMM.dll
0x00007fffe5560000 - 0x00007fffe556a000 	C:\WINDOWS\SYSTEM32\WSOCK32.dll
0x00007ffffc450000 - 0x00007ffffc4c4000 	C:\WINDOWS\System32\WS2_32.dll
0x00007ffff9e10000 - 0x00007ffff9e2b000 	C:\WINDOWS\SYSTEM32\kernel.appcore.dll
0x00007fffd9510000 - 0x00007fffd951a000 	C:\Program Files\Java\jdk-17\bin\jimage.dll
0x00007ffff2a70000 - 0x00007ffff2cb1000 	C:\WINDOWS\SYSTEM32\DBGHELP.DLL
0x00007ffffc0a0000 - 0x00007ffffc425000 	C:\WINDOWS\System32\combase.dll
0x00007ffffcde0000 - 0x00007ffffcec1000 	C:\WINDOWS\System32\OLEAUT32.dll
0x00007fffe9870000 - 0x00007fffe98a9000 	C:\WINDOWS\SYSTEM32\dbgcore.DLL
0x00007ffffb050000 - 0x00007ffffb0e9000 	C:\WINDOWS\System32\bcryptPrimitives.dll
0x00007ffff7ed0000 - 0x00007ffff7ede000 	C:\Program Files\Java\jdk-17\bin\instrument.dll
0x00007fffd50d0000 - 0x00007fffd50f5000 	C:\Program Files\Java\jdk-17\bin\java.dll
0x00007fff63000000 - 0x00007fff630d7000 	C:\Program Files\Java\jdk-17\bin\jsvml.dll
0x00007ffffd5b0000 - 0x00007ffffdcf2000 	C:\WINDOWS\System32\SHELL32.dll
0x00007ffffb4e0000 - 0x00007ffffb654000 	C:\WINDOWS\System32\wintypes.dll
0x00007ffff8cf0000 - 0x00007ffff9548000 	C:\WINDOWS\SYSTEM32\windows.storage.dll
0x00007ffffd4b0000 - 0x00007ffffd5a1000 	C:\WINDOWS\System32\SHCORE.dll
0x00007ffffd340000 - 0x00007ffffd3aa000 	C:\WINDOWS\System32\shlwapi.dll
0x00007ffffaf60000 - 0x00007ffffaf8f000 	C:\WINDOWS\SYSTEM32\profapi.dll
0x00007fffd32a0000 - 0x00007fffd32b8000 	C:\Program Files\Java\jdk-17\bin\zip.dll
0x00007fffd4c00000 - 0x00007fffd4c19000 	C:\Program Files\Java\jdk-17\bin\net.dll
0x00007ffff45a0000 - 0x00007ffff46be000 	C:\WINDOWS\SYSTEM32\WINHTTP.dll
0x00007ffffa380000 - 0x00007ffffa3ea000 	C:\WINDOWS\system32\mswsock.dll
0x00007fffd32c0000 - 0x00007fffd32d6000 	C:\Program Files\Java\jdk-17\bin\nio.dll
0x00007fffe1610000 - 0x00007fffe162a000 	C:\Program Files\JetBrains\IntelliJ IDEA 2024.2.1\bin\breakgen64.dll
0x00007ffff9930000 - 0x00007ffff9a57000 	C:\WINDOWS\SYSTEM32\DNSAPI.dll
0x00007ffff9840000 - 0x00007ffff9873000 	C:\WINDOWS\SYSTEM32\IPHLPAPI.DLL
0x00007ffffdd30000 - 0x00007ffffdd3a000 	C:\WINDOWS\System32\NSI.dll
0x00007ffff49a0000 - 0x00007ffff49ab000 	C:\Windows\System32\rasadhlp.dll
0x00007ffff1970000 - 0x00007ffff19f6000 	C:\WINDOWS\System32\fwpuclnt.dll
0x00007fffd3010000 - 0x00007fffd301a000 	C:\Program Files\Java\jdk-17\bin\management.dll
0x00007fffd2fe0000 - 0x00007fffd2feb000 	C:\Program Files\Java\jdk-17\bin\management_ext.dll
0x00007ffffa640000 - 0x00007ffffa65b000 	C:\WINDOWS\SYSTEM32\CRYPTSP.dll
0x00007ffff9d70000 - 0x00007ffff9daa000 	C:\WINDOWS\system32\rsaenh.dll
0x00007ffffa420000 - 0x00007ffffa44b000 	C:\WINDOWS\SYSTEM32\USERENV.dll
0x00007ffffaf30000 - 0x00007ffffaf56000 	C:\WINDOWS\SYSTEM32\bcrypt.dll
0x00007ffffa630000 - 0x00007ffffa63c000 	C:\WINDOWS\SYSTEM32\CRYPTBASE.dll
0x00007ffff4c50000 - 0x00007ffff4c6f000 	C:\WINDOWS\SYSTEM32\dhcpcsvc6.DLL
0x00007ffff49b0000 - 0x00007ffff49d5000 	C:\WINDOWS\SYSTEM32\dhcpcsvc.DLL
0x00007fff825d0000 - 0x00007fff825e8000 	C:\WINDOWS\system32\napinsp.dll
0x00007fff825b0000 - 0x00007fff825c2000 	C:\WINDOWS\System32\winrnr.dll
0x00007fffdee10000 - 0x00007fffdee40000 	C:\WINDOWS\system32\nlansp_c.dll
0x00007fffd6f70000 - 0x00007fffd6f90000 	C:\WINDOWS\system32\wshbth.dll
0x00007fffe7110000 - 0x00007fffe715e000 	C:\WINDOWS\SYSTEM32\pdh.dll
0x00007fffe2500000 - 0x00007fffe2512000 	C:\WINDOWS\System32\perfproc.dll
0x00007fffe24a0000 - 0x00007fffe24b1000 	C:\WINDOWS\System32\perfos.dll
0x00007ffff83f0000 - 0x00007ffff8402000 	C:\WINDOWS\SYSTEM32\pfclient.dll
0x00007fffea650000 - 0x00007fffea660000 	C:\Program Files\Java\jdk-17\bin\verify.dll
0x00007fffd2fd0000 - 0x00007fffd2fde000 	C:\Program Files\Java\jdk-17\bin\sunmscapi.dll
0x00007ffffb950000 - 0x00007ffffbac7000 	C:\WINDOWS\System32\CRYPT32.dll
0x00007ffffa850000 - 0x00007ffffa880000 	C:\WINDOWS\SYSTEM32\ncrypt.dll
0x00007ffffa800000 - 0x00007ffffa83f000 	C:\WINDOWS\SYSTEM32\NTASN1.dll

dbghelp: loaded successfully - version: 4.0.5 - missing functions: none
symbol engine: initialized successfully - sym options: 0x614 - pdb path: .;C:\Program Files\Java\jdk-17\bin;C:\WINDOWS\SYSTEM32;C:\WINDOWS\WinSxS\amd64_microsoft.windows.common-controls_6595b64144ccf1df_6.0.26100.4202_none_3e0698d4e335f517;C:\Program Files\Java\jdk-17\bin\server;C:\Program Files\JetBrains\IntelliJ IDEA 2024.2.1\bin

VM Arguments:
jvm_args: -XX:TieredStopAtLevel=1 -Dspring.output.ansi.enabled=always -Dcom.sun.management.jmxremote -Dspring.jmx.enabled=true -Dspring.liveBeansView.mbeanDomain -Dspring.application.admin.enabled=true -Dmanagement.endpoints.jmx.exposure.include=* -javaagent:C:\Program Files\JetBrains\IntelliJ IDEA 2024.2.1\lib\idea_rt.jar=53506:C:\Program Files\JetBrains\IntelliJ IDEA 2024.2.1\bin -Dfile.encoding=UTF-8 
java_command: com.example.mscliente.MsClienteApplication
java_class_path (initial): C:\ciclo-5\Contabilidad\sistema-ventas\jea-cliente\target\classes;C:\Users\josex\.m2\repository\org\springframework\boot\spring-boot-starter-data-jpa\3.1.3\spring-boot-starter-data-jpa-3.1.3.jar;C:\Users\josex\.m2\repository\org\springframework\boot\spring-boot-starter-aop\3.1.3\spring-boot-starter-aop-3.1.3.jar;C:\Users\josex\.m2\repository\org\springframework\spring-aop\6.0.11\spring-aop-6.0.11.jar;C:\Users\josex\.m2\repository\org\aspectj\aspectjweaver\1.9.20\aspectjweaver-1.9.20.jar;C:\Users\josex\.m2\repository\org\springframework\boot\spring-boot-starter-jdbc\3.1.3\spring-boot-starter-jdbc-3.1.3.jar;C:\Users\josex\.m2\repository\com\zaxxer\HikariCP\5.0.1\HikariCP-5.0.1.jar;C:\Users\josex\.m2\repository\org\springframework\spring-jdbc\6.0.11\spring-jdbc-6.0.11.jar;C:\Users\josex\.m2\repository\org\hibernate\orm\hibernate-core\6.2.7.Final\hibernate-core-6.2.7.Final.jar;C:\Users\josex\.m2\repository\jakarta\persistence\jakarta.persistence-api\3.1.0\jakarta.persistence-api-3.1.0.jar;C:\Users\josex\.m2\repository\jakarta\transaction\jakarta.transaction-api\2.0.1\jakarta.transaction-api-2.0.1.jar;C:\Users\josex\.m2\repository\org\jboss\logging\jboss-logging\3.5.3.Final\jboss-logging-3.5.3.Final.jar;C:\Users\josex\.m2\repository\org\hibernate\common\hibernate-commons-annotations\6.0.6.Final\hibernate-commons-annotations-6.0.6.Final.jar;C:\Users\josex\.m2\repository\io\smallrye\jandex\3.0.5\jandex-3.0.5.jar;C:\Users\josex\.m2\repository\com\fasterxml\classmate\1.5.1\classmate-1.5.1.jar;C:\Users\josex\.m2\repository\net\bytebuddy\byte-buddy\1.14.6\byte-buddy-1.14.6.jar;C:\Users\josex\.m2\repository\org\glassfish\jaxb\jaxb-runtime\4.0.3\jaxb-runtime-4.0.3.jar;C:\Users\josex\.m2\repository\org\glassfish\jaxb\jaxb-core\4.0.3\jaxb-core-4.0.3.jar;C:\Users\josex\.m2\repository\org\eclipse\angus\angus-activation\2.0.1\angus-activation-2.0.1.jar;C:\Users\josex\.m2\repository\org\glassfish\jaxb\txw2\4.0.3\txw2-4.0.3.jar;C:\Users\josex\.m2\repository
Launcher Type: SUN_STANDARD

[Global flags]
     intx CICompilerCount                          = 12                                        {product} {ergonomic}
     uint ConcGCThreads                            = 3                                         {product} {ergonomic}
     uint G1ConcRefinementThreads                  = 13                                        {product} {ergonomic}
   size_t G1HeapRegionSize                         = 1048576                                   {product} {ergonomic}
    uintx GCDrainStackTargetSize                   = 64                                        {product} {ergonomic}
   size_t InitialHeapSize                          = 98566144                                  {product} {ergonomic}
     bool ManagementServer                         = true                                      {product} {command line}
   size_t MarkStackSize                            = 4194304                                   {product} {ergonomic}
   size_t MaxHeapSize                              = 1570766848                                {product} {ergonomic}
   size_t MaxNewSize                               = 941621248                                 {product} {ergonomic}
   size_t MinHeapDeltaBytes                        = 1048576                                   {product} {ergonomic}
   size_t MinHeapSize                              = 8388608                                   {product} {ergonomic}
    uintx NonProfiledCodeHeapSize                  = 0                                      {pd product} {ergonomic}
     bool ProfileInterpreter                       = false                                  {pd product} {command line}
    uintx ProfiledCodeHeapSize                     = 0                                      {pd product} {ergonomic}
   size_t SoftMaxHeapSize                          = 1570766848                             {manageable} {ergonomic}
     intx TieredStopAtLevel                        = 1                                         {product} {command line}
     bool UseCompressedClassPointers               = true                           {product lp64_product} {ergonomic}
     bool UseCompressedOops                        = true                           {product lp64_product} {ergonomic}
     bool UseG1GC                                  = true                                      {product} {ergonomic}
     bool UseLargePagesIndividualAllocation        = false                                  {pd product} {ergonomic}

Logging:
Log output configuration:
 #0: stdout all=warning uptime,level,tags
 #1: stderr all=off uptime,level,tags

Environment Variables:
PATH=C:\Program Files\Common Files\Oracle\Java\javapath;C:\WINDOWS\system32;C:\WINDOWS;C:\WINDOWS\System32\Wbem;C:\WINDOWS\System32\WindowsPowerShell\v1.0\;C:\WINDOWS\System32\OpenSSH\;C:\Program Files\Git\cmd;C:\Users\josex\AppData\Roaming\nvm;C:\Program Files\nodejs;C:\Users\josex\AppData\Roaming\nvm;;C:\Program Files (x86)\Microchip\MPLAB C32 Suite\bin;C:\Users\josex\AppData\Local\Programs\Python\Launcher\;C:\Users\josex\AppData\Local\Microsoft\WindowsApps;C:\Users\josex\AppData\Local\Programs\Microsoft VS Code\bin;C:\Users\josex\AppData\Roaming\nvm;C:\Program Files\nodejs;C:\Program Files\JetBrains\WebStorm 2024.2.3\bin;;C:\Users\josex\AppData\Local\Programs\Windsurf\bin;
USERNAME=josex
OS=Windows_NT
PROCESSOR_IDENTIFIER=AMD64 Family 23 Model 104 Stepping 1, AuthenticAMD



---------------  S Y S T E M  ---------------

OS:
 Windows 11 , 64 bit Build 26100 (10.0.26100.4202)
OS uptime: 0 days 9:33 hours

CPU: total 16 (initial active 16) (16 cores per cpu, 2 threads per core) family 23 model 104 stepping 1 microcode 0x8608102, cx8, cmov, fxsr, ht, mmx, 3dnowpref, sse, sse2, sse3, ssse3, sse4a, sse4.1, sse4.2, popcnt, lzcnt, tsc, tscinvbit, avx, avx2, aes, clmul, bmi1, bmi2, adx, sha, fma, vzeroupper, clflush, clflushopt

Memory: 4k page, system-wide physical 5989M (974M free)
TotalPageFile size 24421M (AvailPageFile size 114M)
current process WorkingSet (physical memory assigned to process): 282M, peak: 282M
current process commit charge ("private bytes"): 361M, peak: 600M

vm_info: Java HotSpot(TM) 64-Bit Server VM (17.0.12+8-LTS-286) for windows-amd64 JRE (17.0.12+8-LTS-286), built on Jun  5 2024 06:46:59 by "mach5one" with MS VC++ 17.6 (VS2022)

END.
