#
# There is insufficient memory for the Java Runtime Environment to continue.
# Native memory allocation (mmap) failed to map 9437184 bytes for G1 virtual space
# Possible reasons:
#   The system is out of physical RAM or swap space
#   The process is running with CompressedOops enabled, and the Java Heap may be blocking the growth of the native heap
# Possible solutions:
#   Reduce memory load on the system
#   Increase physical memory or swap space
#   Check if swap backing store is full
#   Decrease Java heap size (-Xmx/-Xms)
#   Decrease number of Java threads
#   Decrease Java thread stack sizes (-Xss)
#   Set larger code cache with -XX:ReservedCodeCacheSize=
#   JVM is running with Unscaled Compressed Oops mode in which the Java heap is
#     placed in the first 4GB address space. The Java Heap base address is the
#     maximum limit for the native heap growth. Please use -XX:HeapBaseMinAddress
#     to set the Java Heap base and to place the Java Heap above 4GB virtual address.
# This output file may be truncated or incomplete.
#
#  Out of Memory Error (os_windows.cpp:3548), pid=16584, tid=25352
#
# JRE version: Java(TM) SE Runtime Environment (17.0.12+8) (build 17.0.12+8-LTS-286)
# Java VM: Java HotSpot(TM) 64-Bit Server VM (17.0.12+8-LTS-286, mixed mode, emulated-client, sharing, tiered, compressed oops, compressed class ptrs, g1 gc, windows-amd64)
# No core dump will be written. Minidumps are not enabled by default on client versions of Windows
#

---------------  S U M M A R Y ------------

Command Line: -XX:TieredStopAtLevel=1 -Dspring.output.ansi.enabled=always -Dcom.sun.management.jmxremote -Dspring.jmx.enabled=true -Dspring.liveBeansView.mbeanDomain -Dspring.application.admin.enabled=true -Dmanagement.endpoints.jmx.exposure.include=* -javaagent:C:\Program Files\JetBrains\IntelliJ IDEA 2024.2.1\lib\idea_rt.jar=55544:C:\Program Files\JetBrains\IntelliJ IDEA 2024.2.1\bin -Dfile.encoding=UTF-8 com.example.mscliente.MsClienteApplication

Host: AMD Ryzen 7 5700U with Radeon Graphics         , 16 cores, 5G,  Windows 11 , 64 bit Build 26100 (10.0.26100.4202)
Time: Sun Jun 29 09:16:14 2025 Hora est. Pacífico, Sudamérica elapsed time: 25.531044 seconds (0d 0h 0m 25s)

---------------  T H R E A D  ---------------

Current thread (0x000002055c3509c0):  VMThread "VM Thread" [stack: 0x000000c75b700000,0x000000c75b800000] [id=25352]

Stack: [0x000000c75b700000,0x000000c75b800000]
Native frames: (J=compiled Java code, j=interpreted, Vv=VM code, C=native code)
V  [jvm.dll+0x67a04a]
V  [jvm.dll+0x7da4ed]
V  [jvm.dll+0x7dbe33]
V  [jvm.dll+0x7dc4a3]
V  [jvm.dll+0x24508f]
V  [jvm.dll+0x677089]
V  [jvm.dll+0x66bd32]
V  [jvm.dll+0x301fa6]
V  [jvm.dll+0x309546]
V  [jvm.dll+0x359d2e]
V  [jvm.dll+0x359f5f]
V  [jvm.dll+0x2d9078]
V  [jvm.dll+0x2dc0e6]
V  [jvm.dll+0x2e67eb]
V  [jvm.dll+0x31a870]
V  [jvm.dll+0x7e0d9b]
V  [jvm.dll+0x7e1ad4]
V  [jvm.dll+0x7e1fed]
V  [jvm.dll+0x7e23c4]
V  [jvm.dll+0x7e2490]
V  [jvm.dll+0x78abea]
V  [jvm.dll+0x678f35]
C  [ucrtbase.dll+0x37b0]
C  [KERNEL32.DLL+0x2e8d7]
C  [ntdll.dll+0x3c34c]

VM_Operation (0x000000c75b3ff6b0): G1Concurrent, mode: safepoint, requested by thread 0x000002054aceff00


---------------  P R O C E S S  ---------------

Threads class SMR info:
_java_thread_list=0x0000020562a82ab0, length=50, elements={
0x000002054ac95270, 0x000002055c354370, 0x000002055c354e40, 0x000002055c3683c0,
0x000002055c36bdb0, 0x000002055c36c680, 0x000002055c36cf50, 0x000002055c36d8d0,
0x000002055c3761f0, 0x000002055c651da0, 0x0000020561335ce0, 0x00000205613361c0,
0x00000205615156b0, 0x00000205618e4400, 0x000002056192cfe0, 0x000002056193e3c0,
0x0000020561c95ed0, 0x0000020561c963e0, 0x0000020561c954b0, 0x0000020561c97310,
0x0000020561c97820, 0x0000020561c959c0, 0x00000205633b2fd0, 0x00000205633b39f0,
0x0000020563d90830, 0x00000205633b25b0, 0x00000205633b34e0, 0x00000205633b4920,
0x00000205633b5d60, 0x00000205633b4e30, 0x00000205633b5340, 0x00000205633b5850,
0x00000205633b6270, 0x00000205633b2ac0, 0x00000205633b9510, 0x00000205633b9000,
0x00000205633b9a20, 0x00000205633b6780, 0x00000205633b76b0, 0x00000205633b6c90,
0x00000205633b7bc0, 0x00000205633b71a0, 0x00000205633b80d0, 0x00000205633b8af0,
0x00000205633b85e0, 0x000002056411cd90, 0x000002056411e6e0, 0x0000020564120a50,
0x0000020564120540, 0x000002056411d2a0
}

Java Threads: ( => current thread )
  0x000002054ac95270 JavaThread "main" [_thread_blocked, id=8500, stack(0x000000c75b100000,0x000000c75b200000)]
  0x000002055c354370 JavaThread "Reference Handler" daemon [_thread_blocked, id=12440, stack(0x000000c75b800000,0x000000c75b900000)]
  0x000002055c354e40 JavaThread "Finalizer" daemon [_thread_blocked, id=13036, stack(0x000000c75b900000,0x000000c75ba00000)]
  0x000002055c3683c0 JavaThread "Signal Dispatcher" daemon [_thread_blocked, id=7748, stack(0x000000c75ba00000,0x000000c75bb00000)]
  0x000002055c36bdb0 JavaThread "Attach Listener" daemon [_thread_blocked, id=7080, stack(0x000000c75bb00000,0x000000c75bc00000)]
  0x000002055c36c680 JavaThread "Service Thread" daemon [_thread_blocked, id=5356, stack(0x000000c75bc00000,0x000000c75bd00000)]
  0x000002055c36cf50 JavaThread "Monitor Deflation Thread" daemon [_thread_blocked, id=5744, stack(0x000000c75bd00000,0x000000c75be00000)]
  0x000002055c36d8d0 JavaThread "C1 CompilerThread0" daemon [_thread_blocked, id=1808, stack(0x000000c75be00000,0x000000c75bf00000)]
  0x000002055c3761f0 JavaThread "Sweeper thread" daemon [_thread_blocked, id=23344, stack(0x000000c75bf00000,0x000000c75c000000)]
  0x000002055c651da0 JavaThread "Common-Cleaner" daemon [_thread_blocked, id=18524, stack(0x000000c75c000000,0x000000c75c100000)]
  0x0000020561335ce0 JavaThread "Monitor Ctrl-Break" daemon [_thread_in_native, id=11260, stack(0x000000c75c200000,0x000000c75c300000)]
  0x00000205613361c0 JavaThread "Notification Thread" daemon [_thread_blocked, id=21028, stack(0x000000c75c300000,0x000000c75c400000)]
  0x00000205615156b0 JavaThread "RMI TCP Accept-0" daemon [_thread_in_native, id=6396, stack(0x000000c75c400000,0x000000c75c500000)]
  0x00000205618e4400 JavaThread "RMI TCP Connection(1)-192.168.1.65" daemon [_thread_blocked, id=16500, stack(0x000000c75cc00000,0x000000c75cd00000)]
  0x000002056192cfe0 JavaThread "RMI Scheduler(0)" daemon [_thread_blocked, id=19828, stack(0x000000c75cd00000,0x000000c75ce00000)]
  0x000002056193e3c0 JavaThread "JMX server connection timeout 28" daemon [_thread_blocked, id=24032, stack(0x000000c75ce00000,0x000000c75cf00000)]
  0x0000020561c95ed0 JavaThread "RMI TCP Connection(2)-192.168.1.65" daemon [_thread_blocked, id=3588, stack(0x000000c75d600000,0x000000c75d700000)]
  0x0000020561c963e0 JavaThread "Keep-Alive-Timer" daemon [_thread_blocked, id=24736, stack(0x000000c75c100000,0x000000c75c200000)]
  0x0000020561c954b0 JavaThread "Catalina-utility-1" [_thread_blocked, id=22396, stack(0x000000c75db00000,0x000000c75dc00000)]
  0x0000020561c97310 JavaThread "Catalina-utility-2" [_thread_blocked, id=21388, stack(0x000000c75dc00000,0x000000c75dd00000)]
  0x0000020561c97820 JavaThread "container-0" [_thread_blocked, id=3208, stack(0x000000c75dd00000,0x000000c75de00000)]
  0x0000020561c959c0 JavaThread "mysql-cj-abandoned-connection-cleanup" daemon [_thread_blocked, id=11756, stack(0x000000c75de00000,0x000000c75df00000)]
  0x00000205633b2fd0 JavaThread "HikariPool-1 housekeeper" daemon [_thread_blocked, id=19316, stack(0x000000c75df00000,0x000000c75e000000)]
  0x00000205633b39f0 JavaThread "HikariPool-1 connection adder" daemon [_thread_blocked, id=13828, stack(0x000000c75e000000,0x000000c75e100000)]
  0x0000020563d90830 JavaThread "C1 CompilerThread1" daemon [_thread_blocked, id=4220, stack(0x000000c75d400000,0x000000c75d500000)]
  0x00000205633b25b0 JavaThread "ClassGraph-worker-0" daemon [_thread_blocked, id=21964, stack(0x000000c75d700000,0x000000c75d800000)]
  0x00000205633b34e0 JavaThread "ClassGraph-worker-1" daemon [_thread_blocked, id=8948, stack(0x000000c75e100000,0x000000c75e200000)]
  0x00000205633b4920 JavaThread "ClassGraph-worker-2" daemon [_thread_blocked, id=9608, stack(0x000000c75e200000,0x000000c75e300000)]
  0x00000205633b5d60 JavaThread "ClassGraph-worker-3" daemon [_thread_blocked, id=6728, stack(0x000000c75e300000,0x000000c75e400000)]
  0x00000205633b4e30 JavaThread "ClassGraph-worker-4" daemon [_thread_blocked, id=1956, stack(0x000000c75e400000,0x000000c75e500000)]
  0x00000205633b5340 JavaThread "ClassGraph-worker-5" daemon [_thread_blocked, id=5716, stack(0x000000c75e500000,0x000000c75e600000)]
  0x00000205633b5850 JavaThread "ClassGraph-worker-6" daemon [_thread_blocked, id=24980, stack(0x000000c75e600000,0x000000c75e700000)]
  0x00000205633b6270 JavaThread "ClassGraph-worker-7" daemon [_thread_blocked, id=23988, stack(0x000000c75e700000,0x000000c75e800000)]
  0x00000205633b2ac0 JavaThread "ClassGraph-worker-8" daemon [_thread_blocked, id=19392, stack(0x000000c75e800000,0x000000c75e900000)]
  0x00000205633b9510 JavaThread "ClassGraph-worker-9" daemon [_thread_blocked, id=21476, stack(0x000000c75e900000,0x000000c75ea00000)]
  0x00000205633b9000 JavaThread "ClassGraph-worker-10" daemon [_thread_blocked, id=8080, stack(0x000000c75ea00000,0x000000c75eb00000)]
  0x00000205633b9a20 JavaThread "ClassGraph-worker-11" daemon [_thread_blocked, id=952, stack(0x000000c75eb00000,0x000000c75ec00000)]
  0x00000205633b6780 JavaThread "ClassGraph-worker-12" daemon [_thread_blocked, id=21628, stack(0x000000c75ec00000,0x000000c75ed00000)]
  0x00000205633b76b0 JavaThread "ClassGraph-worker-13" daemon [_thread_blocked, id=8928, stack(0x000000c75ed00000,0x000000c75ee00000)]
  0x00000205633b6c90 JavaThread "ClassGraph-worker-14" daemon [_thread_blocked, id=4824, stack(0x000000c75ee00000,0x000000c75ef00000)]
  0x00000205633b7bc0 JavaThread "ClassGraph-worker-15" daemon [_thread_blocked, id=21688, stack(0x000000c75ef00000,0x000000c75f000000)]
  0x00000205633b71a0 JavaThread "ClassGraph-worker-16" daemon [_thread_blocked, id=9696, stack(0x000000c75f000000,0x000000c75f100000)]
  0x00000205633b80d0 JavaThread "ClassGraph-worker-17" daemon [_thread_blocked, id=21624, stack(0x000000c75f100000,0x000000c75f200000)]
  0x00000205633b8af0 JavaThread "ClassGraph-worker-18" daemon [_thread_blocked, id=13800, stack(0x000000c75f200000,0x000000c75f300000)]
  0x00000205633b85e0 JavaThread "ClassGraph-worker-19" daemon [_thread_blocked, id=19488, stack(0x000000c75f300000,0x000000c75f400000)]
  0x000002056411cd90 JavaThread "ClassGraph-worker-20" daemon [_thread_blocked, id=17328, stack(0x000000c75f400000,0x000000c75f500000)]
  0x000002056411e6e0 JavaThread "ClassGraph-worker-21" daemon [_thread_blocked, id=21836, stack(0x000000c75f500000,0x000000c75f600000)]
  0x0000020564120a50 JavaThread "ClassGraph-worker-22" daemon [_thread_blocked, id=16180, stack(0x000000c75f600000,0x000000c75f700000)]
  0x0000020564120540 JavaThread "ClassGraph-worker-23" daemon [_thread_blocked, id=24488, stack(0x000000c75f700000,0x000000c75f800000)]
  0x000002056411d2a0 JavaThread "JMX server connection timeout 101" daemon [_thread_blocked, id=15904, stack(0x000000c75f800000,0x000000c75f900000)]

Other Threads:
=>0x000002055c3509c0 VMThread "VM Thread" [stack: 0x000000c75b700000,0x000000c75b800000] [id=25352]
  0x000002055c6467b0 WatcherThread [stack: 0x000000c75c500000,0x000000c75c600000] [id=8828]
  0x000002054ace3560 GCTaskThread "GC Thread#0" [stack: 0x000000c75b200000,0x000000c75b300000] [id=8048]
  0x0000020561334110 GCTaskThread "GC Thread#1" [stack: 0x000000c75c600000,0x000000c75c700000] [id=16756]
  0x00000205613338d0 GCTaskThread "GC Thread#2" [stack: 0x000000c75c700000,0x000000c75c800000] [id=23884]
  0x0000020561332dd0 GCTaskThread "GC Thread#3" [stack: 0x000000c75c800000,0x000000c75c900000] [id=22064]
  0x0000020561334690 GCTaskThread "GC Thread#4" [stack: 0x000000c75c900000,0x000000c75ca00000] [id=25448]
  0x00000205613343d0 GCTaskThread "GC Thread#5" [stack: 0x000000c75ca00000,0x000000c75cb00000] [id=19644]
  0x0000020561333610 GCTaskThread "GC Thread#6" [stack: 0x000000c75cb00000,0x000000c75cc00000] [id=14888]
  0x0000020561333b90 GCTaskThread "GC Thread#7" [stack: 0x000000c75cf00000,0x000000c75d000000] [id=12036]
  0x0000020561333e50 GCTaskThread "GC Thread#8" [stack: 0x000000c75d000000,0x000000c75d100000] [id=3788]
  0x0000020561333090 GCTaskThread "GC Thread#9" [stack: 0x000000c75d100000,0x000000c75d200000] [id=13128]
  0x0000020561b8f1b0 GCTaskThread "GC Thread#10" [stack: 0x000000c75d200000,0x000000c75d300000] [id=4292]
  0x0000020561b90a70 GCTaskThread "GC Thread#11" [stack: 0x000000c75d300000,0x000000c75d400000] [id=23440]
  0x0000020561b8ff70 GCTaskThread "GC Thread#12" [stack: 0x000000c75d800000,0x000000c75d900000] [id=23568]
  0x000002054aceff00 ConcurrentGCThread "G1 Main Marker" [stack: 0x000000c75b300000,0x000000c75b400000] [id=15024]
  0x000002054acf14f0 ConcurrentGCThread "G1 Conc#0" [stack: 0x000000c75b400000,0x000000c75b500000] [id=376]
  0x0000020561b90230 ConcurrentGCThread "G1 Conc#1" [stack: 0x000000c75d900000,0x000000c75da00000] [id=23588]
  0x0000020561b8ec30 ConcurrentGCThread "G1 Conc#2" [stack: 0x000000c75da00000,0x000000c75db00000] [id=2828]
  0x000002054ad4dd10 ConcurrentGCThread "G1 Refine#0" [stack: 0x000000c75b500000,0x000000c75b600000] [id=19336]
  0x000002054ad4e4f0 ConcurrentGCThread "G1 Service" [stack: 0x000000c75b600000,0x000000c75b700000] [id=7848]

Threads with active compile tasks:
C1 CompilerThread0    25557 5946       1       java.io.WinNTFileSystem::canonicalize (372 bytes)
C1 CompilerThread1    25557 5930 % !   1       io.github.classgraph.ClasspathElementZip::open @ 583 (1079 bytes)

VM state: at safepoint (normal execution)

VM Mutex/Monitor currently owned by a thread:  ([mutex/lock_event])
[0x0000020548a0bad0] Threads_lock - owner thread: 0x000002055c3509c0
[0x000002054ac939a0] Heap_lock - owner thread: 0x000002054aceff00

Heap address: 0x00000000a2600000, size: 1498 MB, Compressed Oops mode: 32-bit

CDS archive(s) mapped at: [0x0000020500000000-0x0000020500bd0000-0x0000020500bd0000), size 12386304, SharedBaseAddress: 0x0000020500000000, ArchiveRelocationMode: 1.
Compressed class space mapped at: 0x0000020501000000-0x0000020541000000, reserved size: 1073741824
Narrow klass base: 0x0000020500000000, Narrow klass shift: 0, Narrow klass range: 0x100000000

GC Precious Log:
 CPUs: 16 total, 16 available
 Memory: 5989M
 Large Page Support: Disabled
 NUMA Support: Disabled
 Compressed Oops: Enabled (32-bit)
 Heap Region Size: 1M
 Heap Min Capacity: 8M
 Heap Initial Capacity: 94M
 Heap Max Capacity: 1498M
 Pre-touch: Disabled
 Parallel Workers: 13
 Concurrent Workers: 3
 Concurrent Refinement Workers: 13
 Periodic GC: Disabled

Heap:
 garbage-first heap   total 71680K, used 45682K [0x00000000a2600000, 0x0000000100000000)
  region size 1024K, 9 young (9216K), 3 survivors (3072K)
 Metaspace       used 68888K, committed 69568K, reserved 1114112K
  class space    used 9913K, committed 10240K, reserved 1048576K

Heap Regions: E=young(eden), S=young(survivor), O=old, HS=humongous(starts), HC=humongous(continues), CS=collection set, F=free, OA=open archive, CA=closed archive, TAMS=top-at-mark-start (previous, next)
|   0|0x00000000a2600000, 0x00000000a2700000, 0x00000000a2700000|100%|HS|  |TAMS 0x00000000a2700000, 0x00000000a2600000| Complete 
|   1|0x00000000a2700000, 0x00000000a2800000, 0x00000000a2800000|100%|HS|  |TAMS 0x00000000a2800000, 0x00000000a2700000| Complete 
|   2|0x00000000a2800000, 0x00000000a2900000, 0x00000000a2900000|100%| O|  |TAMS 0x00000000a2900000, 0x00000000a2800000| Updating 
|   3|0x00000000a2900000, 0x00000000a2a00000, 0x00000000a2a00000|100%| O|  |TAMS 0x00000000a2a00000, 0x00000000a2900000| Untracked 
|   4|0x00000000a2a00000, 0x00000000a2b00000, 0x00000000a2b00000|100%| O|  |TAMS 0x00000000a2b00000, 0x00000000a2a00000| Untracked 
|   5|0x00000000a2b00000, 0x00000000a2c00000, 0x00000000a2c00000|100%| O|  |TAMS 0x00000000a2c00000, 0x00000000a2b00000| Untracked 
|   6|0x00000000a2c00000, 0x00000000a2d00000, 0x00000000a2d00000|100%| O|  |TAMS 0x00000000a2d00000, 0x00000000a2c00000| Untracked 
|   7|0x00000000a2d00000, 0x00000000a2e00000, 0x00000000a2e00000|100%| O|  |TAMS 0x00000000a2e00000, 0x00000000a2d00000| Untracked 
|   8|0x00000000a2e00000, 0x00000000a2f00000, 0x00000000a2f00000|100%| O|  |TAMS 0x00000000a2f00000, 0x00000000a2e00000| Untracked 
|   9|0x00000000a2f00000, 0x00000000a3000000, 0x00000000a3000000|100%| O|  |TAMS 0x00000000a3000000, 0x00000000a2f00000| Untracked 
|  10|0x00000000a3000000, 0x00000000a3100000, 0x00000000a3100000|100%| O|  |TAMS 0x00000000a3100000, 0x00000000a3000000| Untracked 
|  11|0x00000000a3100000, 0x00000000a3200000, 0x00000000a3200000|100%| O|  |TAMS 0x00000000a3200000, 0x00000000a3100000| Untracked 
|  12|0x00000000a3200000, 0x00000000a3300000, 0x00000000a3300000|100%| O|  |TAMS 0x00000000a3300000, 0x00000000a3200000| Untracked 
|  13|0x00000000a3300000, 0x00000000a3400000, 0x00000000a3400000|100%| O|  |TAMS 0x00000000a3400000, 0x00000000a3300000| Untracked 
|  14|0x00000000a3400000, 0x00000000a3500000, 0x00000000a3500000|100%| O|  |TAMS 0x00000000a3500000, 0x00000000a3400000| Untracked 
|  15|0x00000000a3500000, 0x00000000a3600000, 0x00000000a3600000|100%| O|  |TAMS 0x00000000a3600000, 0x00000000a3500000| Untracked 
|  16|0x00000000a3600000, 0x00000000a3700000, 0x00000000a3700000|100%| O|  |TAMS 0x00000000a3700000, 0x00000000a3600000| Untracked 
|  17|0x00000000a3700000, 0x00000000a3800000, 0x00000000a3800000|100%| O|  |TAMS 0x00000000a3800000, 0x00000000a3700000| Untracked 
|  18|0x00000000a3800000, 0x00000000a3900000, 0x00000000a3900000|100%| O|  |TAMS 0x00000000a3900000, 0x00000000a3800000| Untracked 
|  19|0x00000000a3900000, 0x00000000a3a00000, 0x00000000a3a00000|100%| O|  |TAMS 0x00000000a3a00000, 0x00000000a3900000| Untracked 
|  20|0x00000000a3a00000, 0x00000000a3b00000, 0x00000000a3b00000|100%| O|  |TAMS 0x00000000a3b00000, 0x00000000a3a00000| Updating 
|  21|0x00000000a3b00000, 0x00000000a3c00000, 0x00000000a3c00000|100%| O|  |TAMS 0x00000000a3c00000, 0x00000000a3b00000| Updating 
|  22|0x00000000a3c00000, 0x00000000a3d00000, 0x00000000a3d00000|100%| O|  |TAMS 0x00000000a3d00000, 0x00000000a3c00000| Untracked 
|  23|0x00000000a3d00000, 0x00000000a3e00000, 0x00000000a3e00000|100%| O|  |TAMS 0x00000000a3e00000, 0x00000000a3d00000| Untracked 
|  24|0x00000000a3e00000, 0x00000000a3f00000, 0x00000000a3f00000|100%| O|  |TAMS 0x00000000a3f00000, 0x00000000a3e00000| Updating 
|  25|0x00000000a3f00000, 0x00000000a4000000, 0x00000000a4000000|100%| O|  |TAMS 0x00000000a4000000, 0x00000000a3f00000| Untracked 
|  26|0x00000000a4000000, 0x00000000a4100000, 0x00000000a4100000|100%| O|  |TAMS 0x00000000a4100000, 0x00000000a4000000| Untracked 
|  27|0x00000000a4100000, 0x00000000a4200000, 0x00000000a4200000|100%| O|  |TAMS 0x00000000a4200000, 0x00000000a4100000| Untracked 
|  28|0x00000000a4200000, 0x00000000a4300000, 0x00000000a4300000|100%| O|  |TAMS 0x00000000a4300000, 0x00000000a4200000| Updating 
|  29|0x00000000a4300000, 0x00000000a4400000, 0x00000000a4400000|100%|HS|  |TAMS 0x00000000a4300000, 0x00000000a4300000| Complete 
|  30|0x00000000a4400000, 0x00000000a4500000, 0x00000000a4500000|100%| O|  |TAMS 0x00000000a4500000, 0x00000000a4400000| Untracked 
|  31|0x00000000a4500000, 0x00000000a4600000, 0x00000000a4600000|100%| O|  |TAMS 0x00000000a4600000, 0x00000000a4500000| Untracked 
|  32|0x00000000a4600000, 0x00000000a4700000, 0x00000000a4700000|100%| O|  |TAMS 0x00000000a4700000, 0x00000000a4600000| Untracked 
|  33|0x00000000a4700000, 0x00000000a4800000, 0x00000000a4800000|100%| O|  |TAMS 0x00000000a479b800, 0x00000000a4700000| Untracked 
|  34|0x00000000a4800000, 0x00000000a4900000, 0x00000000a4900000|100%| O|  |TAMS 0x00000000a4800000, 0x00000000a4800000| Untracked 
|  35|0x00000000a4900000, 0x00000000a4a00000, 0x00000000a4a00000|100%| O|  |TAMS 0x00000000a4900000, 0x00000000a4900000| Untracked 
|  36|0x00000000a4a00000, 0x00000000a4b00000, 0x00000000a4b00000|100%| O|  |TAMS 0x00000000a4a00000, 0x00000000a4a00000| Untracked 
|  37|0x00000000a4b00000, 0x00000000a4b9ca00, 0x00000000a4c00000| 61%| O|  |TAMS 0x00000000a4b00000, 0x00000000a4b00000| Updating 
|  38|0x00000000a4c00000, 0x00000000a4c00000, 0x00000000a4d00000|  0%| F|  |TAMS 0x00000000a4c00000, 0x00000000a4c00000| Untracked 
|  39|0x00000000a4d00000, 0x00000000a4d00000, 0x00000000a4e00000|  0%| F|  |TAMS 0x00000000a4d00000, 0x00000000a4d00000| Untracked 
|  40|0x00000000a4e00000, 0x00000000a4e00000, 0x00000000a4f00000|  0%| F|  |TAMS 0x00000000a4e00000, 0x00000000a4e00000| Untracked 
|  41|0x00000000a4f00000, 0x00000000a4f00000, 0x00000000a5000000|  0%| F|  |TAMS 0x00000000a4f00000, 0x00000000a4f00000| Untracked 
|  42|0x00000000a5000000, 0x00000000a5000000, 0x00000000a5100000|  0%| F|  |TAMS 0x00000000a5000000, 0x00000000a5000000| Untracked 
|  43|0x00000000a5100000, 0x00000000a5100000, 0x00000000a5200000|  0%| F|  |TAMS 0x00000000a5100000, 0x00000000a5100000| Untracked 
|  44|0x00000000a5200000, 0x00000000a5200000, 0x00000000a5300000|  0%| F|  |TAMS 0x00000000a5200000, 0x00000000a5200000| Untracked 
|  45|0x00000000a5300000, 0x00000000a5300000, 0x00000000a5400000|  0%| F|  |TAMS 0x00000000a5300000, 0x00000000a5300000| Untracked 
|  46|0x00000000a5400000, 0x00000000a5400000, 0x00000000a5500000|  0%| F|  |TAMS 0x00000000a5400000, 0x00000000a5400000| Untracked 
|  47|0x00000000a5500000, 0x00000000a5500000, 0x00000000a5600000|  0%| F|  |TAMS 0x00000000a5500000, 0x00000000a5500000| Untracked 
|  48|0x00000000a5600000, 0x00000000a5600000, 0x00000000a5700000|  0%| F|  |TAMS 0x00000000a5600000, 0x00000000a5600000| Untracked 
|  49|0x00000000a5700000, 0x00000000a5700000, 0x00000000a5800000|  0%| F|  |TAMS 0x00000000a5700000, 0x00000000a5700000| Untracked 
|  50|0x00000000a5800000, 0x00000000a5800000, 0x00000000a5900000|  0%| F|  |TAMS 0x00000000a5800000, 0x00000000a5800000| Untracked 
|  51|0x00000000a5900000, 0x00000000a5900000, 0x00000000a5a00000|  0%| F|  |TAMS 0x00000000a5900000, 0x00000000a5900000| Untracked 
|  52|0x00000000a5a00000, 0x00000000a5a00000, 0x00000000a5b00000|  0%| F|  |TAMS 0x00000000a5a00000, 0x00000000a5a00000| Untracked 
|  53|0x00000000a5b00000, 0x00000000a5b00000, 0x00000000a5c00000|  0%| F|  |TAMS 0x00000000a5b00000, 0x00000000a5b00000| Untracked 
|  54|0x00000000a5c00000, 0x00000000a5d00000, 0x00000000a5d00000|100%| S|CS|TAMS 0x00000000a5c00000, 0x00000000a5c00000| Complete 
|  55|0x00000000a5d00000, 0x00000000a5e00000, 0x00000000a5e00000|100%| S|CS|TAMS 0x00000000a5d00000, 0x00000000a5d00000| Complete 
|  56|0x00000000a5e00000, 0x00000000a5f00000, 0x00000000a5f00000|100%| S|CS|TAMS 0x00000000a5e00000, 0x00000000a5e00000| Complete 
|  57|0x00000000a5f00000, 0x00000000a5f00000, 0x00000000a6000000|  0%| F|  |TAMS 0x00000000a5f00000, 0x00000000a5f00000| Untracked 
|  58|0x00000000a6000000, 0x00000000a6000000, 0x00000000a6100000|  0%| F|  |TAMS 0x00000000a6000000, 0x00000000a6000000| Untracked 
|  59|0x00000000a6100000, 0x00000000a6100000, 0x00000000a6200000|  0%| F|  |TAMS 0x00000000a6100000, 0x00000000a6100000| Untracked 
|  60|0x00000000a6200000, 0x00000000a6200000, 0x00000000a6300000|  0%| F|  |TAMS 0x00000000a6200000, 0x00000000a6200000| Untracked 
|  61|0x00000000a6300000, 0x00000000a6300000, 0x00000000a6400000|  0%| F|  |TAMS 0x00000000a6300000, 0x00000000a6300000| Untracked 
|  62|0x00000000a6400000, 0x00000000a6400000, 0x00000000a6500000|  0%| F|  |TAMS 0x00000000a6400000, 0x00000000a6400000| Untracked 
|  63|0x00000000a6500000, 0x00000000a6500000, 0x00000000a6600000|  0%| F|  |TAMS 0x00000000a6500000, 0x00000000a6500000| Untracked 
|  64|0x00000000a6600000, 0x00000000a6700000, 0x00000000a6700000|100%| E|  |TAMS 0x00000000a6600000, 0x00000000a6600000| Complete 
|  65|0x00000000a6700000, 0x00000000a6800000, 0x00000000a6800000|100%| E|  |TAMS 0x00000000a6700000, 0x00000000a6700000| Complete 
|  83|0x00000000a7900000, 0x00000000a7a00000, 0x00000000a7a00000|100%| E|CS|TAMS 0x00000000a7900000, 0x00000000a7900000| Complete 
|  84|0x00000000a7a00000, 0x00000000a7b00000, 0x00000000a7b00000|100%| E|CS|TAMS 0x00000000a7a00000, 0x00000000a7a00000| Complete 
|  85|0x00000000a7b00000, 0x00000000a7c00000, 0x00000000a7c00000|100%| E|CS|TAMS 0x00000000a7b00000, 0x00000000a7b00000| Complete 
|  93|0x00000000a8300000, 0x00000000a8400000, 0x00000000a8400000|100%| E|CS|TAMS 0x00000000a8300000, 0x00000000a8300000| Complete 

Card table byte_map: [0x0000020555ea0000,0x0000020556190000] _byte_map_base: 0x000002055598d000

Marking Bits (Prev, Next): (CMBitMap*) 0x000002054ace3a90, (CMBitMap*) 0x000002054ace3ad0
 Prev Bits: [0x0000020556480000, 0x0000020557be8000)
 Next Bits: [0x0000020557bf0000, 0x0000020559358000)

Polling page: 0x0000020548ba0000

Metaspace:

Usage:
  Non-class:     57.59 MB used.
      Class:      9.68 MB used.
       Both:     67.27 MB used.

Virtual space:
  Non-class space:       64.00 MB reserved,      57.94 MB ( 91%) committed,  1 nodes.
      Class space:        1.00 GB reserved,      10.00 MB ( <1%) committed,  1 nodes.
             Both:        1.06 GB reserved,      67.94 MB (  6%) committed. 

Chunk freelists:
   Non-Class:  5.47 MB
       Class:  5.98 MB
        Both:  11.45 MB

MaxMetaspaceSize: unlimited
CompressedClassSpaceSize: 1.00 GB
Initial GC threshold: 21.00 MB
Current GC threshold: 98.25 MB
CDS: on
MetaspaceReclaimPolicy: balanced
 - commit_granule_bytes: 65536.
 - commit_granule_words: 8192.
 - virtual_space_node_default_size: 8388608.
 - enlarge_chunks_in_place: 1.
 - new_chunks_are_fully_committed: 0.
 - uncommit_free_chunks: 1.
 - use_allocation_guard: 0.
 - handle_deallocations: 1.


Internal statistics:

num_allocs_failed_limit: 9.
num_arena_births: 832.
num_arena_deaths: 0.
num_vsnodes_births: 2.
num_vsnodes_deaths: 0.
num_space_committed: 1087.
num_space_uncommitted: 0.
num_chunks_returned_to_freelist: 9.
num_chunks_taken_from_freelist: 3224.
num_chunk_merges: 9.
num_chunk_splits: 2369.
num_chunks_enlarged: 1841.
num_inconsistent_stats: 0.

CodeCache: size=49152Kb used=11296Kb max_used=11296Kb free=37855Kb
 bounds [0x0000020552540000, 0x0000020553050000, 0x0000020555540000]
 total_blobs=6618 nmethods=5946 adapters=598
 compilation: enabled
              stopped_count=0, restarted_count=0
 full_count=0

Compilation events (20 events):
Event: 22.506 Thread 0x000002055c36d8d0 5937       1       nonapi.io.github.classgraph.fileslice.reader.RandomAccessArrayReader::readUnsignedByte (19 bytes)
Event: 22.506 Thread 0x000002055c36d8d0 nmethod 5937 0x000002055303ce90 code [0x000002055303d020, 0x000002055303d118]
Event: 22.507 Thread 0x000002055c36d8d0 5938       1       nonapi.io.github.classgraph.fileslice.FileSlice::hashCode (5 bytes)
Event: 22.508 Thread 0x000002055c36d8d0 nmethod 5938 0x000002055303d210 code [0x000002055303d3a0, 0x000002055303d488]
Event: 22.508 Thread 0x000002055c36d8d0 5939       1       nonapi.io.github.classgraph.fileslice.Slice::hashCode (64 bytes)
Event: 22.508 Thread 0x000002055c36d8d0 nmethod 5939 0x000002055303d510 code [0x000002055303d6a0, 0x000002055303d7e8]
Event: 22.508 Thread 0x000002055c36d8d0 5940       1       sun.nio.fs.WindowsFileAttributes::isDirectory (25 bytes)
Event: 22.508 Thread 0x000002055c36d8d0 nmethod 5940 0x000002055303d890 code [0x000002055303da20, 0x000002055303db58]
Event: 22.508 Thread 0x000002055c36d8d0 5942       1       nonapi.io.github.classgraph.fileslice.Slice::<init> (134 bytes)
Event: 22.509 Thread 0x000002055c36d8d0 nmethod 5942 0x000002055303dc10 code [0x000002055303dde0, 0x000002055303e1c8]
Event: 22.509 Thread 0x000002055c36d8d0 5943       1       nonapi.io.github.classgraph.fileslice.reader.RandomAccessFileChannelReader::<init> (40 bytes)
Event: 22.509 Thread 0x000002055c36d8d0 nmethod 5943 0x000002055303e310 code [0x000002055303e4c0, 0x000002055303e918]
Event: 22.509 Thread 0x000002055c36d8d0 5944       1       nonapi.io.github.classgraph.fileslice.FileSlice::randomAccessReader (47 bytes)
Event: 22.510 Thread 0x000002055c36d8d0 nmethod 5944 0x000002055303eb10 code [0x000002055303ecc0, 0x000002055303eeb8]
Event: 22.510 Thread 0x000002055c36d8d0 5941       1       java.io.File::getCanonicalPath (31 bytes)
Event: 22.510 Thread 0x000002055c36d8d0 nmethod 5941 0x000002055303ef90 code [0x000002055303f160, 0x000002055303f338]
Event: 22.510 Thread 0x000002055c36d8d0 5945       1       java.util.concurrent.ThreadLocalRandom::getProbe (13 bytes)
Event: 22.510 Thread 0x000002055c36d8d0 nmethod 5945 0x000002055303f410 code [0x000002055303f5a0, 0x000002055303f658]
Event: 22.510 Thread 0x000002055c36d8d0 5946       1       java.io.WinNTFileSystem::canonicalize (372 bytes)
Event: 23.505 Thread 0x0000020563d90830 nmethod 5930% 0x000002055303fb90 code [0x00000205530406a0, 0x0000020553045508]

GC Heap History (20 events):
Event: 16.222 GC heap before
{Heap before GC invocations=9 (full 0):
 garbage-first heap   total 55296K, used 40705K [0x00000000a2600000, 0x0000000100000000)
  region size 1024K, 22 young (22528K), 3 survivors (3072K)
 Metaspace       used 35495K, committed 35968K, reserved 1114112K
  class space    used 5044K, committed 5312K, reserved 1048576K
}
Event: 16.229 GC heap after
{Heap after GC invocations=10 (full 0):
 garbage-first heap   total 55296K, used 23270K [0x00000000a2600000, 0x0000000100000000)
  region size 1024K, 2 young (2048K), 2 survivors (2048K)
 Metaspace       used 35495K, committed 35968K, reserved 1114112K
  class space    used 5044K, committed 5312K, reserved 1048576K
}
Event: 16.664 GC heap before
{Heap before GC invocations=11 (full 0):
 garbage-first heap   total 55296K, used 41702K [0x00000000a2600000, 0x0000000100000000)
  region size 1024K, 20 young (20480K), 2 survivors (2048K)
 Metaspace       used 38988K, committed 39488K, reserved 1114112K
  class space    used 5559K, committed 5824K, reserved 1048576K
}
Event: 16.667 GC heap after
{Heap after GC invocations=12 (full 0):
 garbage-first heap   total 55296K, used 24456K [0x00000000a2600000, 0x0000000100000000)
  region size 1024K, 2 young (2048K), 2 survivors (2048K)
 Metaspace       used 38988K, committed 39488K, reserved 1114112K
  class space    used 5559K, committed 5824K, reserved 1048576K
}
Event: 16.689 GC heap before
{Heap before GC invocations=12 (full 0):
 garbage-first heap   total 55296K, used 25480K [0x00000000a2600000, 0x0000000100000000)
  region size 1024K, 3 young (3072K), 2 survivors (2048K)
 Metaspace       used 39193K, committed 39744K, reserved 1114112K
  class space    used 5598K, committed 5888K, reserved 1048576K
}
Event: 16.691 GC heap after
{Heap after GC invocations=13 (full 0):
 garbage-first heap   total 55296K, used 24780K [0x00000000a2600000, 0x0000000100000000)
  region size 1024K, 1 young (1024K), 1 survivors (1024K)
 Metaspace       used 39193K, committed 39744K, reserved 1114112K
  class space    used 5598K, committed 5888K, reserved 1048576K
}
Event: 17.061 GC heap before
{Heap before GC invocations=13 (full 0):
 garbage-first heap   total 55296K, used 42188K [0x00000000a2600000, 0x0000000100000000)
  region size 1024K, 18 young (18432K), 1 survivors (1024K)
 Metaspace       used 43760K, committed 44224K, reserved 1114112K
  class space    used 6225K, committed 6464K, reserved 1048576K
}
Event: 17.063 GC heap after
{Heap after GC invocations=14 (full 0):
 garbage-first heap   total 71680K, used 26241K [0x00000000a2600000, 0x0000000100000000)
  region size 1024K, 2 young (2048K), 2 survivors (2048K)
 Metaspace       used 43760K, committed 44224K, reserved 1114112K
  class space    used 6225K, committed 6464K, reserved 1048576K
}
Event: 17.896 GC heap before
{Heap before GC invocations=14 (full 0):
 garbage-first heap   total 71680K, used 55937K [0x00000000a2600000, 0x0000000100000000)
  region size 1024K, 31 young (31744K), 2 survivors (2048K)
 Metaspace       used 53579K, committed 54144K, reserved 1114112K
  class space    used 7521K, committed 7808K, reserved 1048576K
}
Event: 17.899 GC heap after
{Heap after GC invocations=15 (full 0):
 garbage-first heap   total 71680K, used 28287K [0x00000000a2600000, 0x0000000100000000)
  region size 1024K, 4 young (4096K), 4 survivors (4096K)
 Metaspace       used 53579K, committed 54144K, reserved 1114112K
  class space    used 7521K, committed 7808K, reserved 1048576K
}
Event: 18.354 GC heap before
{Heap before GC invocations=15 (full 0):
 garbage-first heap   total 71680K, used 48767K [0x00000000a2600000, 0x0000000100000000)
  region size 1024K, 25 young (25600K), 4 survivors (4096K)
 Metaspace       used 59615K, committed 60096K, reserved 1114112K
  class space    used 8590K, committed 8832K, reserved 1048576K
}
Event: 18.358 GC heap after
{Heap after GC invocations=16 (full 0):
 garbage-first heap   total 71680K, used 29101K [0x00000000a2600000, 0x0000000100000000)
  region size 1024K, 3 young (3072K), 3 survivors (3072K)
 Metaspace       used 59615K, committed 60096K, reserved 1114112K
  class space    used 8590K, committed 8832K, reserved 1048576K
}
Event: 18.961 GC heap before
{Heap before GC invocations=17 (full 0):
 garbage-first heap   total 71680K, used 57773K [0x00000000a2600000, 0x0000000100000000)
  region size 1024K, 31 young (31744K), 3 survivors (3072K)
 Metaspace       used 64305K, committed 64896K, reserved 1114112K
  class space    used 9291K, committed 9536K, reserved 1048576K
}
Event: 18.965 GC heap after
{Heap after GC invocations=18 (full 0):
 garbage-first heap   total 71680K, used 31148K [0x00000000a2600000, 0x0000000100000000)
  region size 1024K, 3 young (3072K), 3 survivors (3072K)
 Metaspace       used 64305K, committed 64896K, reserved 1114112K
  class space    used 9291K, committed 9536K, reserved 1048576K
}
Event: 21.256 GC heap before
{Heap before GC invocations=18 (full 0):
 garbage-first heap   total 71680K, used 57772K [0x00000000a2600000, 0x0000000100000000)
  region size 1024K, 29 young (29696K), 3 survivors (3072K)
 Metaspace       used 67470K, committed 67968K, reserved 1114112K
  class space    used 9751K, committed 9984K, reserved 1048576K
}
Event: 21.260 GC heap after
{Heap after GC invocations=19 (full 0):
 garbage-first heap   total 71680K, used 33407K [0x00000000a2600000, 0x0000000100000000)
  region size 1024K, 4 young (4096K), 4 survivors (4096K)
 Metaspace       used 67470K, committed 67968K, reserved 1114112K
  class space    used 9751K, committed 9984K, reserved 1048576K
}
Event: 22.473 GC heap before
{Heap before GC invocations=19 (full 0):
 garbage-first heap   total 71680K, used 57983K [0x00000000a2600000, 0x0000000100000000)
  region size 1024K, 28 young (28672K), 4 survivors (4096K)
 Metaspace       used 68888K, committed 69568K, reserved 1114112K
  class space    used 9913K, committed 10240K, reserved 1048576K
}
Event: 22.477 GC heap after
{Heap after GC invocations=20 (full 0):
 garbage-first heap   total 71680K, used 38510K [0x00000000a2600000, 0x0000000100000000)
  region size 1024K, 4 young (4096K), 4 survivors (4096K)
 Metaspace       used 68888K, committed 69568K, reserved 1114112K
  class space    used 9913K, committed 10240K, reserved 1048576K
}
Event: 22.500 GC heap before
{Heap before GC invocations=20 (full 0):
 garbage-first heap   total 71680K, used 49774K [0x00000000a2600000, 0x0000000100000000)
  region size 1024K, 17 young (17408K), 4 survivors (4096K)
 Metaspace       used 68888K, committed 69568K, reserved 1114112K
  class space    used 9913K, committed 10240K, reserved 1048576K
}
Event: 22.504 GC heap after
{Heap after GC invocations=21 (full 0):
 garbage-first heap   total 71680K, used 40562K [0x00000000a2600000, 0x0000000100000000)
  region size 1024K, 3 young (3072K), 3 survivors (3072K)
 Metaspace       used 68888K, committed 69568K, reserved 1114112K
  class space    used 9913K, committed 10240K, reserved 1048576K
}

Deoptimization events (4 events):
Event: 18.872 Thread 0x000002054ac95270 DEOPT PACKING pc=0x0000020552afb3a4 sp=0x000000c75b1fc9a0
Event: 18.872 Thread 0x000002054ac95270 DEOPT UNPACKING pc=0x0000020552592b43 sp=0x000000c75b1fbef8 mode 0
Event: 19.046 Thread 0x000002054ac95270 DEOPT PACKING pc=0x0000020552a80622 sp=0x000000c75b1fe1b0
Event: 19.046 Thread 0x000002054ac95270 DEOPT UNPACKING pc=0x0000020552592b43 sp=0x000000c75b1fd6b8 mode 3

Classes unloaded (0 events):
No events

Classes redefined (0 events):
No events

Internal exceptions (20 events):
Event: 22.444 Thread 0x00000205633b34e0 Exception <a 'sun/nio/fs/WindowsException'{0x00000000a604d760}> (0x00000000a604d760) 
thrown [s\open\src\hotspot\share\prims\jni.cpp, line 516]
Event: 22.444 Thread 0x00000205633b34e0 Exception <a 'sun/nio/fs/WindowsException'{0x00000000a604da60}> (0x00000000a604da60) 
thrown [s\open\src\hotspot\share\prims\jni.cpp, line 516]
Event: 22.444 Thread 0x00000205633b34e0 Exception <a 'sun/nio/fs/WindowsException'{0x00000000a604e3d8}> (0x00000000a604e3d8) 
thrown [s\open\src\hotspot\share\prims\jni.cpp, line 516]
Event: 22.444 Thread 0x00000205633b34e0 Exception <a 'sun/nio/fs/WindowsException'{0x00000000a604e708}> (0x00000000a604e708) 
thrown [s\open\src\hotspot\share\prims\jni.cpp, line 516]
Event: 22.444 Thread 0x00000205633b34e0 Exception <a 'sun/nio/fs/WindowsException'{0x00000000a604f058}> (0x00000000a604f058) 
thrown [s\open\src\hotspot\share\prims\jni.cpp, line 516]
Event: 22.444 Thread 0x00000205633b34e0 Exception <a 'sun/nio/fs/WindowsException'{0x00000000a604f358}> (0x00000000a604f358) 
thrown [s\open\src\hotspot\share\prims\jni.cpp, line 516]
Event: 22.444 Thread 0x00000205633b34e0 Exception <a 'sun/nio/fs/WindowsException'{0x00000000a604fc80}> (0x00000000a604fc80) 
thrown [s\open\src\hotspot\share\prims\jni.cpp, line 516]
Event: 22.444 Thread 0x00000205633b34e0 Exception <a 'sun/nio/fs/WindowsException'{0x00000000a604ff50}> (0x00000000a604ff50) 
thrown [s\open\src\hotspot\share\prims\jni.cpp, line 516]
Event: 22.444 Thread 0x00000205633b34e0 Exception <a 'sun/nio/fs/WindowsException'{0x00000000a6050888}> (0x00000000a6050888) 
thrown [s\open\src\hotspot\share\prims\jni.cpp, line 516]
Event: 22.444 Thread 0x00000205633b34e0 Exception <a 'sun/nio/fs/WindowsException'{0x00000000a6050b78}> (0x00000000a6050b78) 
thrown [s\open\src\hotspot\share\prims\jni.cpp, line 516]
Event: 22.445 Thread 0x00000205633b34e0 Exception <a 'sun/nio/fs/WindowsException'{0x00000000a60514a0}> (0x00000000a60514a0) 
thrown [s\open\src\hotspot\share\prims\jni.cpp, line 516]
Event: 22.445 Thread 0x00000205633b34e0 Exception <a 'sun/nio/fs/WindowsException'{0x00000000a6051770}> (0x00000000a6051770) 
thrown [s\open\src\hotspot\share\prims\jni.cpp, line 516]
Event: 22.445 Thread 0x00000205633b34e0 Exception <a 'sun/nio/fs/WindowsException'{0x00000000a60520a8}> (0x00000000a60520a8) 
thrown [s\open\src\hotspot\share\prims\jni.cpp, line 516]
Event: 22.445 Thread 0x00000205633b34e0 Exception <a 'sun/nio/fs/WindowsException'{0x00000000a6052398}> (0x00000000a6052398) 
thrown [s\open\src\hotspot\share\prims\jni.cpp, line 516]
Event: 22.445 Thread 0x00000205633b34e0 Exception <a 'sun/nio/fs/WindowsException'{0x00000000a6052ce8}> (0x00000000a6052ce8) 
thrown [s\open\src\hotspot\share\prims\jni.cpp, line 516]
Event: 22.445 Thread 0x00000205633b34e0 Exception <a 'sun/nio/fs/WindowsException'{0x00000000a6052fe8}> (0x00000000a6052fe8) 
thrown [s\open\src\hotspot\share\prims\jni.cpp, line 516]
Event: 22.445 Thread 0x00000205633b34e0 Exception <a 'sun/nio/fs/WindowsException'{0x00000000a6053950}> (0x00000000a6053950) 
thrown [s\open\src\hotspot\share\prims\jni.cpp, line 516]
Event: 22.445 Thread 0x00000205633b34e0 Exception <a 'sun/nio/fs/WindowsException'{0x00000000a6053c70}> (0x00000000a6053c70) 
thrown [s\open\src\hotspot\share\prims\jni.cpp, line 516]
Event: 22.445 Thread 0x00000205633b34e0 Exception <a 'sun/nio/fs/WindowsException'{0x00000000a606db90}> (0x00000000a606db90) 
thrown [s\open\src\hotspot\share\prims\jni.cpp, line 516]
Event: 22.445 Thread 0x00000205633b34e0 Exception <a 'sun/nio/fs/WindowsException'{0x00000000a606deb0}> (0x00000000a606deb0) 
thrown [s\open\src\hotspot\share\prims\jni.cpp, line 516]

VM Operations (20 events):
Event: 20.103 Executing VM operation: Cleanup done
Event: 21.060 Executing VM operation: HandshakeAllThreads
Event: 21.060 Executing VM operation: HandshakeAllThreads done
Event: 21.211 Executing VM operation: HandshakeAllThreads
Event: 21.212 Executing VM operation: HandshakeAllThreads done
Event: 21.212 Executing VM operation: Cleanup
Event: 21.212 Executing VM operation: Cleanup done
Event: 21.255 Executing VM operation: G1CollectForAllocation
Event: 21.260 Executing VM operation: G1CollectForAllocation done
Event: 21.301 Executing VM operation: HandshakeAllThreads
Event: 21.301 Executing VM operation: HandshakeAllThreads done
Event: 21.302 Executing VM operation: HandshakeAllThreads
Event: 21.302 Executing VM operation: HandshakeAllThreads done
Event: 22.316 Executing VM operation: Cleanup
Event: 22.394 Executing VM operation: Cleanup done
Event: 22.473 Executing VM operation: G1CollectForAllocation
Event: 22.478 Executing VM operation: G1CollectForAllocation done
Event: 22.500 Executing VM operation: G1TryInitiateConcMark
Event: 22.504 Executing VM operation: G1TryInitiateConcMark done
Event: 22.527 Executing VM operation: G1Concurrent

Events (20 events):
Event: 22.434 Thread 0x00000205633b76b0 Thread added: 0x00000205633b76b0
Event: 22.434 Thread 0x00000205633b6c90 Thread added: 0x00000205633b6c90
Event: 22.435 Thread 0x00000205633b7bc0 Thread added: 0x00000205633b7bc0
Event: 22.435 Thread 0x00000205633b71a0 Thread added: 0x00000205633b71a0
Event: 22.435 Thread 0x00000205633b80d0 Thread added: 0x00000205633b80d0
Event: 22.435 Thread 0x00000205633b8af0 Thread added: 0x00000205633b8af0
Event: 22.435 Thread 0x00000205633b85e0 Thread added: 0x00000205633b85e0
Event: 22.435 Thread 0x000002056411cd90 Thread added: 0x000002056411cd90
Event: 22.436 Thread 0x000002056411e6e0 Thread added: 0x000002056411e6e0
Event: 22.436 Thread 0x0000020564120a50 Thread added: 0x0000020564120a50
Event: 22.436 Thread 0x0000020564120540 Thread added: 0x0000020564120540
Event: 22.453 loading class java/nio/channels/spi/AbstractInterruptibleChannel$1
Event: 22.453 loading class sun/nio/ch/Interruptible
Event: 22.454 loading class sun/nio/ch/Interruptible done
Event: 22.454 loading class java/nio/channels/spi/AbstractInterruptibleChannel$1 done
Event: 22.456 loading class java/nio/ReadOnlyBufferException
Event: 22.456 loading class java/nio/ReadOnlyBufferException done
Event: 22.458 loading class java/util/zip/DataFormatException
Event: 22.459 loading class java/util/zip/DataFormatException done
Event: 23.504 Thread 0x000002056411d2a0 Thread added: 0x000002056411d2a0


Dynamic libraries:
0x00007ff65ef40000 - 0x00007ff65ef50000 	C:\Program Files\Java\jdk-17\bin\java.exe
0x00007ffffdf00000 - 0x00007ffffe165000 	C:\WINDOWS\SYSTEM32\ntdll.dll
0x00007ffffc960000 - 0x00007ffffca29000 	C:\WINDOWS\System32\KERNEL32.DLL
0x00007ffffb0f0000 - 0x00007ffffb4d8000 	C:\WINDOWS\System32\KERNELBASE.dll
0x00007ffffb690000 - 0x00007ffffb7db000 	C:\WINDOWS\System32\ucrtbase.dll
0x00007fffe2d60000 - 0x00007fffe2d79000 	C:\Program Files\Java\jdk-17\bin\jli.dll
0x00007fffe2d40000 - 0x00007fffe2d5b000 	C:\Program Files\Java\jdk-17\bin\VCRUNTIME140.dll
0x00007ffffd180000 - 0x00007ffffd233000 	C:\WINDOWS\System32\ADVAPI32.dll
0x00007ffffbff0000 - 0x00007ffffc099000 	C:\WINDOWS\System32\msvcrt.dll
0x00007ffffd080000 - 0x00007ffffd126000 	C:\WINDOWS\System32\sechost.dll
0x00007ffffccc0000 - 0x00007ffffcdd5000 	C:\WINDOWS\System32\RPCRT4.dll
0x00007ffffbca0000 - 0x00007ffffbe6a000 	C:\WINDOWS\System32\USER32.dll
0x00007ffffb660000 - 0x00007ffffb687000 	C:\WINDOWS\System32\win32u.dll
0x00007fffe9100000 - 0x00007fffe939a000 	C:\WINDOWS\WinSxS\amd64_microsoft.windows.common-controls_6595b64144ccf1df_6.0.26100.4202_none_3e0698d4e335f517\COMCTL32.dll
0x00007ffffdd00000 - 0x00007ffffdd2b000 	C:\WINDOWS\System32\GDI32.dll
0x00007ffffbad0000 - 0x00007ffffbc07000 	C:\WINDOWS\System32\gdi32full.dll
0x00007ffffb7e0000 - 0x00007ffffb883000 	C:\WINDOWS\System32\msvcp_win.dll
0x00007ffff4c40000 - 0x00007ffff4c4b000 	C:\WINDOWS\SYSTEM32\VERSION.dll
0x00007ffffd130000 - 0x00007ffffd160000 	C:\WINDOWS\System32\IMM32.DLL
0x00007ffff80a0000 - 0x00007ffff80ac000 	C:\Program Files\Java\jdk-17\bin\vcruntime140_1.dll
0x00007fffb05c0000 - 0x00007fffb064e000 	C:\Program Files\Java\jdk-17\bin\msvcp140.dll
0x00007fff5aab0000 - 0x00007fff5b690000 	C:\Program Files\Java\jdk-17\bin\server\jvm.dll
0x00007ffffde50000 - 0x00007ffffde58000 	C:\WINDOWS\System32\PSAPI.DLL
0x00007fffe5560000 - 0x00007fffe556a000 	C:\WINDOWS\SYSTEM32\WSOCK32.dll
0x00007ffff1770000 - 0x00007ffff17a5000 	C:\WINDOWS\SYSTEM32\WINMM.dll
0x00007ffffc450000 - 0x00007ffffc4c4000 	C:\WINDOWS\System32\WS2_32.dll
0x00007ffff9e10000 - 0x00007ffff9e2b000 	C:\WINDOWS\SYSTEM32\kernel.appcore.dll
0x00007fffd9510000 - 0x00007fffd951a000 	C:\Program Files\Java\jdk-17\bin\jimage.dll
0x00007ffff2a70000 - 0x00007ffff2cb1000 	C:\WINDOWS\SYSTEM32\DBGHELP.DLL
0x00007ffffc0a0000 - 0x00007ffffc425000 	C:\WINDOWS\System32\combase.dll
0x00007ffffcde0000 - 0x00007ffffcec1000 	C:\WINDOWS\System32\OLEAUT32.dll
0x00007fffe9870000 - 0x00007fffe98a9000 	C:\WINDOWS\SYSTEM32\dbgcore.DLL
0x00007ffffb050000 - 0x00007ffffb0e9000 	C:\WINDOWS\System32\bcryptPrimitives.dll
0x00007ffff7ed0000 - 0x00007ffff7ede000 	C:\Program Files\Java\jdk-17\bin\instrument.dll
0x00007fffd50d0000 - 0x00007fffd50f5000 	C:\Program Files\Java\jdk-17\bin\java.dll
0x00007fff63000000 - 0x00007fff630d7000 	C:\Program Files\Java\jdk-17\bin\jsvml.dll
0x00007ffffd5b0000 - 0x00007ffffdcf2000 	C:\WINDOWS\System32\SHELL32.dll
0x00007ffffb4e0000 - 0x00007ffffb654000 	C:\WINDOWS\System32\wintypes.dll
0x00007ffff8cf0000 - 0x00007ffff9548000 	C:\WINDOWS\SYSTEM32\windows.storage.dll
0x00007ffffd4b0000 - 0x00007ffffd5a1000 	C:\WINDOWS\System32\SHCORE.dll
0x00007ffffd340000 - 0x00007ffffd3aa000 	C:\WINDOWS\System32\shlwapi.dll
0x00007ffffaf60000 - 0x00007ffffaf8f000 	C:\WINDOWS\SYSTEM32\profapi.dll
0x00007fffd32a0000 - 0x00007fffd32b8000 	C:\Program Files\Java\jdk-17\bin\zip.dll
0x00007fffd4c00000 - 0x00007fffd4c19000 	C:\Program Files\Java\jdk-17\bin\net.dll
0x00007ffff45a0000 - 0x00007ffff46be000 	C:\WINDOWS\SYSTEM32\WINHTTP.dll
0x00007ffffa380000 - 0x00007ffffa3ea000 	C:\WINDOWS\system32\mswsock.dll
0x00007fffd32c0000 - 0x00007fffd32d6000 	C:\Program Files\Java\jdk-17\bin\nio.dll
0x00007fffe1610000 - 0x00007fffe162a000 	C:\Program Files\JetBrains\IntelliJ IDEA 2024.2.1\bin\breakgen64.dll
0x00007ffff9930000 - 0x00007ffff9a57000 	C:\WINDOWS\SYSTEM32\DNSAPI.dll
0x00007ffff9840000 - 0x00007ffff9873000 	C:\WINDOWS\SYSTEM32\IPHLPAPI.DLL
0x00007ffffdd30000 - 0x00007ffffdd3a000 	C:\WINDOWS\System32\NSI.dll
0x00007ffff49a0000 - 0x00007ffff49ab000 	C:\Windows\System32\rasadhlp.dll
0x00007ffff1970000 - 0x00007ffff19f6000 	C:\WINDOWS\System32\fwpuclnt.dll
0x00007fffd3010000 - 0x00007fffd301a000 	C:\Program Files\Java\jdk-17\bin\management.dll
0x00007fffd2fe0000 - 0x00007fffd2feb000 	C:\Program Files\Java\jdk-17\bin\management_ext.dll
0x00007ffffa640000 - 0x00007ffffa65b000 	C:\WINDOWS\SYSTEM32\CRYPTSP.dll
0x00007ffff9d70000 - 0x00007ffff9daa000 	C:\WINDOWS\system32\rsaenh.dll
0x00007ffffa420000 - 0x00007ffffa44b000 	C:\WINDOWS\SYSTEM32\USERENV.dll
0x00007ffffaf30000 - 0x00007ffffaf56000 	C:\WINDOWS\SYSTEM32\bcrypt.dll
0x00007ffffa630000 - 0x00007ffffa63c000 	C:\WINDOWS\SYSTEM32\CRYPTBASE.dll
0x00007ffff4c50000 - 0x00007ffff4c6f000 	C:\WINDOWS\SYSTEM32\dhcpcsvc6.DLL
0x00007ffff49b0000 - 0x00007ffff49d5000 	C:\WINDOWS\SYSTEM32\dhcpcsvc.DLL
0x00007fff825d0000 - 0x00007fff825e8000 	C:\WINDOWS\system32\napinsp.dll
0x00007fff825b0000 - 0x00007fff825c2000 	C:\WINDOWS\System32\winrnr.dll
0x00007fffdee10000 - 0x00007fffdee40000 	C:\WINDOWS\system32\nlansp_c.dll
0x00007fffd6f70000 - 0x00007fffd6f90000 	C:\WINDOWS\system32\wshbth.dll
0x00007fffe7110000 - 0x00007fffe715e000 	C:\WINDOWS\SYSTEM32\pdh.dll
0x00007fffe2500000 - 0x00007fffe2512000 	C:\WINDOWS\System32\perfproc.dll
0x00007fffe24a0000 - 0x00007fffe24b1000 	C:\WINDOWS\System32\perfos.dll
0x00007ffff83f0000 - 0x00007ffff8402000 	C:\WINDOWS\SYSTEM32\pfclient.dll
0x00007fffea650000 - 0x00007fffea660000 	C:\Program Files\Java\jdk-17\bin\verify.dll
0x00007fffd2fd0000 - 0x00007fffd2fde000 	C:\Program Files\Java\jdk-17\bin\sunmscapi.dll
0x00007ffffb950000 - 0x00007ffffbac7000 	C:\WINDOWS\System32\CRYPT32.dll
0x00007ffffa850000 - 0x00007ffffa880000 	C:\WINDOWS\SYSTEM32\ncrypt.dll
0x00007ffffa800000 - 0x00007ffffa83f000 	C:\WINDOWS\SYSTEM32\NTASN1.dll

dbghelp: loaded successfully - version: 4.0.5 - missing functions: none
symbol engine: initialized successfully - sym options: 0x614 - pdb path: .;C:\Program Files\Java\jdk-17\bin;C:\WINDOWS\SYSTEM32;C:\WINDOWS\WinSxS\amd64_microsoft.windows.common-controls_6595b64144ccf1df_6.0.26100.4202_none_3e0698d4e335f517;C:\Program Files\Java\jdk-17\bin\server;C:\Program Files\JetBrains\IntelliJ IDEA 2024.2.1\bin

VM Arguments:
jvm_args: -XX:TieredStopAtLevel=1 -Dspring.output.ansi.enabled=always -Dcom.sun.management.jmxremote -Dspring.jmx.enabled=true -Dspring.liveBeansView.mbeanDomain -Dspring.application.admin.enabled=true -Dmanagement.endpoints.jmx.exposure.include=* -javaagent:C:\Program Files\JetBrains\IntelliJ IDEA 2024.2.1\lib\idea_rt.jar=55544:C:\Program Files\JetBrains\IntelliJ IDEA 2024.2.1\bin -Dfile.encoding=UTF-8 
java_command: com.example.mscliente.MsClienteApplication
java_class_path (initial): C:\ciclo-5\Contabilidad\sistema-ventas\jea-cliente\target\classes;C:\Users\josex\.m2\repository\org\springframework\boot\spring-boot-starter-data-jpa\3.1.3\spring-boot-starter-data-jpa-3.1.3.jar;C:\Users\josex\.m2\repository\org\springframework\boot\spring-boot-starter-aop\3.1.3\spring-boot-starter-aop-3.1.3.jar;C:\Users\josex\.m2\repository\org\springframework\spring-aop\6.0.11\spring-aop-6.0.11.jar;C:\Users\josex\.m2\repository\org\aspectj\aspectjweaver\1.9.20\aspectjweaver-1.9.20.jar;C:\Users\josex\.m2\repository\org\springframework\boot\spring-boot-starter-jdbc\3.1.3\spring-boot-starter-jdbc-3.1.3.jar;C:\Users\josex\.m2\repository\com\zaxxer\HikariCP\5.0.1\HikariCP-5.0.1.jar;C:\Users\josex\.m2\repository\org\springframework\spring-jdbc\6.0.11\spring-jdbc-6.0.11.jar;C:\Users\josex\.m2\repository\org\hibernate\orm\hibernate-core\6.2.7.Final\hibernate-core-6.2.7.Final.jar;C:\Users\josex\.m2\repository\jakarta\persistence\jakarta.persistence-api\3.1.0\jakarta.persistence-api-3.1.0.jar;C:\Users\josex\.m2\repository\jakarta\transaction\jakarta.transaction-api\2.0.1\jakarta.transaction-api-2.0.1.jar;C:\Users\josex\.m2\repository\org\jboss\logging\jboss-logging\3.5.3.Final\jboss-logging-3.5.3.Final.jar;C:\Users\josex\.m2\repository\org\hibernate\common\hibernate-commons-annotations\6.0.6.Final\hibernate-commons-annotations-6.0.6.Final.jar;C:\Users\josex\.m2\repository\io\smallrye\jandex\3.0.5\jandex-3.0.5.jar;C:\Users\josex\.m2\repository\com\fasterxml\classmate\1.5.1\classmate-1.5.1.jar;C:\Users\josex\.m2\repository\net\bytebuddy\byte-buddy\1.14.6\byte-buddy-1.14.6.jar;C:\Users\josex\.m2\repository\org\glassfish\jaxb\jaxb-runtime\4.0.3\jaxb-runtime-4.0.3.jar;C:\Users\josex\.m2\repository\org\glassfish\jaxb\jaxb-core\4.0.3\jaxb-core-4.0.3.jar;C:\Users\josex\.m2\repository\org\eclipse\angus\angus-activation\2.0.1\angus-activation-2.0.1.jar;C:\Users\josex\.m2\repository\org\glassfish\jaxb\txw2\4.0.3\txw2-4.0.3.jar;C:\Users\josex\.m2\repository
Launcher Type: SUN_STANDARD

[Global flags]
     intx CICompilerCount                          = 12                                        {product} {ergonomic}
     uint ConcGCThreads                            = 3                                         {product} {ergonomic}
     uint G1ConcRefinementThreads                  = 13                                        {product} {ergonomic}
   size_t G1HeapRegionSize                         = 1048576                                   {product} {ergonomic}
    uintx GCDrainStackTargetSize                   = 64                                        {product} {ergonomic}
   size_t InitialHeapSize                          = 98566144                                  {product} {ergonomic}
     bool ManagementServer                         = true                                      {product} {command line}
   size_t MarkStackSize                            = 4194304                                   {product} {ergonomic}
   size_t MaxHeapSize                              = 1570766848                                {product} {ergonomic}
   size_t MaxNewSize                               = 941621248                                 {product} {ergonomic}
   size_t MinHeapDeltaBytes                        = 1048576                                   {product} {ergonomic}
   size_t MinHeapSize                              = 8388608                                   {product} {ergonomic}
    uintx NonProfiledCodeHeapSize                  = 0                                      {pd product} {ergonomic}
     bool ProfileInterpreter                       = false                                  {pd product} {command line}
    uintx ProfiledCodeHeapSize                     = 0                                      {pd product} {ergonomic}
   size_t SoftMaxHeapSize                          = 1570766848                             {manageable} {ergonomic}
     intx TieredStopAtLevel                        = 1                                         {product} {command line}
     bool UseCompressedClassPointers               = true                           {product lp64_product} {ergonomic}
     bool UseCompressedOops                        = true                           {product lp64_product} {ergonomic}
     bool UseG1GC                                  = true                                      {product} {ergonomic}
     bool UseLargePagesIndividualAllocation        = false                                  {pd product} {ergonomic}

Logging:
Log output configuration:
 #0: stdout all=warning uptime,level,tags
 #1: stderr all=off uptime,level,tags

Environment Variables:
PATH=C:\Program Files\Common Files\Oracle\Java\javapath;C:\WINDOWS\system32;C:\WINDOWS;C:\WINDOWS\System32\Wbem;C:\WINDOWS\System32\WindowsPowerShell\v1.0\;C:\WINDOWS\System32\OpenSSH\;C:\Program Files\Git\cmd;C:\Users\josex\AppData\Roaming\nvm;C:\Program Files\nodejs;C:\Users\josex\AppData\Roaming\nvm;;C:\Program Files (x86)\Microchip\MPLAB C32 Suite\bin;C:\Users\josex\AppData\Local\Programs\Python\Launcher\;C:\Users\josex\AppData\Local\Microsoft\WindowsApps;C:\Users\josex\AppData\Local\Programs\Microsoft VS Code\bin;C:\Users\josex\AppData\Roaming\nvm;C:\Program Files\nodejs;C:\Program Files\JetBrains\WebStorm 2024.2.3\bin;;C:\Users\josex\AppData\Local\Programs\Windsurf\bin;
USERNAME=josex
OS=Windows_NT
PROCESSOR_IDENTIFIER=AMD64 Family 23 Model 104 Stepping 1, AuthenticAMD



---------------  S Y S T E M  ---------------

OS:
 Windows 11 , 64 bit Build 26100 (10.0.26100.4202)
OS uptime: 0 days 11:11 hours

CPU: total 16 (initial active 16) (16 cores per cpu, 2 threads per core) family 23 model 104 stepping 1 microcode 0x8608102, cx8, cmov, fxsr, ht, mmx, 3dnowpref, sse, sse2, sse3, ssse3, sse4a, sse4.1, sse4.2, popcnt, lzcnt, tsc, tscinvbit, avx, avx2, aes, clmul, bmi1, bmi2, adx, sha, fma, vzeroupper, clflush, clflushopt

Memory: 4k page, system-wide physical 5989M (255M free)
TotalPageFile size 24421M (AvailPageFile size 0M)
current process WorkingSet (physical memory assigned to process): 215M, peak: 217M
current process commit charge ("private bytes"): 294M, peak: 303M

vm_info: Java HotSpot(TM) 64-Bit Server VM (17.0.12+8-LTS-286) for windows-amd64 JRE (17.0.12+8-LTS-286), built on Jun  5 2024 06:46:59 by "mach5one" with MS VC++ 17.6 (VS2022)

END.
