#
# There is insufficient memory for the Java Runtime Environment to continue.
# Native memory allocation (mmap) failed to map 11534336 bytes for G1 virtual space
# Possible reasons:
#   The system is out of physical RAM or swap space
#   The process is running with CompressedOops enabled, and the Java Heap may be blocking the growth of the native heap
# Possible solutions:
#   Reduce memory load on the system
#   Increase physical memory or swap space
#   Check if swap backing store is full
#   Decrease Java heap size (-Xmx/-Xms)
#   Decrease number of Java threads
#   Decrease Java thread stack sizes (-Xss)
#   Set larger code cache with -XX:ReservedCodeCacheSize=
#   JVM is running with Unscaled Compressed Oops mode in which the Java heap is
#     placed in the first 4GB address space. The Java Heap base address is the
#     maximum limit for the native heap growth. Please use -XX:HeapBaseMinAddress
#     to set the Java Heap base and to place the Java Heap above 4GB virtual address.
# This output file may be truncated or incomplete.
#
#  Out of Memory Error (os_windows.cpp:3548), pid=3644, tid=13192
#
# JRE version: Java(TM) SE Runtime Environment (17.0.12+8) (build 17.0.12+8-LTS-286)
# Java VM: Java HotSpot(TM) 64-Bit Server VM (17.0.12+8-LTS-286, mixed mode, emulated-client, sharing, tiered, compressed oops, compressed class ptrs, g1 gc, windows-amd64)
# No core dump will be written. Minidumps are not enabled by default on client versions of Windows
#

---------------  S U M M A R Y ------------

Command Line: -XX:TieredStopAtLevel=1 -Dspring.output.ansi.enabled=always -Dcom.sun.management.jmxremote -Dspring.jmx.enabled=true -Dspring.liveBeansView.mbeanDomain -Dspring.application.admin.enabled=true -Dmanagement.endpoints.jmx.exposure.include=* -javaagent:C:\Program Files\JetBrains\IntelliJ IDEA 2024.2.1\lib\idea_rt.jar=55490:C:\Program Files\JetBrains\IntelliJ IDEA 2024.2.1\bin -Dfile.encoding=UTF-8 com.example.mscliente.MsClienteApplication

Host: AMD Ryzen 7 5700U with Radeon Graphics         , 16 cores, 5G,  Windows 11 , 64 bit Build 26100 (10.0.26100.4202)
Time: Sun Jun 29 09:15:31 2025 Hora est. Pacífico, Sudamérica elapsed time: 12.947249 seconds (0d 0h 0m 12s)

---------------  T H R E A D  ---------------

Current thread (0x000001e11c33a930):  VMThread "VM Thread" [stack: 0x00000031c8b00000,0x00000031c8c00000] [id=13192]

Stack: [0x00000031c8b00000,0x00000031c8c00000]
Native frames: (J=compiled Java code, j=interpreted, Vv=VM code, C=native code)
V  [jvm.dll+0x67a04a]
V  [jvm.dll+0x7da4ed]
V  [jvm.dll+0x7dbe33]
V  [jvm.dll+0x7dc4a3]
V  [jvm.dll+0x24508f]
V  [jvm.dll+0x677089]
V  [jvm.dll+0x66bd32]
V  [jvm.dll+0x301fa6]
V  [jvm.dll+0x309546]
V  [jvm.dll+0x359d2e]
V  [jvm.dll+0x359f5f]
V  [jvm.dll+0x2d9078]
V  [jvm.dll+0x2d74ad]
V  [jvm.dll+0x2d6afc]
V  [jvm.dll+0x31a65b]
V  [jvm.dll+0x7e0d9b]
V  [jvm.dll+0x7e1ad4]
V  [jvm.dll+0x7e1fed]
V  [jvm.dll+0x7e23c4]
V  [jvm.dll+0x7e2490]
V  [jvm.dll+0x78abea]
V  [jvm.dll+0x678f35]
C  [ucrtbase.dll+0x37b0]
C  [KERNEL32.DLL+0x2e8d7]
C  [ntdll.dll+0x3c34c]

VM_Operation (0x00000031cc5fdbb0): G1CollectForAllocation, mode: safepoint, requested by thread 0x000001e1650d12c0


---------------  P R O C E S S  ---------------

Threads class SMR info:
_java_thread_list=0x000001e16512c5b0, length=51, elements={
0x000001e10a4c51a0, 0x000001e11c33ff50, 0x000001e11c341680, 0x000001e11c351540,
0x000001e11c353020, 0x000001e11c356670, 0x000001e11c359fc0, 0x000001e11c35d4c0,
0x000001e11c35f950, 0x000001e11c3bcae0, 0x000001e11c328020, 0x000001e1622c7c90,
0x000001e1622d6f30, 0x000001e162402690, 0x000001e1627fa1b0, 0x000001e1627e14d0,
0x000001e16285a450, 0x000001e162a301d0, 0x000001e1639a2890, 0x000001e1639e7830,
0x000001e162a31100, 0x000001e162a32030, 0x000001e162a32a50, 0x000001e162a2f2a0,
0x000001e162a2f7b0, 0x000001e1645ad9c0, 0x000001e1645ac580, 0x000001e1645aded0,
0x000001e1645ae8f0, 0x000001e1645af310, 0x000001e1645acfa0, 0x000001e1645ad4b0,
0x000001e1645ae3e0, 0x000001e1645aee00, 0x000001e1650cfe80, 0x000001e1650d08a0,
0x000001e1650d1ce0, 0x000001e1650cf460, 0x000001e1650d21f0, 0x000001e1650cea40,
0x000001e1650d0db0, 0x000001e1650d0390, 0x000001e1650d12c0, 0x000001e1650d17d0,
0x000001e1650d2700, 0x000001e1650cef50, 0x000001e1650d2c10, 0x000001e1650d3120,
0x000001e1650cf970, 0x000001e1650d5490, 0x000001e1650d4050
}

Java Threads: ( => current thread )
  0x000001e10a4c51a0 JavaThread "main" [_thread_blocked, id=8740, stack(0x00000031c8500000,0x00000031c8600000)]
  0x000001e11c33ff50 JavaThread "Reference Handler" daemon [_thread_blocked, id=17272, stack(0x00000031c8c00000,0x00000031c8d00000)]
  0x000001e11c341680 JavaThread "Finalizer" daemon [_thread_blocked, id=8356, stack(0x00000031c8d00000,0x00000031c8e00000)]
  0x000001e11c351540 JavaThread "Signal Dispatcher" daemon [_thread_blocked, id=11768, stack(0x00000031c8e00000,0x00000031c8f00000)]
  0x000001e11c353020 JavaThread "Attach Listener" daemon [_thread_blocked, id=9452, stack(0x00000031c8f00000,0x00000031c9000000)]
  0x000001e11c356670 JavaThread "Service Thread" daemon [_thread_blocked, id=7240, stack(0x00000031c9000000,0x00000031c9100000)]
  0x000001e11c359fc0 JavaThread "Monitor Deflation Thread" daemon [_thread_blocked, id=21604, stack(0x00000031c9100000,0x00000031c9200000)]
  0x000001e11c35d4c0 JavaThread "C1 CompilerThread0" daemon [_thread_blocked, id=13372, stack(0x00000031c9200000,0x00000031c9300000)]
  0x000001e11c35f950 JavaThread "Sweeper thread" daemon [_thread_blocked, id=21476, stack(0x00000031c9300000,0x00000031c9400000)]
  0x000001e11c3bcae0 JavaThread "C1 CompilerThread1" daemon [_thread_blocked, id=19392, stack(0x00000031c9400000,0x00000031c9500000)]
  0x000001e11c328020 JavaThread "Common-Cleaner" daemon [_thread_blocked, id=17172, stack(0x00000031c9500000,0x00000031c9600000)]
  0x000001e1622c7c90 JavaThread "Monitor Ctrl-Break" daemon [_thread_in_native, id=25520, stack(0x00000031c9600000,0x00000031c9700000)]
  0x000001e1622d6f30 JavaThread "Notification Thread" daemon [_thread_blocked, id=11128, stack(0x00000031c9700000,0x00000031c9800000)]
  0x000001e162402690 JavaThread "RMI TCP Accept-0" daemon [_thread_in_native, id=4268, stack(0x00000031c9a00000,0x00000031c9b00000)]
  0x000001e1627fa1b0 JavaThread "RMI TCP Connection(1)-192.168.1.65" daemon [_thread_blocked, id=21612, stack(0x00000031ca200000,0x00000031ca300000)]
  0x000001e1627e14d0 JavaThread "RMI Scheduler(0)" daemon [_thread_blocked, id=11212, stack(0x00000031ca300000,0x00000031ca400000)]
  0x000001e16285a450 JavaThread "JMX server connection timeout 28" daemon [_thread_blocked, id=8644, stack(0x00000031ca400000,0x00000031ca500000)]
  0x000001e162a301d0 JavaThread "Keep-Alive-Timer" daemon [_thread_blocked, id=8196, stack(0x00000031c9900000,0x00000031c9a00000)]
  0x000001e1639a2890 JavaThread "C1 CompilerThread2" daemon [_thread_blocked, id=20336, stack(0x00000031cac00000,0x00000031cad00000)]
  0x000001e1639e7830 JavaThread "C1 CompilerThread3" daemon [_thread_blocked, id=1552, stack(0x00000031cad00000,0x00000031cae00000)]
  0x000001e162a31100 JavaThread "Catalina-utility-1" [_thread_blocked, id=21872, stack(0x00000031c9800000,0x00000031c9900000)]
  0x000001e162a32030 JavaThread "Catalina-utility-2" [_thread_blocked, id=22424, stack(0x00000031cb000000,0x00000031cb100000)]
  0x000001e162a32a50 JavaThread "container-0" [_thread_blocked, id=2484, stack(0x00000031cb100000,0x00000031cb200000)]
  0x000001e162a2f2a0 JavaThread "mysql-cj-abandoned-connection-cleanup" daemon [_thread_blocked, id=13716, stack(0x00000031cb200000,0x00000031cb300000)]
  0x000001e162a2f7b0 JavaThread "RMI TCP Connection(2)-192.168.1.65" daemon [_thread_blocked, id=23972, stack(0x00000031cb300000,0x00000031cb400000)]
  0x000001e1645ad9c0 JavaThread "HikariPool-1 housekeeper" daemon [_thread_blocked, id=19380, stack(0x00000031cb400000,0x00000031cb500000)]
  0x000001e1645ac580 JavaThread "HikariPool-1 connection adder" daemon [_thread_blocked, id=8148, stack(0x00000031cb500000,0x00000031cb600000)]
  0x000001e1645aded0 JavaThread "ClassGraph-worker-0" daemon [_thread_blocked, id=16932, stack(0x00000031cb600000,0x00000031cb700000)]
  0x000001e1645ae8f0 JavaThread "ClassGraph-worker-1" daemon [_thread_blocked, id=12764, stack(0x00000031cb700000,0x00000031cb800000)]
  0x000001e1645af310 JavaThread "ClassGraph-worker-2" daemon [_thread_blocked, id=11608, stack(0x00000031cb800000,0x00000031cb900000)]
  0x000001e1645acfa0 JavaThread "ClassGraph-worker-3" daemon [_thread_blocked, id=12932, stack(0x00000031cb900000,0x00000031cba00000)]
  0x000001e1645ad4b0 JavaThread "ClassGraph-worker-4" daemon [_thread_blocked, id=8132, stack(0x00000031cba00000,0x00000031cbb00000)]
  0x000001e1645ae3e0 JavaThread "ClassGraph-worker-5" daemon [_thread_blocked, id=22152, stack(0x00000031cbb00000,0x00000031cbc00000)]
  0x000001e1645aee00 JavaThread "ClassGraph-worker-6" daemon [_thread_blocked, id=5212, stack(0x00000031cbc00000,0x00000031cbd00000)]
  0x000001e1650cfe80 JavaThread "ClassGraph-worker-7" daemon [_thread_blocked, id=3196, stack(0x00000031cbd00000,0x00000031cbe00000)]
  0x000001e1650d08a0 JavaThread "ClassGraph-worker-8" daemon [_thread_blocked, id=8432, stack(0x00000031cbe00000,0x00000031cbf00000)]
  0x000001e1650d1ce0 JavaThread "ClassGraph-worker-9" daemon [_thread_blocked, id=12852, stack(0x00000031cbf00000,0x00000031cc000000)]
  0x000001e1650cf460 JavaThread "ClassGraph-worker-10" daemon [_thread_blocked, id=9444, stack(0x00000031cc000000,0x00000031cc100000)]
  0x000001e1650d21f0 JavaThread "ClassGraph-worker-11" daemon [_thread_blocked, id=18376, stack(0x00000031cc100000,0x00000031cc200000)]
  0x000001e1650cea40 JavaThread "ClassGraph-worker-12" daemon [_thread_blocked, id=12344, stack(0x00000031cc200000,0x00000031cc300000)]
  0x000001e1650d0db0 JavaThread "ClassGraph-worker-13" daemon [_thread_blocked, id=24640, stack(0x00000031cc300000,0x00000031cc400000)]
  0x000001e1650d0390 JavaThread "ClassGraph-worker-14" daemon [_thread_blocked, id=11100, stack(0x00000031cc400000,0x00000031cc500000)]
  0x000001e1650d12c0 JavaThread "ClassGraph-worker-15" daemon [_thread_blocked, id=16400, stack(0x00000031cc500000,0x00000031cc600000)]
  0x000001e1650d17d0 JavaThread "ClassGraph-worker-16" daemon [_thread_blocked, id=4660, stack(0x00000031cc600000,0x00000031cc700000)]
  0x000001e1650d2700 JavaThread "ClassGraph-worker-17" daemon [_thread_blocked, id=7320, stack(0x00000031cc700000,0x00000031cc800000)]
  0x000001e1650cef50 JavaThread "ClassGraph-worker-18" daemon [_thread_blocked, id=11600, stack(0x00000031cc800000,0x00000031cc900000)]
  0x000001e1650d2c10 JavaThread "ClassGraph-worker-19" daemon [_thread_blocked, id=19872, stack(0x00000031cc900000,0x00000031cca00000)]
  0x000001e1650d3120 JavaThread "ClassGraph-worker-20" daemon [_thread_blocked, id=18680, stack(0x00000031cca00000,0x00000031ccb00000)]
  0x000001e1650cf970 JavaThread "ClassGraph-worker-21" daemon [_thread_blocked, id=4812, stack(0x00000031ccb00000,0x00000031ccc00000)]
  0x000001e1650d5490 JavaThread "ClassGraph-worker-22" daemon [_thread_blocked, id=24404, stack(0x00000031ccc00000,0x00000031ccd00000)]
  0x000001e1650d4050 JavaThread "ClassGraph-worker-23" daemon [_thread_blocked, id=24504, stack(0x00000031ccd00000,0x00000031cce00000)]

Other Threads:
=>0x000001e11c33a930 VMThread "VM Thread" [stack: 0x00000031c8b00000,0x00000031c8c00000] [id=13192]
  0x000001e10a55a9f0 WatcherThread [stack: 0x00000031c9b00000,0x00000031c9c00000] [id=20624]
  0x000001e10a511320 GCTaskThread "GC Thread#0" [stack: 0x00000031c8600000,0x00000031c8700000] [id=21964]
  0x000001e162786400 GCTaskThread "GC Thread#1" [stack: 0x00000031c9c00000,0x00000031c9d00000] [id=1956]
  0x000001e1627acd30 GCTaskThread "GC Thread#2" [stack: 0x00000031c9d00000,0x00000031c9e00000] [id=22784]
  0x000001e1627acff0 GCTaskThread "GC Thread#3" [stack: 0x00000031c9e00000,0x00000031c9f00000] [id=24632]
  0x000001e1627adee0 GCTaskThread "GC Thread#4" [stack: 0x00000031c9f00000,0x00000031ca000000] [id=18456]
  0x000001e1627ae1a0 GCTaskThread "GC Thread#5" [stack: 0x00000031ca000000,0x00000031ca100000] [id=16472]
  0x000001e1627ae460 GCTaskThread "GC Thread#6" [stack: 0x00000031ca100000,0x00000031ca200000] [id=5216]
  0x000001e162ab1950 GCTaskThread "GC Thread#7" [stack: 0x00000031ca500000,0x00000031ca600000] [id=12632]
  0x000001e16340cbe0 GCTaskThread "GC Thread#8" [stack: 0x00000031ca600000,0x00000031ca700000] [id=8948]
  0x000001e162b0a020 GCTaskThread "GC Thread#9" [stack: 0x00000031ca700000,0x00000031ca800000] [id=3516]
  0x000001e162b0a2e0 GCTaskThread "GC Thread#10" [stack: 0x00000031ca800000,0x00000031ca900000] [id=18716]
  0x000001e162a770e0 GCTaskThread "GC Thread#11" [stack: 0x00000031ca900000,0x00000031caa00000] [id=11832]
  0x000001e162a77660 GCTaskThread "GC Thread#12" [stack: 0x00000031caa00000,0x00000031cab00000] [id=11188]
  0x000001e10a51f220 ConcurrentGCThread "G1 Main Marker" [stack: 0x00000031c8700000,0x00000031c8800000] [id=4220]
  0x000001e10a51fc30 ConcurrentGCThread "G1 Conc#0" [stack: 0x00000031c8800000,0x00000031c8900000] [id=9548]
  0x000001e162a76e20 ConcurrentGCThread "G1 Conc#1" [stack: 0x00000031cae00000,0x00000031caf00000] [id=23088]
  0x000001e162a77ea0 ConcurrentGCThread "G1 Conc#2" [stack: 0x00000031caf00000,0x00000031cb000000] [id=6272]
  0x000001e10a57eaf0 ConcurrentGCThread "G1 Refine#0" [stack: 0x00000031c8900000,0x00000031c8a00000] [id=20216]
  0x000001e11c1f4a30 ConcurrentGCThread "G1 Service" [stack: 0x00000031c8a00000,0x00000031c8b00000] [id=24304]

Threads with active compile tasks:
C1 CompilerThread0    12982 5844       1       java.io.RandomAccessFile::<init> (262 bytes)
C1 CompilerThread1    12982 5835   !   1       io.github.classgraph.ClasspathElementZip::open (1079 bytes)
C1 CompilerThread2    12982 5836   !   1       nonapi.io.github.classgraph.fastzipfilereader.LogicalZipFile::readCentralDirectory (3373 bytes)
C1 CompilerThread3    12982 5846       1       sun.nio.ch.FileChannelImpl::<init> (144 bytes)

VM state: at safepoint (normal execution)

VM Mutex/Monitor currently owned by a thread:  ([mutex/lock_event])
[0x000001e10a4c2e80] Threads_lock - owner thread: 0x000001e11c33a930
[0x000001e10a4c1f50] Heap_lock - owner thread: 0x000001e1650d12c0

Heap address: 0x00000000a2600000, size: 1498 MB, Compressed Oops mode: 32-bit

CDS archive(s) mapped at: [0x000001e11d000000-0x000001e11dbd0000-0x000001e11dbd0000), size 12386304, SharedBaseAddress: 0x000001e11d000000, ArchiveRelocationMode: 1.
Compressed class space mapped at: 0x000001e11e000000-0x000001e15e000000, reserved size: 1073741824
Narrow klass base: 0x000001e11d000000, Narrow klass shift: 0, Narrow klass range: 0x100000000

GC Precious Log:
 CPUs: 16 total, 16 available
 Memory: 5989M
 Large Page Support: Disabled
 NUMA Support: Disabled
 Compressed Oops: Enabled (32-bit)
 Heap Region Size: 1M
 Heap Min Capacity: 8M
 Heap Initial Capacity: 94M
 Heap Max Capacity: 1498M
 Pre-touch: Disabled
 Parallel Workers: 13
 Concurrent Workers: 3
 Concurrent Refinement Workers: 13
 Periodic GC: Disabled

Heap:
 garbage-first heap   total 96256K, used 45755K [0x00000000a2600000, 0x0000000100000000)
  region size 1024K, 2 young (2048K), 2 survivors (2048K)
 Metaspace       used 68868K, committed 69440K, reserved 1114112K
  class space    used 9912K, committed 10176K, reserved 1048576K

Heap Regions: E=young(eden), S=young(survivor), O=old, HS=humongous(starts), HC=humongous(continues), CS=collection set, F=free, OA=open archive, CA=closed archive, TAMS=top-at-mark-start (previous, next)
|   0|0x00000000a2600000, 0x00000000a2700000, 0x00000000a2700000|100%|HS|  |TAMS 0x00000000a2700000, 0x00000000a2700000| Complete 
|   1|0x00000000a2700000, 0x00000000a2800000, 0x00000000a2800000|100%|HS|  |TAMS 0x00000000a2800000, 0x00000000a2800000| Complete 
|   2|0x00000000a2800000, 0x00000000a2900000, 0x00000000a2900000|100%| O|  |TAMS 0x00000000a2900000, 0x00000000a2900000| Untracked 
|   3|0x00000000a2900000, 0x00000000a2a00000, 0x00000000a2a00000|100%| O|  |TAMS 0x00000000a2a00000, 0x00000000a2a00000| Untracked 
|   4|0x00000000a2a00000, 0x00000000a2b00000, 0x00000000a2b00000|100%| O|  |TAMS 0x00000000a2b00000, 0x00000000a2b00000| Untracked 
|   5|0x00000000a2b00000, 0x00000000a2c00000, 0x00000000a2c00000|100%| O|  |TAMS 0x00000000a2c00000, 0x00000000a2c00000| Untracked 
|   6|0x00000000a2c00000, 0x00000000a2d00000, 0x00000000a2d00000|100%| O|  |TAMS 0x00000000a2d00000, 0x00000000a2d00000| Untracked 
|   7|0x00000000a2d00000, 0x00000000a2e00000, 0x00000000a2e00000|100%| O|  |TAMS 0x00000000a2e00000, 0x00000000a2e00000| Untracked 
|   8|0x00000000a2e00000, 0x00000000a2f00000, 0x00000000a2f00000|100%| O|  |TAMS 0x00000000a2f00000, 0x00000000a2f00000| Untracked 
|   9|0x00000000a2f00000, 0x00000000a3000000, 0x00000000a3000000|100%| O|  |TAMS 0x00000000a3000000, 0x00000000a3000000| Untracked 
|  10|0x00000000a3000000, 0x00000000a3100000, 0x00000000a3100000|100%| O|  |TAMS 0x00000000a3100000, 0x00000000a3100000| Untracked 
|  11|0x00000000a3100000, 0x00000000a3200000, 0x00000000a3200000|100%| O|  |TAMS 0x00000000a3200000, 0x00000000a3200000| Untracked 
|  12|0x00000000a3200000, 0x00000000a323c400, 0x00000000a3300000| 23%| O|  |TAMS 0x00000000a323c400, 0x00000000a323c400| Untracked 
|  13|0x00000000a3300000, 0x00000000a3400000, 0x00000000a3400000|100%| O|  |TAMS 0x00000000a3400000, 0x00000000a3400000| Untracked 
|  14|0x00000000a3400000, 0x00000000a3500000, 0x00000000a3500000|100%| O|  |TAMS 0x00000000a3500000, 0x00000000a3500000| Untracked 
|  15|0x00000000a3500000, 0x00000000a3600000, 0x00000000a3600000|100%| O|  |TAMS 0x00000000a3600000, 0x00000000a3600000| Untracked 
|  16|0x00000000a3600000, 0x00000000a3700000, 0x00000000a3700000|100%| O|  |TAMS 0x00000000a3700000, 0x00000000a3700000| Untracked 
|  17|0x00000000a3700000, 0x00000000a3800000, 0x00000000a3800000|100%| O|  |TAMS 0x00000000a3800000, 0x00000000a3800000| Untracked 
|  18|0x00000000a3800000, 0x00000000a3900000, 0x00000000a3900000|100%| O|  |TAMS 0x00000000a3900000, 0x00000000a3900000| Untracked 
|  19|0x00000000a3900000, 0x00000000a3a00000, 0x00000000a3a00000|100%| O|  |TAMS 0x00000000a3a00000, 0x00000000a3a00000| Untracked 
|  20|0x00000000a3a00000, 0x00000000a3b00000, 0x00000000a3b00000|100%| O|  |TAMS 0x00000000a3b00000, 0x00000000a3b00000| Untracked 
|  21|0x00000000a3b00000, 0x00000000a3c00000, 0x00000000a3c00000|100%| O|  |TAMS 0x00000000a3c00000, 0x00000000a3c00000| Untracked 
|  22|0x00000000a3c00000, 0x00000000a3d00000, 0x00000000a3d00000|100%| O|  |TAMS 0x00000000a3d00000, 0x00000000a3d00000| Untracked 
|  23|0x00000000a3d00000, 0x00000000a3e00000, 0x00000000a3e00000|100%| O|  |TAMS 0x00000000a3e00000, 0x00000000a3e00000| Untracked 
|  24|0x00000000a3e00000, 0x00000000a3f00000, 0x00000000a3f00000|100%| O|  |TAMS 0x00000000a3f00000, 0x00000000a3f00000| Untracked 
|  25|0x00000000a3f00000, 0x00000000a4000000, 0x00000000a4000000|100%| O|  |TAMS 0x00000000a4000000, 0x00000000a4000000| Untracked 
|  26|0x00000000a4000000, 0x00000000a4100000, 0x00000000a4100000|100%| O|  |TAMS 0x00000000a4100000, 0x00000000a4100000| Untracked 
|  27|0x00000000a4100000, 0x00000000a4200000, 0x00000000a4200000|100%| O|  |TAMS 0x00000000a41fd000, 0x00000000a4200000| Untracked 
|  28|0x00000000a4200000, 0x00000000a4300000, 0x00000000a4300000|100%| O|  |TAMS 0x00000000a4200000, 0x00000000a4300000| Untracked 
|  29|0x00000000a4300000, 0x00000000a4400000, 0x00000000a4400000|100%| O|  |TAMS 0x00000000a4300000, 0x00000000a4400000| Untracked 
|  30|0x00000000a4400000, 0x00000000a4500000, 0x00000000a4500000|100%|HS|  |TAMS 0x00000000a4400000, 0x00000000a4500000| Complete 
|  31|0x00000000a4500000, 0x00000000a4600000, 0x00000000a4600000|100%| O|  |TAMS 0x00000000a4500000, 0x00000000a4600000| Untracked 
|  32|0x00000000a4600000, 0x00000000a4700000, 0x00000000a4700000|100%| O|  |TAMS 0x00000000a4600000, 0x00000000a4700000| Untracked 
|  33|0x00000000a4700000, 0x00000000a4800000, 0x00000000a4800000|100%| O|  |TAMS 0x00000000a4700000, 0x00000000a4800000| Untracked 
|  34|0x00000000a4800000, 0x00000000a4900000, 0x00000000a4900000|100%| O|  |TAMS 0x00000000a4800000, 0x00000000a4835c00| Untracked 
|  35|0x00000000a4900000, 0x00000000a4a00000, 0x00000000a4a00000|100%| O|  |TAMS 0x00000000a4900000, 0x00000000a4900000| Untracked 
|  36|0x00000000a4a00000, 0x00000000a4b00000, 0x00000000a4b00000|100%| O|  |TAMS 0x00000000a4a00000, 0x00000000a4a00000| Untracked 
|  37|0x00000000a4b00000, 0x00000000a4c00000, 0x00000000a4c00000|100%| O|  |TAMS 0x00000000a4b00000, 0x00000000a4b00000| Untracked 
|  38|0x00000000a4c00000, 0x00000000a4d00000, 0x00000000a4d00000|100%| O|  |TAMS 0x00000000a4c00000, 0x00000000a4c00000| Untracked 
|  39|0x00000000a4d00000, 0x00000000a4e00000, 0x00000000a4e00000|100%|HS|  |TAMS 0x00000000a4d00000, 0x00000000a4d00000| Complete 
|  40|0x00000000a4e00000, 0x00000000a4f00000, 0x00000000a4f00000|100%| O|  |TAMS 0x00000000a4e00000, 0x00000000a4e00000| Untracked 
|  41|0x00000000a4f00000, 0x00000000a5000000, 0x00000000a5000000|100%| O|  |TAMS 0x00000000a4f00000, 0x00000000a4f00000| Untracked 
|  42|0x00000000a5000000, 0x00000000a5100000, 0x00000000a5100000|100%| O|  |TAMS 0x00000000a5000000, 0x00000000a5000000| Untracked 
|  43|0x00000000a5100000, 0x00000000a5172a00, 0x00000000a5200000| 44%| O|  |TAMS 0x00000000a5100000, 0x00000000a5100000| Untracked 
|  44|0x00000000a5200000, 0x00000000a5200000, 0x00000000a5300000|  0%| F|  |TAMS 0x00000000a5200000, 0x00000000a5200000| Untracked 
|  45|0x00000000a5300000, 0x00000000a5300000, 0x00000000a5400000|  0%| F|  |TAMS 0x00000000a5300000, 0x00000000a5300000| Untracked 
|  46|0x00000000a5400000, 0x00000000a5400000, 0x00000000a5500000|  0%| F|  |TAMS 0x00000000a5400000, 0x00000000a5400000| Untracked 
|  47|0x00000000a5500000, 0x00000000a5500000, 0x00000000a5600000|  0%| F|  |TAMS 0x00000000a5500000, 0x00000000a5500000| Untracked 
|  48|0x00000000a5600000, 0x00000000a5600000, 0x00000000a5700000|  0%| F|  |TAMS 0x00000000a5600000, 0x00000000a5600000| Untracked 
|  49|0x00000000a5700000, 0x00000000a5700000, 0x00000000a5800000|  0%| F|  |TAMS 0x00000000a5700000, 0x00000000a5700000| Untracked 
|  50|0x00000000a5800000, 0x00000000a5800000, 0x00000000a5900000|  0%| F|  |TAMS 0x00000000a5800000, 0x00000000a5800000| Untracked 
|  51|0x00000000a5900000, 0x00000000a5900000, 0x00000000a5a00000|  0%| F|  |TAMS 0x00000000a5900000, 0x00000000a5900000| Untracked 
|  52|0x00000000a5a00000, 0x00000000a5a00000, 0x00000000a5b00000|  0%| F|  |TAMS 0x00000000a5a00000, 0x00000000a5a00000| Untracked 
|  53|0x00000000a5b00000, 0x00000000a5b00000, 0x00000000a5c00000|  0%| F|  |TAMS 0x00000000a5b00000, 0x00000000a5b00000| Untracked 
|  54|0x00000000a5c00000, 0x00000000a5d00000, 0x00000000a5d00000|100%| S|CS|TAMS 0x00000000a5c00000, 0x00000000a5c00000| Complete 
|  55|0x00000000a5d00000, 0x00000000a5e00000, 0x00000000a5e00000|100%| S|CS|TAMS 0x00000000a5d00000, 0x00000000a5d00000| Complete 
|  56|0x00000000a5e00000, 0x00000000a5e00000, 0x00000000a5f00000|  0%| F|  |TAMS 0x00000000a5e00000, 0x00000000a5e00000| Untracked 
|  57|0x00000000a5f00000, 0x00000000a5f00000, 0x00000000a6000000|  0%| F|  |TAMS 0x00000000a5f00000, 0x00000000a5f00000| Untracked 
|  58|0x00000000a6000000, 0x00000000a6000000, 0x00000000a6100000|  0%| F|  |TAMS 0x00000000a6000000, 0x00000000a6000000| Untracked 
|  59|0x00000000a6100000, 0x00000000a6100000, 0x00000000a6200000|  0%| F|  |TAMS 0x00000000a6100000, 0x00000000a6100000| Untracked 
|  60|0x00000000a6200000, 0x00000000a6200000, 0x00000000a6300000|  0%| F|  |TAMS 0x00000000a6200000, 0x00000000a6200000| Untracked 
|  61|0x00000000a6300000, 0x00000000a6300000, 0x00000000a6400000|  0%| F|  |TAMS 0x00000000a6300000, 0x00000000a6300000| Untracked 
|  62|0x00000000a6400000, 0x00000000a6400000, 0x00000000a6500000|  0%| F|  |TAMS 0x00000000a6400000, 0x00000000a6400000| Untracked 
|  63|0x00000000a6500000, 0x00000000a6500000, 0x00000000a6600000|  0%| F|  |TAMS 0x00000000a6500000, 0x00000000a6500000| Untracked 
|  64|0x00000000a6600000, 0x00000000a6600000, 0x00000000a6700000|  0%| F|  |TAMS 0x00000000a6600000, 0x00000000a6600000| Untracked 
|  65|0x00000000a6700000, 0x00000000a6700000, 0x00000000a6800000|  0%| F|  |TAMS 0x00000000a6700000, 0x00000000a6700000| Untracked 
|  66|0x00000000a6800000, 0x00000000a6800000, 0x00000000a6900000|  0%| F|  |TAMS 0x00000000a6800000, 0x00000000a6800000| Untracked 
|  67|0x00000000a6900000, 0x00000000a6900000, 0x00000000a6a00000|  0%| F|  |TAMS 0x00000000a6900000, 0x00000000a6900000| Untracked 
|  68|0x00000000a6a00000, 0x00000000a6a00000, 0x00000000a6b00000|  0%| F|  |TAMS 0x00000000a6a00000, 0x00000000a6a00000| Untracked 
|  69|0x00000000a6b00000, 0x00000000a6b00000, 0x00000000a6c00000|  0%| F|  |TAMS 0x00000000a6b00000, 0x00000000a6b00000| Untracked 
|  70|0x00000000a6c00000, 0x00000000a6c00000, 0x00000000a6d00000|  0%| F|  |TAMS 0x00000000a6c00000, 0x00000000a6c00000| Untracked 
|  71|0x00000000a6d00000, 0x00000000a6d00000, 0x00000000a6e00000|  0%| F|  |TAMS 0x00000000a6d00000, 0x00000000a6d00000| Untracked 
|  72|0x00000000a6e00000, 0x00000000a6e00000, 0x00000000a6f00000|  0%| F|  |TAMS 0x00000000a6e00000, 0x00000000a6e00000| Untracked 
|  73|0x00000000a6f00000, 0x00000000a6f00000, 0x00000000a7000000|  0%| F|  |TAMS 0x00000000a6f00000, 0x00000000a6f00000| Untracked 
|  74|0x00000000a7000000, 0x00000000a7000000, 0x00000000a7100000|  0%| F|  |TAMS 0x00000000a7000000, 0x00000000a7000000| Untracked 
|  75|0x00000000a7100000, 0x00000000a7100000, 0x00000000a7200000|  0%| F|  |TAMS 0x00000000a7100000, 0x00000000a7100000| Untracked 
|  76|0x00000000a7200000, 0x00000000a7200000, 0x00000000a7300000|  0%| F|  |TAMS 0x00000000a7200000, 0x00000000a7200000| Untracked 
|  77|0x00000000a7300000, 0x00000000a7300000, 0x00000000a7400000|  0%| F|  |TAMS 0x00000000a7300000, 0x00000000a7300000| Untracked 
|  78|0x00000000a7400000, 0x00000000a7400000, 0x00000000a7500000|  0%| F|  |TAMS 0x00000000a7400000, 0x00000000a7400000| Untracked 
|  79|0x00000000a7500000, 0x00000000a7500000, 0x00000000a7600000|  0%| F|  |TAMS 0x00000000a7500000, 0x00000000a7500000| Untracked 
|  80|0x00000000a7600000, 0x00000000a7600000, 0x00000000a7700000|  0%| F|  |TAMS 0x00000000a7600000, 0x00000000a7600000| Untracked 
|  81|0x00000000a7700000, 0x00000000a7700000, 0x00000000a7800000|  0%| F|  |TAMS 0x00000000a7700000, 0x00000000a7700000| Untracked 
|  82|0x00000000a7800000, 0x00000000a7800000, 0x00000000a7900000|  0%| F|  |TAMS 0x00000000a7800000, 0x00000000a7800000| Untracked 
|  83|0x00000000a7900000, 0x00000000a7900000, 0x00000000a7a00000|  0%| F|  |TAMS 0x00000000a7900000, 0x00000000a7900000| Untracked 
|  84|0x00000000a7a00000, 0x00000000a7a00000, 0x00000000a7b00000|  0%| F|  |TAMS 0x00000000a7a00000, 0x00000000a7a00000| Untracked 
|  85|0x00000000a7b00000, 0x00000000a7b00000, 0x00000000a7c00000|  0%| F|  |TAMS 0x00000000a7b00000, 0x00000000a7b00000| Untracked 
|  86|0x00000000a7c00000, 0x00000000a7c00000, 0x00000000a7d00000|  0%| F|  |TAMS 0x00000000a7c00000, 0x00000000a7c00000| Untracked 
|  87|0x00000000a7d00000, 0x00000000a7d00000, 0x00000000a7e00000|  0%| F|  |TAMS 0x00000000a7d00000, 0x00000000a7d00000| Untracked 
|  88|0x00000000a7e00000, 0x00000000a7e00000, 0x00000000a7f00000|  0%| F|  |TAMS 0x00000000a7e00000, 0x00000000a7e00000| Untracked 
|  89|0x00000000a7f00000, 0x00000000a7f00000, 0x00000000a8000000|  0%| F|  |TAMS 0x00000000a7f00000, 0x00000000a7f00000| Untracked 
|  90|0x00000000a8000000, 0x00000000a8000000, 0x00000000a8100000|  0%| F|  |TAMS 0x00000000a8000000, 0x00000000a8000000| Untracked 
|  91|0x00000000a8100000, 0x00000000a8100000, 0x00000000a8200000|  0%| F|  |TAMS 0x00000000a8100000, 0x00000000a8100000| Untracked 
|  92|0x00000000a8200000, 0x00000000a8200000, 0x00000000a8300000|  0%| F|  |TAMS 0x00000000a8200000, 0x00000000a8200000| Untracked 
|  93|0x00000000a8300000, 0x00000000a8300000, 0x00000000a8400000|  0%| F|  |TAMS 0x00000000a8300000, 0x00000000a8300000| Untracked 

Card table byte_map: [0x000001e115f30000,0x000001e116220000] _byte_map_base: 0x000001e115a1d000

Marking Bits (Prev, Next): (CMBitMap*) 0x000001e10a511980, (CMBitMap*) 0x000001e10a511940
 Prev Bits: [0x000001e117c80000, 0x000001e1193e8000)
 Next Bits: [0x000001e116510000, 0x000001e117c78000)

Polling page: 0x000001e108bf0000

Metaspace:

Usage:
  Non-class:     57.57 MB used.
      Class:      9.68 MB used.
       Both:     67.25 MB used.

Virtual space:
  Non-class space:       64.00 MB reserved,      57.88 MB ( 90%) committed,  1 nodes.
      Class space:        1.00 GB reserved,       9.94 MB ( <1%) committed,  1 nodes.
             Both:        1.06 GB reserved,      67.81 MB (  6%) committed. 

Chunk freelists:
   Non-Class:  5.47 MB
       Class:  6.11 MB
        Both:  11.58 MB

MaxMetaspaceSize: unlimited
CompressedClassSpaceSize: 1.00 GB
Initial GC threshold: 21.00 MB
Current GC threshold: 98.56 MB
CDS: on
MetaspaceReclaimPolicy: balanced
 - commit_granule_bytes: 65536.
 - commit_granule_words: 8192.
 - virtual_space_node_default_size: 8388608.
 - enlarge_chunks_in_place: 1.
 - new_chunks_are_fully_committed: 0.
 - uncommit_free_chunks: 1.
 - use_allocation_guard: 0.
 - handle_deallocations: 1.


Internal statistics:

num_allocs_failed_limit: 9.
num_arena_births: 820.
num_arena_deaths: 0.
num_vsnodes_births: 2.
num_vsnodes_deaths: 0.
num_space_committed: 1085.
num_space_uncommitted: 0.
num_chunks_returned_to_freelist: 9.
num_chunks_taken_from_freelist: 3268.
num_chunk_merges: 9.
num_chunk_splits: 2363.
num_chunks_enlarged: 1818.
num_inconsistent_stats: 0.

CodeCache: size=49152Kb used=12236Kb max_used=12236Kb free=36915Kb
 bounds [0x000001e111e70000, 0x000001e112a70000, 0x000001e114e70000]
 total_blobs=6517 nmethods=5841 adapters=598
 compilation: enabled
              stopped_count=0, restarted_count=0
 full_count=0

Compilation events (20 events):
Event: 11.772 Thread 0x000001e1639e7830 nmethod 5833 0x000001e112a57590 code [0x000001e112a57720, 0x000001e112a577f8]
Event: 11.774 Thread 0x000001e11c35d4c0 nmethod 5820% 0x000001e112a57890 code [0x000001e112a583a0, 0x000001e112a5d108]
Event: 11.774 Thread 0x000001e1639a2890 5834  s    1       java.io.FileDescriptor::attach (73 bytes)
Event: 11.775 Thread 0x000001e1639a2890 nmethod 5834 0x000001e112a5fe90 code [0x000001e112a60060, 0x000001e112a60588]
Event: 11.775 Thread 0x000001e11c3bcae0 5835   !   1       io.github.classgraph.ClasspathElementZip::open (1079 bytes)
Event: 11.776 Thread 0x000001e1639a2890 5836   !   1       nonapi.io.github.classgraph.fastzipfilereader.LogicalZipFile::readCentralDirectory (3373 bytes)
Event: 11.777 Thread 0x000001e1639e7830 5837       1       java.lang.Class::getSimpleName (26 bytes)
Event: 11.777 Thread 0x000001e1639e7830 nmethod 5837 0x000001e112a60790 code [0x000001e112a60940, 0x000001e112a60ab8]
Event: 11.780 Thread 0x000001e1639e7830 5838       1       java.io.File::getCanonicalFile (38 bytes)
Event: 11.780 Thread 0x000001e1639e7830 nmethod 5838 0x000001e112a60b90 code [0x000001e112a60d80, 0x000001e112a610f8]
Event: 11.781 Thread 0x000001e1639e7830 5839       1       java.util.AbstractMap$SimpleEntry::<init> (15 bytes)
Event: 11.781 Thread 0x000001e1639e7830 nmethod 5839 0x000001e112a61290 code [0x000001e112a61420, 0x000001e112a61578]
Event: 11.785 Thread 0x000001e11c35d4c0 5840   !   1       sun.nio.fs.WindowsPath::toAbsolutePath (56 bytes)
Event: 11.785 Thread 0x000001e1639e7830 5841       1       java.io.File::canRead (34 bytes)
Event: 11.786 Thread 0x000001e11c35d4c0 nmethod 5840 0x000001e112a61610 code [0x000001e112a61840, 0x000001e112a61ce8]
Event: 11.786 Thread 0x000001e1639e7830 nmethod 5841 0x000001e112a62010 code [0x000001e112a621e0, 0x000001e112a624a8]
Event: 11.787 Thread 0x000001e11c35d4c0 5844       1       java.io.RandomAccessFile::<init> (262 bytes)
Event: 11.787 Thread 0x000001e1639e7830 5843       1       java.io.RandomAccessFile::<init> (8 bytes)
Event: 11.788 Thread 0x000001e1639e7830 nmethod 5843 0x000001e112a62e10 code [0x000001e112a62fa0, 0x000001e112a63088]
Event: 11.788 Thread 0x000001e1639e7830 5846       1       sun.nio.ch.FileChannelImpl::<init> (144 bytes)

GC Heap History (20 events):
Event: 8.652 GC heap after
{Heap after GC invocations=9 (full 0):
 garbage-first heap   total 70656K, used 22442K [0x00000000a2600000, 0x0000000100000000)
  region size 1024K, 4 young (4096K), 4 survivors (4096K)
 Metaspace       used 33659K, committed 34048K, reserved 1114112K
  class space    used 4823K, committed 4992K, reserved 1048576K
}
Event: 8.909 GC heap before
{Heap before GC invocations=9 (full 0):
 garbage-first heap   total 70656K, used 35754K [0x00000000a2600000, 0x0000000100000000)
  region size 1024K, 17 young (17408K), 4 survivors (4096K)
 Metaspace       used 35515K, committed 35968K, reserved 1114112K
  class space    used 5049K, committed 5312K, reserved 1048576K
}
Event: 8.916 GC heap after
{Heap after GC invocations=10 (full 0):
 garbage-first heap   total 70656K, used 23922K [0x00000000a2600000, 0x0000000100000000)
  region size 1024K, 4 young (4096K), 4 survivors (4096K)
 Metaspace       used 35515K, committed 35968K, reserved 1114112K
  class space    used 5049K, committed 5312K, reserved 1048576K
}
Event: 9.387 GC heap before
{Heap before GC invocations=11 (full 0):
 garbage-first heap   total 70656K, used 51570K [0x00000000a2600000, 0x0000000100000000)
  region size 1024K, 31 young (31744K), 4 survivors (4096K)
 Metaspace       used 41191K, committed 41664K, reserved 1114112K
  class space    used 5949K, committed 6208K, reserved 1048576K
}
Event: 9.391 GC heap after
{Heap after GC invocations=12 (full 0):
 garbage-first heap   total 70656K, used 25300K [0x00000000a2600000, 0x0000000100000000)
  region size 1024K, 3 young (3072K), 3 survivors (3072K)
 Metaspace       used 41191K, committed 41664K, reserved 1114112K
  class space    used 5949K, committed 6208K, reserved 1048576K
}
Event: 9.933 GC heap before
{Heap before GC invocations=12 (full 0):
 garbage-first heap   total 70656K, used 53972K [0x00000000a2600000, 0x0000000100000000)
  region size 1024K, 31 young (31744K), 3 survivors (3072K)
 Metaspace       used 51729K, committed 52224K, reserved 1114112K
  class space    used 7277K, committed 7552K, reserved 1048576K
}
Event: 9.937 GC heap after
{Heap after GC invocations=13 (full 0):
 garbage-first heap   total 70656K, used 28147K [0x00000000a2600000, 0x0000000100000000)
  region size 1024K, 4 young (4096K), 4 survivors (4096K)
 Metaspace       used 51729K, committed 52224K, reserved 1114112K
  class space    used 7277K, committed 7552K, reserved 1048576K
}
Event: 10.413 GC heap before
{Heap before GC invocations=13 (full 0):
 garbage-first heap   total 70656K, used 52723K [0x00000000a2600000, 0x0000000100000000)
  region size 1024K, 29 young (29696K), 4 survivors (4096K)
 Metaspace       used 58359K, committed 58880K, reserved 1114112K
  class space    used 8371K, committed 8640K, reserved 1048576K
}
Event: 10.416 GC heap after
{Heap after GC invocations=14 (full 0):
 garbage-first heap   total 70656K, used 29508K [0x00000000a2600000, 0x0000000100000000)
  region size 1024K, 2 young (2048K), 2 survivors (2048K)
 Metaspace       used 58359K, committed 58880K, reserved 1114112K
  class space    used 8371K, committed 8640K, reserved 1048576K
}
Event: 10.530 GC heap before
{Heap before GC invocations=14 (full 0):
 garbage-first heap   total 70656K, used 34628K [0x00000000a2600000, 0x0000000100000000)
  region size 1024K, 8 young (8192K), 2 survivors (2048K)
 Metaspace       used 59836K, committed 60288K, reserved 1114112K
  class space    used 8605K, committed 8832K, reserved 1048576K
}
Event: 10.533 GC heap after
{Heap after GC invocations=15 (full 0):
 garbage-first heap   total 70656K, used 29453K [0x00000000a2600000, 0x0000000100000000)
  region size 1024K, 2 young (2048K), 2 survivors (2048K)
 Metaspace       used 59836K, committed 60288K, reserved 1114112K
  class space    used 8605K, committed 8832K, reserved 1048576K
}
Event: 11.080 GC heap before
{Heap before GC invocations=16 (full 0):
 garbage-first heap   total 70656K, used 55053K [0x00000000a2600000, 0x0000000100000000)
  region size 1024K, 28 young (28672K), 2 survivors (2048K)
 Metaspace       used 64008K, committed 64512K, reserved 1114112K
  class space    used 9237K, committed 9472K, reserved 1048576K
}
Event: 11.083 GC heap after
{Heap after GC invocations=17 (full 0):
 garbage-first heap   total 70656K, used 31239K [0x00000000a2600000, 0x0000000100000000)
  region size 1024K, 4 young (4096K), 4 survivors (4096K)
 Metaspace       used 64008K, committed 64512K, reserved 1114112K
  class space    used 9237K, committed 9472K, reserved 1048576K
}
Event: 11.494 GC heap before
{Heap before GC invocations=17 (full 0):
 garbage-first heap   total 70656K, used 55815K [0x00000000a2600000, 0x0000000100000000)
  region size 1024K, 28 young (28672K), 4 survivors (4096K)
 Metaspace       used 66902K, committed 67456K, reserved 1114112K
  class space    used 9671K, committed 9920K, reserved 1048576K
}
Event: 11.498 GC heap after
{Heap after GC invocations=18 (full 0):
 garbage-first heap   total 70656K, used 33210K [0x00000000a2600000, 0x0000000100000000)
  region size 1024K, 4 young (4096K), 4 survivors (4096K)
 Metaspace       used 66902K, committed 67456K, reserved 1114112K
  class space    used 9671K, committed 9920K, reserved 1048576K
}
Event: 11.732 GC heap before
{Heap before GC invocations=18 (full 0):
 garbage-first heap   total 70656K, used 56762K [0x00000000a2600000, 0x0000000100000000)
  region size 1024K, 26 young (26624K), 4 survivors (4096K)
 Metaspace       used 68868K, committed 69440K, reserved 1114112K
  class space    used 9912K, committed 10176K, reserved 1048576K
}
Event: 11.737 GC heap after
{Heap after GC invocations=19 (full 0):
 garbage-first heap   total 70656K, used 38303K [0x00000000a2600000, 0x0000000100000000)
  region size 1024K, 4 young (4096K), 4 survivors (4096K)
 Metaspace       used 68868K, committed 69440K, reserved 1114112K
  class space    used 9912K, committed 10176K, reserved 1048576K
}
Event: 11.757 GC heap before
{Heap before GC invocations=19 (full 0):
 garbage-first heap   total 70656K, used 55711K [0x00000000a2600000, 0x0000000100000000)
  region size 1024K, 21 young (21504K), 4 survivors (4096K)
 Metaspace       used 68868K, committed 69440K, reserved 1114112K
  class space    used 9912K, committed 10176K, reserved 1048576K
}
Event: 11.761 GC heap after
{Heap after GC invocations=20 (full 0):
 garbage-first heap   total 70656K, used 41589K [0x00000000a2600000, 0x0000000100000000)
  region size 1024K, 3 young (3072K), 3 survivors (3072K)
 Metaspace       used 68868K, committed 69440K, reserved 1114112K
  class space    used 9912K, committed 10176K, reserved 1048576K
}
Event: 11.788 GC heap before
{Heap before GC invocations=20 (full 0):
 garbage-first heap   total 70656K, used 54901K [0x00000000a2600000, 0x0000000100000000)
  region size 1024K, 16 young (16384K), 3 survivors (3072K)
 Metaspace       used 68868K, committed 69440K, reserved 1114112K
  class space    used 9912K, committed 10176K, reserved 1048576K
}

Deoptimization events (4 events):
Event: 11.011 Thread 0x000001e10a4c51a0 DEOPT PACKING pc=0x000001e1124068a4 sp=0x00000031c85fca90
Event: 11.011 Thread 0x000001e10a4c51a0 DEOPT UNPACKING pc=0x000001e111ec2b43 sp=0x00000031c85fbfe8 mode 0
Event: 11.218 Thread 0x000001e10a4c51a0 DEOPT PACKING pc=0x000001e1121d9c22 sp=0x00000031c85fe2a0
Event: 11.218 Thread 0x000001e10a4c51a0 DEOPT UNPACKING pc=0x000001e111ec2b43 sp=0x00000031c85fd7a8 mode 3

Classes unloaded (0 events):
No events

Classes redefined (0 events):
No events

Internal exceptions (20 events):
Event: 11.708 Thread 0x000001e1645af310 Exception <a 'sun/nio/fs/WindowsException'{0x00000000a5de3480}> (0x00000000a5de3480) 
thrown [s\open\src\hotspot\share\prims\jni.cpp, line 516]
Event: 11.708 Thread 0x000001e1645af310 Exception <a 'sun/nio/fs/WindowsException'{0x00000000a5de3780}> (0x00000000a5de3780) 
thrown [s\open\src\hotspot\share\prims\jni.cpp, line 516]
Event: 11.709 Thread 0x000001e1645af310 Exception <a 'sun/nio/fs/WindowsException'{0x00000000a5de40f8}> (0x00000000a5de40f8) 
thrown [s\open\src\hotspot\share\prims\jni.cpp, line 516]
Event: 11.709 Thread 0x000001e1645af310 Exception <a 'sun/nio/fs/WindowsException'{0x00000000a5de4428}> (0x00000000a5de4428) 
thrown [s\open\src\hotspot\share\prims\jni.cpp, line 516]
Event: 11.709 Thread 0x000001e1645af310 Exception <a 'sun/nio/fs/WindowsException'{0x00000000a5de4d78}> (0x00000000a5de4d78) 
thrown [s\open\src\hotspot\share\prims\jni.cpp, line 516]
Event: 11.709 Thread 0x000001e1645af310 Exception <a 'sun/nio/fs/WindowsException'{0x00000000a5de5078}> (0x00000000a5de5078) 
thrown [s\open\src\hotspot\share\prims\jni.cpp, line 516]
Event: 11.709 Thread 0x000001e1645af310 Exception <a 'sun/nio/fs/WindowsException'{0x00000000a5de59a0}> (0x00000000a5de59a0) 
thrown [s\open\src\hotspot\share\prims\jni.cpp, line 516]
Event: 11.709 Thread 0x000001e1645af310 Exception <a 'sun/nio/fs/WindowsException'{0x00000000a5de5c70}> (0x00000000a5de5c70) 
thrown [s\open\src\hotspot\share\prims\jni.cpp, line 516]
Event: 11.709 Thread 0x000001e1645af310 Exception <a 'sun/nio/fs/WindowsException'{0x00000000a5de65a8}> (0x00000000a5de65a8) 
thrown [s\open\src\hotspot\share\prims\jni.cpp, line 516]
Event: 11.709 Thread 0x000001e1645af310 Exception <a 'sun/nio/fs/WindowsException'{0x00000000a5de6898}> (0x00000000a5de6898) 
thrown [s\open\src\hotspot\share\prims\jni.cpp, line 516]
Event: 11.710 Thread 0x000001e1645af310 Exception <a 'sun/nio/fs/WindowsException'{0x00000000a5de71c0}> (0x00000000a5de71c0) 
thrown [s\open\src\hotspot\share\prims\jni.cpp, line 516]
Event: 11.710 Thread 0x000001e1645af310 Exception <a 'sun/nio/fs/WindowsException'{0x00000000a5de7490}> (0x00000000a5de7490) 
thrown [s\open\src\hotspot\share\prims\jni.cpp, line 516]
Event: 11.710 Thread 0x000001e1645af310 Exception <a 'sun/nio/fs/WindowsException'{0x00000000a5de7dc8}> (0x00000000a5de7dc8) 
thrown [s\open\src\hotspot\share\prims\jni.cpp, line 516]
Event: 11.710 Thread 0x000001e1645af310 Exception <a 'sun/nio/fs/WindowsException'{0x00000000a5de80b8}> (0x00000000a5de80b8) 
thrown [s\open\src\hotspot\share\prims\jni.cpp, line 516]
Event: 11.710 Thread 0x000001e1645af310 Exception <a 'sun/nio/fs/WindowsException'{0x00000000a5de8a08}> (0x00000000a5de8a08) 
thrown [s\open\src\hotspot\share\prims\jni.cpp, line 516]
Event: 11.710 Thread 0x000001e1645af310 Exception <a 'sun/nio/fs/WindowsException'{0x00000000a5de8d08}> (0x00000000a5de8d08) 
thrown [s\open\src\hotspot\share\prims\jni.cpp, line 516]
Event: 11.710 Thread 0x000001e1645af310 Exception <a 'sun/nio/fs/WindowsException'{0x00000000a5de9670}> (0x00000000a5de9670) 
thrown [s\open\src\hotspot\share\prims\jni.cpp, line 516]
Event: 11.710 Thread 0x000001e1645af310 Exception <a 'sun/nio/fs/WindowsException'{0x00000000a5de9990}> (0x00000000a5de9990) 
thrown [s\open\src\hotspot\share\prims\jni.cpp, line 516]
Event: 11.710 Thread 0x000001e1645af310 Exception <a 'sun/nio/fs/WindowsException'{0x00000000a5dea2f0}> (0x00000000a5dea2f0) 
thrown [s\open\src\hotspot\share\prims\jni.cpp, line 516]
Event: 11.710 Thread 0x000001e1645af310 Exception <a 'sun/nio/fs/WindowsException'{0x00000000a5dea610}> (0x00000000a5dea610) 
thrown [s\open\src\hotspot\share\prims\jni.cpp, line 516]

VM Operations (20 events):
Event: 11.072 Executing VM operation: HandshakeAllThreads done
Event: 11.072 Executing VM operation: HandshakeAllThreads
Event: 11.072 Executing VM operation: HandshakeAllThreads done
Event: 11.080 Executing VM operation: G1CollectForAllocation
Event: 11.083 Executing VM operation: G1CollectForAllocation done
Event: 11.358 Executing VM operation: HandshakeAllThreads
Event: 11.358 Executing VM operation: HandshakeAllThreads done
Event: 11.494 Executing VM operation: G1CollectForAllocation
Event: 11.498 Executing VM operation: G1CollectForAllocation done
Event: 11.519 Executing VM operation: HandshakeAllThreads
Event: 11.519 Executing VM operation: HandshakeAllThreads done
Event: 11.597 Executing VM operation: HandshakeAllThreads
Event: 11.597 Executing VM operation: HandshakeAllThreads done
Event: 11.598 Executing VM operation: HandshakeAllThreads
Event: 11.598 Executing VM operation: HandshakeAllThreads done
Event: 11.731 Executing VM operation: G1CollectForAllocation
Event: 11.737 Executing VM operation: G1CollectForAllocation done
Event: 11.757 Executing VM operation: G1CollectForAllocation
Event: 11.762 Executing VM operation: G1CollectForAllocation done
Event: 11.788 Executing VM operation: G1CollectForAllocation

Events (20 events):
Event: 11.700 Thread 0x000001e1650cea40 Thread added: 0x000001e1650cea40
Event: 11.700 Thread 0x000001e1650d0db0 Thread added: 0x000001e1650d0db0
Event: 11.701 Thread 0x000001e1650d0390 Thread added: 0x000001e1650d0390
Event: 11.701 Thread 0x000001e1650d12c0 Thread added: 0x000001e1650d12c0
Event: 11.701 Thread 0x000001e1650d17d0 Thread added: 0x000001e1650d17d0
Event: 11.701 Thread 0x000001e1650d2700 Thread added: 0x000001e1650d2700
Event: 11.702 Thread 0x000001e1650cef50 Thread added: 0x000001e1650cef50
Event: 11.702 Thread 0x000001e1650d2c10 Thread added: 0x000001e1650d2c10
Event: 11.702 Thread 0x000001e1650d3120 Thread added: 0x000001e1650d3120
Event: 11.703 Thread 0x000001e1650cf970 Thread added: 0x000001e1650cf970
Event: 11.703 Thread 0x000001e1650d5490 Thread added: 0x000001e1650d5490
Event: 11.703 Thread 0x000001e1650d4050 Thread added: 0x000001e1650d4050
Event: 11.717 loading class java/nio/channels/spi/AbstractInterruptibleChannel$1
Event: 11.717 loading class sun/nio/ch/Interruptible
Event: 11.717 loading class sun/nio/ch/Interruptible done
Event: 11.717 loading class java/nio/channels/spi/AbstractInterruptibleChannel$1 done
Event: 11.719 loading class java/nio/ReadOnlyBufferException
Event: 11.719 loading class java/nio/ReadOnlyBufferException done
Event: 11.724 loading class java/util/zip/DataFormatException
Event: 11.724 loading class java/util/zip/DataFormatException done


Dynamic libraries:
0x00007ff65ef40000 - 0x00007ff65ef50000 	C:\Program Files\Java\jdk-17\bin\java.exe
0x00007ffffdf00000 - 0x00007ffffe165000 	C:\WINDOWS\SYSTEM32\ntdll.dll
0x00007ffffc960000 - 0x00007ffffca29000 	C:\WINDOWS\System32\KERNEL32.DLL
0x00007ffffb0f0000 - 0x00007ffffb4d8000 	C:\WINDOWS\System32\KERNELBASE.dll
0x00007ffffb690000 - 0x00007ffffb7db000 	C:\WINDOWS\System32\ucrtbase.dll
0x00007fffe2d60000 - 0x00007fffe2d79000 	C:\Program Files\Java\jdk-17\bin\jli.dll
0x00007fffe2d40000 - 0x00007fffe2d5b000 	C:\Program Files\Java\jdk-17\bin\VCRUNTIME140.dll
0x00007ffffd180000 - 0x00007ffffd233000 	C:\WINDOWS\System32\ADVAPI32.dll
0x00007ffffbff0000 - 0x00007ffffc099000 	C:\WINDOWS\System32\msvcrt.dll
0x00007ffffd080000 - 0x00007ffffd126000 	C:\WINDOWS\System32\sechost.dll
0x00007ffffccc0000 - 0x00007ffffcdd5000 	C:\WINDOWS\System32\RPCRT4.dll
0x00007ffffbca0000 - 0x00007ffffbe6a000 	C:\WINDOWS\System32\USER32.dll
0x00007ffffb660000 - 0x00007ffffb687000 	C:\WINDOWS\System32\win32u.dll
0x00007ffffdd00000 - 0x00007ffffdd2b000 	C:\WINDOWS\System32\GDI32.dll
0x00007fffe9100000 - 0x00007fffe939a000 	C:\WINDOWS\WinSxS\amd64_microsoft.windows.common-controls_6595b64144ccf1df_6.0.26100.4202_none_3e0698d4e335f517\COMCTL32.dll
0x00007ffffbad0000 - 0x00007ffffbc07000 	C:\WINDOWS\System32\gdi32full.dll
0x00007ffffb7e0000 - 0x00007ffffb883000 	C:\WINDOWS\System32\msvcp_win.dll
0x00007ffff4c40000 - 0x00007ffff4c4b000 	C:\WINDOWS\SYSTEM32\VERSION.dll
0x00007ffffd130000 - 0x00007ffffd160000 	C:\WINDOWS\System32\IMM32.DLL
0x00007ffff80a0000 - 0x00007ffff80ac000 	C:\Program Files\Java\jdk-17\bin\vcruntime140_1.dll
0x00007fffb05c0000 - 0x00007fffb064e000 	C:\Program Files\Java\jdk-17\bin\msvcp140.dll
0x00007fff5aab0000 - 0x00007fff5b690000 	C:\Program Files\Java\jdk-17\bin\server\jvm.dll
0x00007ffffde50000 - 0x00007ffffde58000 	C:\WINDOWS\System32\PSAPI.DLL
0x00007ffff1770000 - 0x00007ffff17a5000 	C:\WINDOWS\SYSTEM32\WINMM.dll
0x00007fffe5560000 - 0x00007fffe556a000 	C:\WINDOWS\SYSTEM32\WSOCK32.dll
0x00007ffffc450000 - 0x00007ffffc4c4000 	C:\WINDOWS\System32\WS2_32.dll
0x00007ffff9e10000 - 0x00007ffff9e2b000 	C:\WINDOWS\SYSTEM32\kernel.appcore.dll
0x00007fffd9510000 - 0x00007fffd951a000 	C:\Program Files\Java\jdk-17\bin\jimage.dll
0x00007ffff2a70000 - 0x00007ffff2cb1000 	C:\WINDOWS\SYSTEM32\DBGHELP.DLL
0x00007ffffc0a0000 - 0x00007ffffc425000 	C:\WINDOWS\System32\combase.dll
0x00007ffffcde0000 - 0x00007ffffcec1000 	C:\WINDOWS\System32\OLEAUT32.dll
0x00007fffe9870000 - 0x00007fffe98a9000 	C:\WINDOWS\SYSTEM32\dbgcore.DLL
0x00007ffffb050000 - 0x00007ffffb0e9000 	C:\WINDOWS\System32\bcryptPrimitives.dll
0x00007ffff7ed0000 - 0x00007ffff7ede000 	C:\Program Files\Java\jdk-17\bin\instrument.dll
0x00007fffd50d0000 - 0x00007fffd50f5000 	C:\Program Files\Java\jdk-17\bin\java.dll
0x00007fff63000000 - 0x00007fff630d7000 	C:\Program Files\Java\jdk-17\bin\jsvml.dll
0x00007ffffd5b0000 - 0x00007ffffdcf2000 	C:\WINDOWS\System32\SHELL32.dll
0x00007ffffb4e0000 - 0x00007ffffb654000 	C:\WINDOWS\System32\wintypes.dll
0x00007ffff8cf0000 - 0x00007ffff9548000 	C:\WINDOWS\SYSTEM32\windows.storage.dll
0x00007ffffd4b0000 - 0x00007ffffd5a1000 	C:\WINDOWS\System32\SHCORE.dll
0x00007ffffd340000 - 0x00007ffffd3aa000 	C:\WINDOWS\System32\shlwapi.dll
0x00007ffffaf60000 - 0x00007ffffaf8f000 	C:\WINDOWS\SYSTEM32\profapi.dll
0x00007fffd32a0000 - 0x00007fffd32b8000 	C:\Program Files\Java\jdk-17\bin\zip.dll
0x00007fffd4c00000 - 0x00007fffd4c19000 	C:\Program Files\Java\jdk-17\bin\net.dll
0x00007ffff45a0000 - 0x00007ffff46be000 	C:\WINDOWS\SYSTEM32\WINHTTP.dll
0x00007ffffa380000 - 0x00007ffffa3ea000 	C:\WINDOWS\system32\mswsock.dll
0x00007fffd32c0000 - 0x00007fffd32d6000 	C:\Program Files\Java\jdk-17\bin\nio.dll
0x00007fffe1610000 - 0x00007fffe162a000 	C:\Program Files\JetBrains\IntelliJ IDEA 2024.2.1\bin\breakgen64.dll
0x00007ffff9930000 - 0x00007ffff9a57000 	C:\WINDOWS\SYSTEM32\DNSAPI.dll
0x00007ffff9840000 - 0x00007ffff9873000 	C:\WINDOWS\SYSTEM32\IPHLPAPI.DLL
0x00007ffffdd30000 - 0x00007ffffdd3a000 	C:\WINDOWS\System32\NSI.dll
0x00007ffff49a0000 - 0x00007ffff49ab000 	C:\Windows\System32\rasadhlp.dll
0x00007ffff1970000 - 0x00007ffff19f6000 	C:\WINDOWS\System32\fwpuclnt.dll
0x00007fffd3010000 - 0x00007fffd301a000 	C:\Program Files\Java\jdk-17\bin\management.dll
0x00007fffd2fe0000 - 0x00007fffd2feb000 	C:\Program Files\Java\jdk-17\bin\management_ext.dll
0x00007ffffa640000 - 0x00007ffffa65b000 	C:\WINDOWS\SYSTEM32\CRYPTSP.dll
0x00007ffff9d70000 - 0x00007ffff9daa000 	C:\WINDOWS\system32\rsaenh.dll
0x00007ffffa420000 - 0x00007ffffa44b000 	C:\WINDOWS\SYSTEM32\USERENV.dll
0x00007ffffaf30000 - 0x00007ffffaf56000 	C:\WINDOWS\SYSTEM32\bcrypt.dll
0x00007ffffa630000 - 0x00007ffffa63c000 	C:\WINDOWS\SYSTEM32\CRYPTBASE.dll
0x00007ffff4c50000 - 0x00007ffff4c6f000 	C:\WINDOWS\SYSTEM32\dhcpcsvc6.DLL
0x00007ffff49b0000 - 0x00007ffff49d5000 	C:\WINDOWS\SYSTEM32\dhcpcsvc.DLL
0x00007fff825d0000 - 0x00007fff825e8000 	C:\WINDOWS\system32\napinsp.dll
0x00007fff825b0000 - 0x00007fff825c2000 	C:\WINDOWS\System32\winrnr.dll
0x00007fffdee10000 - 0x00007fffdee40000 	C:\WINDOWS\system32\nlansp_c.dll
0x00007fffd6f70000 - 0x00007fffd6f90000 	C:\WINDOWS\system32\wshbth.dll
0x00007fffe7110000 - 0x00007fffe715e000 	C:\WINDOWS\SYSTEM32\pdh.dll
0x00007fffe2500000 - 0x00007fffe2512000 	C:\WINDOWS\System32\perfproc.dll
0x00007fffe24a0000 - 0x00007fffe24b1000 	C:\WINDOWS\System32\perfos.dll
0x00007ffff83f0000 - 0x00007ffff8402000 	C:\WINDOWS\SYSTEM32\pfclient.dll
0x00007fffea650000 - 0x00007fffea660000 	C:\Program Files\Java\jdk-17\bin\verify.dll
0x00007fffd2fd0000 - 0x00007fffd2fde000 	C:\Program Files\Java\jdk-17\bin\sunmscapi.dll
0x00007ffffb950000 - 0x00007ffffbac7000 	C:\WINDOWS\System32\CRYPT32.dll
0x00007ffffa850000 - 0x00007ffffa880000 	C:\WINDOWS\SYSTEM32\ncrypt.dll
0x00007ffffa800000 - 0x00007ffffa83f000 	C:\WINDOWS\SYSTEM32\NTASN1.dll

dbghelp: loaded successfully - version: 4.0.5 - missing functions: none
symbol engine: initialized successfully - sym options: 0x614 - pdb path: .;C:\Program Files\Java\jdk-17\bin;C:\WINDOWS\SYSTEM32;C:\WINDOWS\WinSxS\amd64_microsoft.windows.common-controls_6595b64144ccf1df_6.0.26100.4202_none_3e0698d4e335f517;C:\Program Files\Java\jdk-17\bin\server;C:\Program Files\JetBrains\IntelliJ IDEA 2024.2.1\bin

VM Arguments:
jvm_args: -XX:TieredStopAtLevel=1 -Dspring.output.ansi.enabled=always -Dcom.sun.management.jmxremote -Dspring.jmx.enabled=true -Dspring.liveBeansView.mbeanDomain -Dspring.application.admin.enabled=true -Dmanagement.endpoints.jmx.exposure.include=* -javaagent:C:\Program Files\JetBrains\IntelliJ IDEA 2024.2.1\lib\idea_rt.jar=55490:C:\Program Files\JetBrains\IntelliJ IDEA 2024.2.1\bin -Dfile.encoding=UTF-8 
java_command: com.example.mscliente.MsClienteApplication
java_class_path (initial): C:\ciclo-5\Contabilidad\sistema-ventas\jea-cliente\target\classes;C:\Users\josex\.m2\repository\org\springframework\boot\spring-boot-starter-data-jpa\3.1.3\spring-boot-starter-data-jpa-3.1.3.jar;C:\Users\josex\.m2\repository\org\springframework\boot\spring-boot-starter-aop\3.1.3\spring-boot-starter-aop-3.1.3.jar;C:\Users\josex\.m2\repository\org\springframework\spring-aop\6.0.11\spring-aop-6.0.11.jar;C:\Users\josex\.m2\repository\org\aspectj\aspectjweaver\1.9.20\aspectjweaver-1.9.20.jar;C:\Users\josex\.m2\repository\org\springframework\boot\spring-boot-starter-jdbc\3.1.3\spring-boot-starter-jdbc-3.1.3.jar;C:\Users\josex\.m2\repository\com\zaxxer\HikariCP\5.0.1\HikariCP-5.0.1.jar;C:\Users\josex\.m2\repository\org\springframework\spring-jdbc\6.0.11\spring-jdbc-6.0.11.jar;C:\Users\josex\.m2\repository\org\hibernate\orm\hibernate-core\6.2.7.Final\hibernate-core-6.2.7.Final.jar;C:\Users\josex\.m2\repository\jakarta\persistence\jakarta.persistence-api\3.1.0\jakarta.persistence-api-3.1.0.jar;C:\Users\josex\.m2\repository\jakarta\transaction\jakarta.transaction-api\2.0.1\jakarta.transaction-api-2.0.1.jar;C:\Users\josex\.m2\repository\org\jboss\logging\jboss-logging\3.5.3.Final\jboss-logging-3.5.3.Final.jar;C:\Users\josex\.m2\repository\org\hibernate\common\hibernate-commons-annotations\6.0.6.Final\hibernate-commons-annotations-6.0.6.Final.jar;C:\Users\josex\.m2\repository\io\smallrye\jandex\3.0.5\jandex-3.0.5.jar;C:\Users\josex\.m2\repository\com\fasterxml\classmate\1.5.1\classmate-1.5.1.jar;C:\Users\josex\.m2\repository\net\bytebuddy\byte-buddy\1.14.6\byte-buddy-1.14.6.jar;C:\Users\josex\.m2\repository\org\glassfish\jaxb\jaxb-runtime\4.0.3\jaxb-runtime-4.0.3.jar;C:\Users\josex\.m2\repository\org\glassfish\jaxb\jaxb-core\4.0.3\jaxb-core-4.0.3.jar;C:\Users\josex\.m2\repository\org\eclipse\angus\angus-activation\2.0.1\angus-activation-2.0.1.jar;C:\Users\josex\.m2\repository\org\glassfish\jaxb\txw2\4.0.3\txw2-4.0.3.jar;C:\Users\josex\.m2\repository
Launcher Type: SUN_STANDARD

[Global flags]
     intx CICompilerCount                          = 12                                        {product} {ergonomic}
     uint ConcGCThreads                            = 3                                         {product} {ergonomic}
     uint G1ConcRefinementThreads                  = 13                                        {product} {ergonomic}
   size_t G1HeapRegionSize                         = 1048576                                   {product} {ergonomic}
    uintx GCDrainStackTargetSize                   = 64                                        {product} {ergonomic}
   size_t InitialHeapSize                          = 98566144                                  {product} {ergonomic}
     bool ManagementServer                         = true                                      {product} {command line}
   size_t MarkStackSize                            = 4194304                                   {product} {ergonomic}
   size_t MaxHeapSize                              = 1570766848                                {product} {ergonomic}
   size_t MaxNewSize                               = 941621248                                 {product} {ergonomic}
   size_t MinHeapDeltaBytes                        = 1048576                                   {product} {ergonomic}
   size_t MinHeapSize                              = 8388608                                   {product} {ergonomic}
    uintx NonProfiledCodeHeapSize                  = 0                                      {pd product} {ergonomic}
     bool ProfileInterpreter                       = false                                  {pd product} {command line}
    uintx ProfiledCodeHeapSize                     = 0                                      {pd product} {ergonomic}
   size_t SoftMaxHeapSize                          = 1570766848                             {manageable} {ergonomic}
     intx TieredStopAtLevel                        = 1                                         {product} {command line}
     bool UseCompressedClassPointers               = true                           {product lp64_product} {ergonomic}
     bool UseCompressedOops                        = true                           {product lp64_product} {ergonomic}
     bool UseG1GC                                  = true                                      {product} {ergonomic}
     bool UseLargePagesIndividualAllocation        = false                                  {pd product} {ergonomic}

Logging:
Log output configuration:
 #0: stdout all=warning uptime,level,tags
 #1: stderr all=off uptime,level,tags

Environment Variables:
PATH=C:\Program Files\Common Files\Oracle\Java\javapath;C:\WINDOWS\system32;C:\WINDOWS;C:\WINDOWS\System32\Wbem;C:\WINDOWS\System32\WindowsPowerShell\v1.0\;C:\WINDOWS\System32\OpenSSH\;C:\Program Files\Git\cmd;C:\Users\josex\AppData\Roaming\nvm;C:\Program Files\nodejs;C:\Users\josex\AppData\Roaming\nvm;;C:\Program Files (x86)\Microchip\MPLAB C32 Suite\bin;C:\Users\josex\AppData\Local\Programs\Python\Launcher\;C:\Users\josex\AppData\Local\Microsoft\WindowsApps;C:\Users\josex\AppData\Local\Programs\Microsoft VS Code\bin;C:\Users\josex\AppData\Roaming\nvm;C:\Program Files\nodejs;C:\Program Files\JetBrains\WebStorm 2024.2.3\bin;;C:\Users\josex\AppData\Local\Programs\Windsurf\bin;
USERNAME=josex
OS=Windows_NT
PROCESSOR_IDENTIFIER=AMD64 Family 23 Model 104 Stepping 1, AuthenticAMD



---------------  S Y S T E M  ---------------

OS:
 Windows 11 , 64 bit Build 26100 (10.0.26100.4202)
OS uptime: 0 days 11:10 hours

CPU: total 16 (initial active 16) (16 cores per cpu, 2 threads per core) family 23 model 104 stepping 1 microcode 0x8608102, cx8, cmov, fxsr, ht, mmx, 3dnowpref, sse, sse2, sse3, ssse3, sse4a, sse4.1, sse4.2, popcnt, lzcnt, tsc, tscinvbit, avx, avx2, aes, clmul, bmi1, bmi2, adx, sha, fma, vzeroupper, clflush, clflushopt

Memory: 4k page, system-wide physical 5989M (380M free)
TotalPageFile size 24421M (AvailPageFile size 6M)
current process WorkingSet (physical memory assigned to process): 241M, peak: 241M
current process commit charge ("private bytes"): 324M, peak: 335M

vm_info: Java HotSpot(TM) 64-Bit Server VM (17.0.12+8-LTS-286) for windows-amd64 JRE (17.0.12+8-LTS-286), built on Jun  5 2024 06:46:59 by "mach5one" with MS VC++ 17.6 (VS2022)

END.
