#
# There is insufficient memory for the Java Runtime Environment to continue.
# Native memory allocation (mmap) failed to map 180355072 bytes for G1 virtual space
# Possible reasons:
#   The system is out of physical RAM or swap space
#   The process is running with CompressedOops enabled, and the Java Heap may be blocking the growth of the native heap
# Possible solutions:
#   Reduce memory load on the system
#   Increase physical memory or swap space
#   Check if swap backing store is full
#   Decrease Java heap size (-Xmx/-Xms)
#   Decrease number of Java threads
#   Decrease Java thread stack sizes (-Xss)
#   Set larger code cache with -XX:ReservedCodeCacheSize=
#   JVM is running with Unscaled Compressed Oops mode in which the Java heap is
#     placed in the first 4GB address space. The Java Heap base address is the
#     maximum limit for the native heap growth. Please use -XX:HeapBaseMinAddress
#     to set the Java Heap base and to place the Java Heap above 4GB virtual address.
# This output file may be truncated or incomplete.
#
#  Out of Memory Error (os_windows.cpp:3548), pid=10592, tid=15524
#
# JRE version: Java(TM) SE Runtime Environment (17.0.12+8) (build 17.0.12+8-LTS-286)
# Java VM: Java HotSpot(TM) 64-Bit Server VM (17.0.12+8-LTS-286, mixed mode, emulated-client, sharing, tiered, compressed oops, compressed class ptrs, g1 gc, windows-amd64)
# No core dump will be written. Minidumps are not enabled by default on client versions of Windows
#

---------------  S U M M A R Y ------------

Command Line: -XX:TieredStopAtLevel=1 -Dspring.output.ansi.enabled=always -Dcom.sun.management.jmxremote -Dspring.jmx.enabled=true -Dspring.liveBeansView.mbeanDomain -Dspring.application.admin.enabled=true -Dmanagement.endpoints.jmx.exposure.include=* -javaagent:C:\Program Files\JetBrains\IntelliJ IDEA 2024.2.1\lib\idea_rt.jar=53904:C:\Program Files\JetBrains\IntelliJ IDEA 2024.2.1\bin -Dfile.encoding=UTF-8 com.example.mscliente.MsClienteApplication

Host: AMD Ryzen 7 5700U with Radeon Graphics         , 16 cores, 5G,  Windows 11 , 64 bit Build 26100 (10.0.26100.4202)
Time: Sun Jun 29 07:44:47 2025 Hora est. Pacífico, Sudamérica elapsed time: 27.893426 seconds (0d 0h 0m 27s)

---------------  T H R E A D  ---------------

Current thread (0x00000189cfc42010):  VMThread "VM Thread" [stack: 0x0000003bbb800000,0x0000003bbb900000] [id=15524]

Stack: [0x0000003bbb800000,0x0000003bbb900000]
Native frames: (J=compiled Java code, j=interpreted, Vv=VM code, C=native code)
V  [jvm.dll+0x67a04a]
V  [jvm.dll+0x7da4ed]
V  [jvm.dll+0x7dbe33]
V  [jvm.dll+0x7dc4a3]
V  [jvm.dll+0x24508f]
V  [jvm.dll+0x677089]
V  [jvm.dll+0x66bd32]
V  [jvm.dll+0x301fa6]
V  [jvm.dll+0x309546]
V  [jvm.dll+0x359d2e]
V  [jvm.dll+0x359f5f]
V  [jvm.dll+0x2d9078]
V  [jvm.dll+0x2d74ad]
V  [jvm.dll+0x2d6afc]
V  [jvm.dll+0x31a65b]
V  [jvm.dll+0x7e0d9b]
V  [jvm.dll+0x7e1ad4]
V  [jvm.dll+0x7e1fed]
V  [jvm.dll+0x7e23c4]
V  [jvm.dll+0x7e2490]
V  [jvm.dll+0x78abea]
V  [jvm.dll+0x678f35]
C  [ucrtbase.dll+0x37b0]
C  [KERNEL32.DLL+0x2e8d7]
C  [ntdll.dll+0x3c34c]

VM_Operation (0x0000003bbe8fd570): G1CollectForAllocation, mode: safepoint, requested by thread 0x0000018a17ce6d20


---------------  P R O C E S S  ---------------

Threads class SMR info:
_java_thread_list=0x0000018a189a2cb0, length=51, elements={
0x00000189be56c9d0, 0x00000189cfc45650, 0x00000189cfc46010, 0x00000189cfc5b270,
0x00000189cfc5bb40, 0x00000189cfc5c410, 0x00000189cfc5cce0, 0x00000189cfc5d5b0,
0x00000189cfc66ee0, 0x00000189cfbf06e0, 0x0000018a1576a2f0, 0x0000018a1576f020,
0x0000018a15857960, 0x0000018a160d1020, 0x0000018a16153540, 0x0000018a16163430,
0x0000018a16381ee0, 0x0000018a16382900, 0x0000018a15a8e040, 0x0000018a158e26e0,
0x0000018a1794a4d0, 0x0000018a163823f0, 0x0000018a16383830, 0x0000018a16380080,
0x0000018a16380590, 0x0000018a17ce5df0, 0x0000018a17ce6300, 0x0000018a17ce3570,
0x0000018a17ce4ec0, 0x0000018a17ce49b0, 0x0000018a17ce3060, 0x0000018a17ce7230,
0x0000018a17ce6d20, 0x0000018a17ce53d0, 0x0000018a17ce3a80, 0x0000018a17ce7740,
0x0000018a17ce3f90, 0x0000018a17ce8b80, 0x0000018a17ce7c50, 0x0000018a17ce8160,
0x0000018a17cea9e0, 0x0000018a17ce9fc0, 0x0000018a17ce8670, 0x0000018a17ce9090,
0x0000018a17ce95a0, 0x0000018a17ce9ab0, 0x0000018a17cea4d0, 0x0000018a18c51340,
0x0000018a18c51850, 0x0000018a18c4ff00, 0x0000018a18c52780
}

Java Threads: ( => current thread )
  0x00000189be56c9d0 JavaThread "main" [_thread_blocked, id=7972, stack(0x0000003bbb200000,0x0000003bbb300000)]
  0x00000189cfc45650 JavaThread "Reference Handler" daemon [_thread_blocked, id=19004, stack(0x0000003bbb900000,0x0000003bbba00000)]
  0x00000189cfc46010 JavaThread "Finalizer" daemon [_thread_blocked, id=13364, stack(0x0000003bbba00000,0x0000003bbbb00000)]
  0x00000189cfc5b270 JavaThread "Signal Dispatcher" daemon [_thread_blocked, id=23576, stack(0x0000003bbbb00000,0x0000003bbbc00000)]
  0x00000189cfc5bb40 JavaThread "Attach Listener" daemon [_thread_blocked, id=9052, stack(0x0000003bbbc00000,0x0000003bbbd00000)]
  0x00000189cfc5c410 JavaThread "Service Thread" daemon [_thread_blocked, id=22776, stack(0x0000003bbbd00000,0x0000003bbbe00000)]
  0x00000189cfc5cce0 JavaThread "Monitor Deflation Thread" daemon [_thread_blocked, id=21604, stack(0x0000003bbbe00000,0x0000003bbbf00000)]
  0x00000189cfc5d5b0 JavaThread "C1 CompilerThread0" daemon [_thread_blocked, id=23792, stack(0x0000003bbbf00000,0x0000003bbc000000)]
  0x00000189cfc66ee0 JavaThread "Sweeper thread" daemon [_thread_blocked, id=21624, stack(0x0000003bbc000000,0x0000003bbc100000)]
  0x00000189cfbf06e0 JavaThread "Common-Cleaner" daemon [_thread_blocked, id=24632, stack(0x0000003bbc100000,0x0000003bbc200000)]
  0x0000018a1576a2f0 JavaThread "Monitor Ctrl-Break" daemon [_thread_in_native, id=20700, stack(0x0000003bbc400000,0x0000003bbc500000)]
  0x0000018a1576f020 JavaThread "Notification Thread" daemon [_thread_blocked, id=19280, stack(0x0000003bbc500000,0x0000003bbc600000)]
  0x0000018a15857960 JavaThread "RMI TCP Accept-0" daemon [_thread_in_native, id=11600, stack(0x0000003bbc600000,0x0000003bbc700000)]
  0x0000018a160d1020 JavaThread "RMI TCP Connection(1)-192.168.1.65" daemon [_thread_blocked, id=21988, stack(0x0000003bbce00000,0x0000003bbcf00000)]
  0x0000018a16153540 JavaThread "RMI Scheduler(0)" daemon [_thread_blocked, id=22616, stack(0x0000003bbcf00000,0x0000003bbd000000)]
  0x0000018a16163430 JavaThread "JMX server connection timeout 29" daemon [_thread_blocked, id=8276, stack(0x0000003bbd000000,0x0000003bbd100000)]
  0x0000018a16381ee0 JavaThread "RMI TCP Connection(2)-192.168.1.65" daemon [_thread_blocked, id=12584, stack(0x0000003bbd700000,0x0000003bbd800000)]
  0x0000018a16382900 JavaThread "Keep-Alive-Timer" daemon [_thread_blocked, id=24772, stack(0x0000003bbc200000,0x0000003bbc300000)]
  0x0000018a15a8e040 JavaThread "C1 CompilerThread1" daemon [_thread_blocked, id=19252, stack(0x0000003bbc300000,0x0000003bbc400000)]
  0x0000018a158e26e0 JavaThread "C1 CompilerThread2" daemon [_thread_blocked, id=23956, stack(0x0000003bbda00000,0x0000003bbdb00000)]
  0x0000018a1794a4d0 JavaThread "C1 CompilerThread3" daemon [_thread_blocked, id=3360, stack(0x0000003bbd800000,0x0000003bbd900000)]
  0x0000018a163823f0 JavaThread "Catalina-utility-1" [_thread_blocked, id=23240, stack(0x0000003bbdd00000,0x0000003bbde00000)]
  0x0000018a16383830 JavaThread "Catalina-utility-2" [_thread_blocked, id=6616, stack(0x0000003bbde00000,0x0000003bbdf00000)]
  0x0000018a16380080 JavaThread "container-0" [_thread_blocked, id=9760, stack(0x0000003bbdf00000,0x0000003bbe000000)]
  0x0000018a16380590 JavaThread "mysql-cj-abandoned-connection-cleanup" daemon [_thread_blocked, id=3564, stack(0x0000003bbe000000,0x0000003bbe100000)]
  0x0000018a17ce5df0 JavaThread "HikariPool-1 housekeeper" daemon [_thread_blocked, id=25008, stack(0x0000003bbe100000,0x0000003bbe200000)]
  0x0000018a17ce6300 JavaThread "HikariPool-1 connection adder" daemon [_thread_blocked, id=19152, stack(0x0000003bbe200000,0x0000003bbe300000)]
  0x0000018a17ce3570 JavaThread "ClassGraph-worker-144" daemon [_thread_blocked, id=22740, stack(0x0000003bbe300000,0x0000003bbe400000)]
  0x0000018a17ce4ec0 JavaThread "ClassGraph-worker-145" daemon [_thread_blocked, id=24520, stack(0x0000003bbe400000,0x0000003bbe500000)]
  0x0000018a17ce49b0 JavaThread "ClassGraph-worker-146" daemon [_thread_blocked, id=13428, stack(0x0000003bbe500000,0x0000003bbe600000)]
  0x0000018a17ce3060 JavaThread "ClassGraph-worker-147" daemon [_thread_blocked, id=23264, stack(0x0000003bbe600000,0x0000003bbe700000)]
  0x0000018a17ce7230 JavaThread "ClassGraph-worker-148" daemon [_thread_blocked, id=21084, stack(0x0000003bbe700000,0x0000003bbe800000)]
  0x0000018a17ce6d20 JavaThread "ClassGraph-worker-149" daemon [_thread_blocked, id=7808, stack(0x0000003bbe800000,0x0000003bbe900000)]
  0x0000018a17ce53d0 JavaThread "ClassGraph-worker-150" daemon [_thread_blocked, id=7840, stack(0x0000003bbe900000,0x0000003bbea00000)]
  0x0000018a17ce3a80 JavaThread "ClassGraph-worker-151" daemon [_thread_blocked, id=23112, stack(0x0000003bbea00000,0x0000003bbeb00000)]
  0x0000018a17ce7740 JavaThread "ClassGraph-worker-152" daemon [_thread_blocked, id=19640, stack(0x0000003bbeb00000,0x0000003bbec00000)]
  0x0000018a17ce3f90 JavaThread "ClassGraph-worker-153" daemon [_thread_blocked, id=10412, stack(0x0000003bbec00000,0x0000003bbed00000)]
  0x0000018a17ce8b80 JavaThread "ClassGraph-worker-154" daemon [_thread_blocked, id=13456, stack(0x0000003bbed00000,0x0000003bbee00000)]
  0x0000018a17ce7c50 JavaThread "ClassGraph-worker-155" daemon [_thread_blocked, id=23988, stack(0x0000003bbee00000,0x0000003bbef00000)]
  0x0000018a17ce8160 JavaThread "ClassGraph-worker-156" daemon [_thread_blocked, id=23024, stack(0x0000003bbef00000,0x0000003bbf000000)]
  0x0000018a17cea9e0 JavaThread "ClassGraph-worker-157" daemon [_thread_blocked, id=22996, stack(0x0000003bbf000000,0x0000003bbf100000)]
  0x0000018a17ce9fc0 JavaThread "ClassGraph-worker-158" daemon [_thread_blocked, id=17100, stack(0x0000003bbf100000,0x0000003bbf200000)]
  0x0000018a17ce8670 JavaThread "ClassGraph-worker-159" daemon [_thread_blocked, id=13000, stack(0x0000003bbf200000,0x0000003bbf300000)]
  0x0000018a17ce9090 JavaThread "ClassGraph-worker-160" daemon [_thread_blocked, id=20836, stack(0x0000003bbf300000,0x0000003bbf400000)]
  0x0000018a17ce95a0 JavaThread "ClassGraph-worker-161" daemon [_thread_blocked, id=23520, stack(0x0000003bbf400000,0x0000003bbf500000)]
  0x0000018a17ce9ab0 JavaThread "ClassGraph-worker-162" daemon [_thread_blocked, id=16056, stack(0x0000003bbf500000,0x0000003bbf600000)]
  0x0000018a17cea4d0 JavaThread "ClassGraph-worker-163" daemon [_thread_blocked, id=24236, stack(0x0000003bbf600000,0x0000003bbf700000)]
  0x0000018a18c51340 JavaThread "ClassGraph-worker-164" daemon [_thread_blocked, id=7148, stack(0x0000003bbf700000,0x0000003bbf800000)]
  0x0000018a18c51850 JavaThread "ClassGraph-worker-165" daemon [_thread_blocked, id=17328, stack(0x0000003bbf800000,0x0000003bbf900000)]
  0x0000018a18c4ff00 JavaThread "ClassGraph-worker-166" daemon [_thread_blocked, id=20420, stack(0x0000003bbf900000,0x0000003bbfa00000)]
  0x0000018a18c52780 JavaThread "ClassGraph-worker-167" daemon [_thread_blocked, id=22220, stack(0x0000003bbfa00000,0x0000003bbfb00000)]

Other Threads:
=>0x00000189cfc42010 VMThread "VM Thread" [stack: 0x0000003bbb800000,0x0000003bbb900000] [id=15524]
  0x0000018a15875850 WatcherThread [stack: 0x0000003bbc700000,0x0000003bbc800000] [id=22212]
  0x00000189be5ba720 GCTaskThread "GC Thread#0" [stack: 0x0000003bbb300000,0x0000003bbb400000] [id=20732]
  0x0000018a15bfea70 GCTaskThread "GC Thread#1" [stack: 0x0000003bbc800000,0x0000003bbc900000] [id=9420]
  0x0000018a15f64590 GCTaskThread "GC Thread#2" [stack: 0x0000003bbc900000,0x0000003bbca00000] [id=24864]
  0x0000018a15f8db10 GCTaskThread "GC Thread#3" [stack: 0x0000003bbca00000,0x0000003bbcb00000] [id=16768]
  0x0000018a15f8ddd0 GCTaskThread "GC Thread#4" [stack: 0x0000003bbcb00000,0x0000003bbcc00000] [id=25432]
  0x0000018a15f8e990 GCTaskThread "GC Thread#5" [stack: 0x0000003bbcc00000,0x0000003bbcd00000] [id=3924]
  0x0000018a15f8f2e0 GCTaskThread "GC Thread#6" [stack: 0x0000003bbcd00000,0x0000003bbce00000] [id=22068]
  0x0000018a16274c50 GCTaskThread "GC Thread#7" [stack: 0x0000003bbd100000,0x0000003bbd200000] [id=6728]
  0x0000018a1623b370 GCTaskThread "GC Thread#8" [stack: 0x0000003bbd200000,0x0000003bbd300000] [id=11052]
  0x0000018a1623b630 GCTaskThread "GC Thread#9" [stack: 0x0000003bbd300000,0x0000003bbd400000] [id=20240]
  0x0000018a1627ab50 GCTaskThread "GC Thread#10" [stack: 0x0000003bbd400000,0x0000003bbd500000] [id=20376]
  0x0000018a1627ee20 GCTaskThread "GC Thread#11" [stack: 0x0000003bbd500000,0x0000003bbd600000] [id=2360]
  0x0000018a16428b10 GCTaskThread "GC Thread#12" [stack: 0x0000003bbd900000,0x0000003bbda00000] [id=21696]
  0x00000189be5c41d0 ConcurrentGCThread "G1 Main Marker" [stack: 0x0000003bbb400000,0x0000003bbb500000] [id=5216]
  0x00000189be5c4ae0 ConcurrentGCThread "G1 Conc#0" [stack: 0x0000003bbb500000,0x0000003bbb600000] [id=17840]
  0x0000018a16429610 ConcurrentGCThread "G1 Conc#1" [stack: 0x0000003bbdb00000,0x0000003bbdc00000] [id=11072]
  0x0000018a16428010 ConcurrentGCThread "G1 Conc#2" [stack: 0x0000003bbdc00000,0x0000003bbdd00000] [id=4704]
  0x00000189cfac1110 ConcurrentGCThread "G1 Refine#0" [stack: 0x0000003bbb600000,0x0000003bbb700000] [id=20460]
  0x0000018a18542fe0 ConcurrentGCThread "G1 Refine#1" [stack: 0x0000003bbfb00000,0x0000003bbfc00000] [id=21864]
  0x0000018a18545030 ConcurrentGCThread "G1 Refine#2" [stack: 0x0000003bbfc00000,0x0000003bbfd00000] [id=10004]
  0x0000018a18543e90 ConcurrentGCThread "G1 Refine#3" [stack: 0x0000003bbfd00000,0x0000003bbfe00000] [id=22236]
  0x00000189cfac28f0 ConcurrentGCThread "G1 Service" [stack: 0x0000003bbb700000,0x0000003bbb800000] [id=24060]

Threads with active compile tasks:

VM state: at safepoint (normal execution)

VM Mutex/Monitor currently owned by a thread:  ([mutex/lock_event])
[0x00000189be569780] Threads_lock - owner thread: 0x00000189cfc42010
[0x00000189be569ed0] Heap_lock - owner thread: 0x0000018a17ce6d20

Heap address: 0x00000000a2600000, size: 1498 MB, Compressed Oops mode: 32-bit

CDS archive(s) mapped at: [0x00000189d0000000-0x00000189d0bd0000-0x00000189d0bd0000), size 12386304, SharedBaseAddress: 0x00000189d0000000, ArchiveRelocationMode: 1.
Compressed class space mapped at: 0x00000189d1000000-0x0000018a11000000, reserved size: 1073741824
Narrow klass base: 0x00000189d0000000, Narrow klass shift: 0, Narrow klass range: 0x100000000

GC Precious Log:
 CPUs: 16 total, 16 available
 Memory: 5989M
 Large Page Support: Disabled
 NUMA Support: Disabled
 Compressed Oops: Enabled (32-bit)
 Heap Region Size: 1M
 Heap Min Capacity: 8M
 Heap Initial Capacity: 94M
 Heap Max Capacity: 1498M
 Pre-touch: Disabled
 Parallel Workers: 13
 Concurrent Workers: 3
 Concurrent Refinement Workers: 13
 Periodic GC: Disabled

Heap:
 garbage-first heap   total 176128K, used 87397K [0x00000000a2600000, 0x0000000100000000)
  region size 1024K, 4 young (4096K), 4 survivors (4096K)
 Metaspace       used 68939K, committed 69504K, reserved 1114112K
  class space    used 9928K, committed 10176K, reserved 1048576K

Heap Regions: E=young(eden), S=young(survivor), O=old, HS=humongous(starts), HC=humongous(continues), CS=collection set, F=free, OA=open archive, CA=closed archive, TAMS=top-at-mark-start (previous, next)
|   0|0x00000000a2600000, 0x00000000a2700000, 0x00000000a2700000|100%|HS|  |TAMS 0x00000000a2700000, 0x00000000a2600000| Complete 
|   1|0x00000000a2700000, 0x00000000a2800000, 0x00000000a2800000|100%|HS|  |TAMS 0x00000000a2800000, 0x00000000a2700000| Complete 
|   2|0x00000000a2800000, 0x00000000a2900000, 0x00000000a2900000|100%| O|  |TAMS 0x00000000a2900000, 0x00000000a2800000| Untracked 
|   3|0x00000000a2900000, 0x00000000a2a00000, 0x00000000a2a00000|100%| O|  |TAMS 0x00000000a2a00000, 0x00000000a2900000| Untracked 
|   4|0x00000000a2a00000, 0x00000000a2b00000, 0x00000000a2b00000|100%| O|  |TAMS 0x00000000a2b00000, 0x00000000a2a00000| Untracked 
|   5|0x00000000a2b00000, 0x00000000a2c00000, 0x00000000a2c00000|100%| O|  |TAMS 0x00000000a2c00000, 0x00000000a2b00000| Untracked 
|   6|0x00000000a2c00000, 0x00000000a2d00000, 0x00000000a2d00000|100%| O|  |TAMS 0x00000000a2d00000, 0x00000000a2c00000| Untracked 
|   7|0x00000000a2d00000, 0x00000000a2e00000, 0x00000000a2e00000|100%| O|  |TAMS 0x00000000a2e00000, 0x00000000a2d00000| Untracked 
|   8|0x00000000a2e00000, 0x00000000a2f00000, 0x00000000a2f00000|100%| O|  |TAMS 0x00000000a2f00000, 0x00000000a2e00000| Untracked 
|   9|0x00000000a2f00000, 0x00000000a3000000, 0x00000000a3000000|100%| O|  |TAMS 0x00000000a3000000, 0x00000000a2f00000| Untracked 
|  10|0x00000000a3000000, 0x00000000a3100000, 0x00000000a3100000|100%| O|  |TAMS 0x00000000a3100000, 0x00000000a3000000| Untracked 
|  11|0x00000000a3100000, 0x00000000a3200000, 0x00000000a3200000|100%| O|  |TAMS 0x00000000a3200000, 0x00000000a3100000| Untracked 
|  12|0x00000000a3200000, 0x00000000a3300000, 0x00000000a3300000|100%| O|  |TAMS 0x00000000a3300000, 0x00000000a3200000| Untracked 
|  13|0x00000000a3300000, 0x00000000a3400000, 0x00000000a3400000|100%| O|  |TAMS 0x00000000a3400000, 0x00000000a3300000| Updating 
|  14|0x00000000a3400000, 0x00000000a3500000, 0x00000000a3500000|100%| O|  |TAMS 0x00000000a3500000, 0x00000000a3400000| Updating 
|  15|0x00000000a3500000, 0x00000000a3600000, 0x00000000a3600000|100%| O|  |TAMS 0x00000000a3600000, 0x00000000a3500000| Untracked 
|  16|0x00000000a3600000, 0x00000000a3700000, 0x00000000a3700000|100%| O|  |TAMS 0x00000000a3700000, 0x00000000a3600000| Updating 
|  17|0x00000000a3700000, 0x00000000a3800000, 0x00000000a3800000|100%| O|  |TAMS 0x00000000a3800000, 0x00000000a3700000| Updating 
|  18|0x00000000a3800000, 0x00000000a3900000, 0x00000000a3900000|100%| O|  |TAMS 0x00000000a3900000, 0x00000000a3800000| Untracked 
|  19|0x00000000a3900000, 0x00000000a3a00000, 0x00000000a3a00000|100%| O|  |TAMS 0x00000000a3a00000, 0x00000000a3900000| Untracked 
|  20|0x00000000a3a00000, 0x00000000a3b00000, 0x00000000a3b00000|100%| O|  |TAMS 0x00000000a3b00000, 0x00000000a3a00000| Untracked 
|  21|0x00000000a3b00000, 0x00000000a3c00000, 0x00000000a3c00000|100%| O|  |TAMS 0x00000000a3c00000, 0x00000000a3b00000| Updating 
|  22|0x00000000a3c00000, 0x00000000a3d00000, 0x00000000a3d00000|100%| O|  |TAMS 0x00000000a3d00000, 0x00000000a3c00000| Untracked 
|  23|0x00000000a3d00000, 0x00000000a3e00000, 0x00000000a3e00000|100%| O|  |TAMS 0x00000000a3e00000, 0x00000000a3d00000| Untracked 
|  24|0x00000000a3e00000, 0x00000000a3f00000, 0x00000000a3f00000|100%| O|  |TAMS 0x00000000a3f00000, 0x00000000a3e00000| Untracked 
|  25|0x00000000a3f00000, 0x00000000a4000000, 0x00000000a4000000|100%| O|  |TAMS 0x00000000a4000000, 0x00000000a3f00000| Untracked 
|  26|0x00000000a4000000, 0x00000000a4100000, 0x00000000a4100000|100%| O|  |TAMS 0x00000000a4100000, 0x00000000a4000000| Updating 
|  27|0x00000000a4100000, 0x00000000a4200000, 0x00000000a4200000|100%| O|  |TAMS 0x00000000a4200000, 0x00000000a4100000| Updating 
|  28|0x00000000a4200000, 0x00000000a4300000, 0x00000000a4300000|100%| O|  |TAMS 0x00000000a4300000, 0x00000000a4200000| Untracked 
|  29|0x00000000a4300000, 0x00000000a4400000, 0x00000000a4400000|100%| O|  |TAMS 0x00000000a4400000, 0x00000000a4300000| Untracked 
|  30|0x00000000a4400000, 0x00000000a4500000, 0x00000000a4500000|100%| O|  |TAMS 0x00000000a4500000, 0x00000000a4400000| Untracked 
|  31|0x00000000a4500000, 0x00000000a4600000, 0x00000000a4600000|100%| O|  |TAMS 0x00000000a4600000, 0x00000000a4500000| Untracked 
|  32|0x00000000a4600000, 0x00000000a4700000, 0x00000000a4700000|100%| O|  |TAMS 0x00000000a4700000, 0x00000000a4600000| Updating 
|  33|0x00000000a4700000, 0x00000000a4800000, 0x00000000a4800000|100%| O|  |TAMS 0x00000000a4700000, 0x00000000a4700000| Untracked 
|  34|0x00000000a4800000, 0x00000000a4900000, 0x00000000a4900000|100%| O|  |TAMS 0x00000000a4900000, 0x00000000a4800000| Updating 
|  35|0x00000000a4900000, 0x00000000a4a00000, 0x00000000a4a00000|100%| O|  |TAMS 0x00000000a4a00000, 0x00000000a4900000| Untracked 
|  36|0x00000000a4a00000, 0x00000000a4b00000, 0x00000000a4b00000|100%| O|  |TAMS 0x00000000a4b00000, 0x00000000a4a00000| Updating 
|  37|0x00000000a4b00000, 0x00000000a4c00000, 0x00000000a4c00000|100%| O|  |TAMS 0x00000000a4c00000, 0x00000000a4b00000| Updating 
|  38|0x00000000a4c00000, 0x00000000a4d00000, 0x00000000a4d00000|100%| O|  |TAMS 0x00000000a4d00000, 0x00000000a4c00000| Updating 
|  39|0x00000000a4d00000, 0x00000000a4e00000, 0x00000000a4e00000|100%| O|  |TAMS 0x00000000a4e00000, 0x00000000a4d00000| Updating 
|  40|0x00000000a4e00000, 0x00000000a4f00000, 0x00000000a4f00000|100%| O|  |TAMS 0x00000000a4f00000, 0x00000000a4e00000| Updating 
|  41|0x00000000a4f00000, 0x00000000a5000000, 0x00000000a5000000|100%| O|  |TAMS 0x00000000a5000000, 0x00000000a4f00000| Updating 
|  42|0x00000000a5000000, 0x00000000a5100000, 0x00000000a5100000|100%|HS|  |TAMS 0x00000000a5000000, 0x00000000a5000000| Complete 
|  43|0x00000000a5100000, 0x00000000a5200000, 0x00000000a5200000|100%| O|  |TAMS 0x00000000a5100000, 0x00000000a5100000| Untracked 
|  44|0x00000000a5200000, 0x00000000a5300000, 0x00000000a5300000|100%| O|  |TAMS 0x00000000a5300000, 0x00000000a5200000| Updating 
|  45|0x00000000a5300000, 0x00000000a5400000, 0x00000000a5400000|100%| O|  |TAMS 0x00000000a5400000, 0x00000000a5300000| Updating 
|  46|0x00000000a5400000, 0x00000000a5500000, 0x00000000a5500000|100%| O|  |TAMS 0x00000000a5500000, 0x00000000a5400000| Updating 
|  47|0x00000000a5500000, 0x00000000a5600000, 0x00000000a5600000|100%| O|  |TAMS 0x00000000a5600000, 0x00000000a5500000| Updating 
|  48|0x00000000a5600000, 0x00000000a5700000, 0x00000000a5700000|100%| O|  |TAMS 0x00000000a5600000, 0x00000000a5600000| Untracked 
|  49|0x00000000a5700000, 0x00000000a5800000, 0x00000000a5800000|100%| O|  |TAMS 0x00000000a5800000, 0x00000000a5700000| Updating 
|  50|0x00000000a5800000, 0x00000000a5900000, 0x00000000a5900000|100%| O|  |TAMS 0x00000000a5900000, 0x00000000a5800000| Updating 
|  51|0x00000000a5900000, 0x00000000a5a00000, 0x00000000a5a00000|100%| O|  |TAMS 0x00000000a5a00000, 0x00000000a5900000| Updating 
|  52|0x00000000a5a00000, 0x00000000a5b00000, 0x00000000a5b00000|100%| O|  |TAMS 0x00000000a5a00000, 0x00000000a5a00000| Untracked 
|  53|0x00000000a5b00000, 0x00000000a5c00000, 0x00000000a5c00000|100%| O|  |TAMS 0x00000000a5c00000, 0x00000000a5b00000| Updating 
|  54|0x00000000a5c00000, 0x00000000a5d00000, 0x00000000a5d00000|100%| O|  |TAMS 0x00000000a5d00000, 0x00000000a5c00000| Updating 
|  55|0x00000000a5d00000, 0x00000000a5e00000, 0x00000000a5e00000|100%| O|  |TAMS 0x00000000a5d00000, 0x00000000a5d00000| Untracked 
|  56|0x00000000a5e00000, 0x00000000a5f00000, 0x00000000a5f00000|100%| O|  |TAMS 0x00000000a5f00000, 0x00000000a5e00000| Updating 
|  57|0x00000000a5f00000, 0x00000000a6000000, 0x00000000a6000000|100%| O|  |TAMS 0x00000000a6000000, 0x00000000a5f00000| Updating 
|  58|0x00000000a6000000, 0x00000000a6100000, 0x00000000a6100000|100%| O|  |TAMS 0x00000000a6100000, 0x00000000a6000000| Updating 
|  59|0x00000000a6100000, 0x00000000a6200000, 0x00000000a6200000|100%| O|  |TAMS 0x00000000a6200000, 0x00000000a6100000| Updating 
|  60|0x00000000a6200000, 0x00000000a6300000, 0x00000000a6300000|100%| O|  |TAMS 0x00000000a6300000, 0x00000000a6200000| Updating 
|  61|0x00000000a6300000, 0x00000000a6400000, 0x00000000a6400000|100%| O|  |TAMS 0x00000000a6400000, 0x00000000a6300000| Updating 
|  62|0x00000000a6400000, 0x00000000a6500000, 0x00000000a6500000|100%| O|  |TAMS 0x00000000a6500000, 0x00000000a6400000| Updating 
|  63|0x00000000a6500000, 0x00000000a6600000, 0x00000000a6600000|100%| O|  |TAMS 0x00000000a6600000, 0x00000000a6500000| Updating 
|  64|0x00000000a6600000, 0x00000000a6700000, 0x00000000a6700000|100%| O|  |TAMS 0x00000000a6700000, 0x00000000a6600000| Updating 
|  65|0x00000000a6700000, 0x00000000a6800000, 0x00000000a6800000|100%| O|  |TAMS 0x00000000a6700000, 0x00000000a6700000| Untracked 
|  66|0x00000000a6800000, 0x00000000a6900000, 0x00000000a6900000|100%| O|  |TAMS 0x00000000a6900000, 0x00000000a6800000| Updating 
|  67|0x00000000a6900000, 0x00000000a6a00000, 0x00000000a6a00000|100%| O|  |TAMS 0x00000000a6a00000, 0x00000000a6900000| Updating 
|  68|0x00000000a6a00000, 0x00000000a6b00000, 0x00000000a6b00000|100%| O|  |TAMS 0x00000000a6b00000, 0x00000000a6a00000| Updating 
|  69|0x00000000a6b00000, 0x00000000a6c00000, 0x00000000a6c00000|100%| O|  |TAMS 0x00000000a6c00000, 0x00000000a6b00000| Updating 
|  70|0x00000000a6c00000, 0x00000000a6d00000, 0x00000000a6d00000|100%| O|  |TAMS 0x00000000a6d00000, 0x00000000a6c00000| Updating 
|  71|0x00000000a6d00000, 0x00000000a6e00000, 0x00000000a6e00000|100%| O|  |TAMS 0x00000000a6e00000, 0x00000000a6d00000| Updating 
|  72|0x00000000a6e00000, 0x00000000a6f00000, 0x00000000a6f00000|100%| O|  |TAMS 0x00000000a6f00000, 0x00000000a6e00000| Updating 
|  73|0x00000000a6f00000, 0x00000000a7000000, 0x00000000a7000000|100%| O|  |TAMS 0x00000000a7000000, 0x00000000a6f00000| Updating 
|  74|0x00000000a7000000, 0x00000000a7100000, 0x00000000a7100000|100%| O|  |TAMS 0x00000000a7100000, 0x00000000a7000000| Updating 
|  75|0x00000000a7100000, 0x00000000a7200000, 0x00000000a7200000|100%| O|  |TAMS 0x00000000a71c3600, 0x00000000a7100000| Updating 
|  76|0x00000000a7200000, 0x00000000a7300000, 0x00000000a7300000|100%| O|  |TAMS 0x00000000a7200000, 0x00000000a7200000| Untracked 
|  77|0x00000000a7300000, 0x00000000a7400000, 0x00000000a7400000|100%| O|  |TAMS 0x00000000a7300000, 0x00000000a7300000| Untracked 
|  78|0x00000000a7400000, 0x00000000a7500000, 0x00000000a7500000|100%| O|  |TAMS 0x00000000a7400000, 0x00000000a7400000| Untracked 
|  79|0x00000000a7500000, 0x00000000a7600000, 0x00000000a7600000|100%| O|  |TAMS 0x00000000a7500000, 0x00000000a7500000| Updating 
|  80|0x00000000a7600000, 0x00000000a7700000, 0x00000000a7700000|100%|HS|  |TAMS 0x00000000a7600000, 0x00000000a7600000| Complete 
|  81|0x00000000a7700000, 0x00000000a7759600, 0x00000000a7800000| 34%| O|  |TAMS 0x00000000a7700000, 0x00000000a7700000| Untracked 
|  82|0x00000000a7800000, 0x00000000a7800000, 0x00000000a7900000|  0%| F|  |TAMS 0x00000000a7800000, 0x00000000a7800000| Untracked 
|  83|0x00000000a7900000, 0x00000000a7900000, 0x00000000a7a00000|  0%| F|  |TAMS 0x00000000a7900000, 0x00000000a7900000| Untracked 
|  84|0x00000000a7a00000, 0x00000000a7a00000, 0x00000000a7b00000|  0%| F|  |TAMS 0x00000000a7a00000, 0x00000000a7a00000| Untracked 
|  85|0x00000000a7b00000, 0x00000000a7b00000, 0x00000000a7c00000|  0%| F|  |TAMS 0x00000000a7b00000, 0x00000000a7b00000| Untracked 
|  86|0x00000000a7c00000, 0x00000000a7c00000, 0x00000000a7d00000|  0%| F|  |TAMS 0x00000000a7c00000, 0x00000000a7c00000| Untracked 
|  87|0x00000000a7d00000, 0x00000000a7d00000, 0x00000000a7e00000|  0%| F|  |TAMS 0x00000000a7d00000, 0x00000000a7d00000| Untracked 
|  88|0x00000000a7e00000, 0x00000000a7e00000, 0x00000000a7f00000|  0%| F|  |TAMS 0x00000000a7e00000, 0x00000000a7e00000| Untracked 
|  89|0x00000000a7f00000, 0x00000000a7f00000, 0x00000000a8000000|  0%| F|  |TAMS 0x00000000a7f00000, 0x00000000a7f00000| Untracked 
|  90|0x00000000a8000000, 0x00000000a8000000, 0x00000000a8100000|  0%| F|  |TAMS 0x00000000a8000000, 0x00000000a8000000| Untracked 
|  91|0x00000000a8100000, 0x00000000a8100000, 0x00000000a8200000|  0%| F|  |TAMS 0x00000000a8100000, 0x00000000a8100000| Untracked 
|  92|0x00000000a8200000, 0x00000000a8200000, 0x00000000a8300000|  0%| F|  |TAMS 0x00000000a8200000, 0x00000000a8200000| Untracked 
|  93|0x00000000a8300000, 0x00000000a8300000, 0x00000000a8400000|  0%| F|  |TAMS 0x00000000a8300000, 0x00000000a8300000| Untracked 
|  94|0x00000000a8400000, 0x00000000a8400000, 0x00000000a8500000|  0%| F|  |TAMS 0x00000000a8400000, 0x00000000a8400000| Untracked 
|  95|0x00000000a8500000, 0x00000000a8500000, 0x00000000a8600000|  0%| F|  |TAMS 0x00000000a8500000, 0x00000000a8500000| Untracked 
|  96|0x00000000a8600000, 0x00000000a8600000, 0x00000000a8700000|  0%| F|  |TAMS 0x00000000a8600000, 0x00000000a8600000| Untracked 
|  97|0x00000000a8700000, 0x00000000a8700000, 0x00000000a8800000|  0%| F|  |TAMS 0x00000000a8700000, 0x00000000a8700000| Untracked 
|  98|0x00000000a8800000, 0x00000000a8800000, 0x00000000a8900000|  0%| F|  |TAMS 0x00000000a8800000, 0x00000000a8800000| Untracked 
|  99|0x00000000a8900000, 0x00000000a8900000, 0x00000000a8a00000|  0%| F|  |TAMS 0x00000000a8900000, 0x00000000a8900000| Untracked 
| 100|0x00000000a8a00000, 0x00000000a8a00000, 0x00000000a8b00000|  0%| F|  |TAMS 0x00000000a8a00000, 0x00000000a8a00000| Untracked 
| 101|0x00000000a8b00000, 0x00000000a8b00000, 0x00000000a8c00000|  0%| F|  |TAMS 0x00000000a8b00000, 0x00000000a8b00000| Untracked 
| 102|0x00000000a8c00000, 0x00000000a8c00000, 0x00000000a8d00000|  0%| F|  |TAMS 0x00000000a8c00000, 0x00000000a8c00000| Untracked 
| 103|0x00000000a8d00000, 0x00000000a8d00000, 0x00000000a8e00000|  0%| F|  |TAMS 0x00000000a8d00000, 0x00000000a8d00000| Untracked 
| 104|0x00000000a8e00000, 0x00000000a8e00000, 0x00000000a8f00000|  0%| F|  |TAMS 0x00000000a8e00000, 0x00000000a8e00000| Untracked 
| 105|0x00000000a8f00000, 0x00000000a8f00000, 0x00000000a9000000|  0%| F|  |TAMS 0x00000000a8f00000, 0x00000000a8f00000| Untracked 
| 106|0x00000000a9000000, 0x00000000a9000000, 0x00000000a9100000|  0%| F|  |TAMS 0x00000000a9000000, 0x00000000a9000000| Untracked 
| 107|0x00000000a9100000, 0x00000000a9100000, 0x00000000a9200000|  0%| F|  |TAMS 0x00000000a9100000, 0x00000000a9100000| Untracked 
| 108|0x00000000a9200000, 0x00000000a9200000, 0x00000000a9300000|  0%| F|  |TAMS 0x00000000a9200000, 0x00000000a9200000| Untracked 
| 109|0x00000000a9300000, 0x00000000a9300000, 0x00000000a9400000|  0%| F|  |TAMS 0x00000000a9300000, 0x00000000a9300000| Untracked 
| 110|0x00000000a9400000, 0x00000000a9400000, 0x00000000a9500000|  0%| F|  |TAMS 0x00000000a9400000, 0x00000000a9400000| Untracked 
| 111|0x00000000a9500000, 0x00000000a9500000, 0x00000000a9600000|  0%| F|  |TAMS 0x00000000a9500000, 0x00000000a9500000| Untracked 
| 112|0x00000000a9600000, 0x00000000a9600000, 0x00000000a9700000|  0%| F|  |TAMS 0x00000000a9600000, 0x00000000a9600000| Untracked 
| 113|0x00000000a9700000, 0x00000000a9700000, 0x00000000a9800000|  0%| F|  |TAMS 0x00000000a9700000, 0x00000000a9700000| Untracked 
| 114|0x00000000a9800000, 0x00000000a9800000, 0x00000000a9900000|  0%| F|  |TAMS 0x00000000a9800000, 0x00000000a9800000| Untracked 
| 115|0x00000000a9900000, 0x00000000a9900000, 0x00000000a9a00000|  0%| F|  |TAMS 0x00000000a9900000, 0x00000000a9900000| Untracked 
| 116|0x00000000a9a00000, 0x00000000a9a00000, 0x00000000a9b00000|  0%| F|  |TAMS 0x00000000a9a00000, 0x00000000a9a00000| Untracked 
| 117|0x00000000a9b00000, 0x00000000a9b00000, 0x00000000a9c00000|  0%| F|  |TAMS 0x00000000a9b00000, 0x00000000a9b00000| Untracked 
| 118|0x00000000a9c00000, 0x00000000a9c00000, 0x00000000a9d00000|  0%| F|  |TAMS 0x00000000a9c00000, 0x00000000a9c00000| Untracked 
| 119|0x00000000a9d00000, 0x00000000a9d00000, 0x00000000a9e00000|  0%| F|  |TAMS 0x00000000a9d00000, 0x00000000a9d00000| Untracked 
| 120|0x00000000a9e00000, 0x00000000a9e00000, 0x00000000a9f00000|  0%| F|  |TAMS 0x00000000a9e00000, 0x00000000a9e00000| Untracked 
| 121|0x00000000a9f00000, 0x00000000a9f00000, 0x00000000aa000000|  0%| F|  |TAMS 0x00000000a9f00000, 0x00000000a9f00000| Untracked 
| 122|0x00000000aa000000, 0x00000000aa000000, 0x00000000aa100000|  0%| F|  |TAMS 0x00000000aa000000, 0x00000000aa000000| Untracked 
| 123|0x00000000aa100000, 0x00000000aa100000, 0x00000000aa200000|  0%| F|  |TAMS 0x00000000aa100000, 0x00000000aa100000| Untracked 
| 124|0x00000000aa200000, 0x00000000aa200000, 0x00000000aa300000|  0%| F|  |TAMS 0x00000000aa200000, 0x00000000aa200000| Untracked 
| 125|0x00000000aa300000, 0x00000000aa300000, 0x00000000aa400000|  0%| F|  |TAMS 0x00000000aa300000, 0x00000000aa300000| Untracked 
| 126|0x00000000aa400000, 0x00000000aa400000, 0x00000000aa500000|  0%| F|  |TAMS 0x00000000aa400000, 0x00000000aa400000| Untracked 
| 127|0x00000000aa500000, 0x00000000aa500000, 0x00000000aa600000|  0%| F|  |TAMS 0x00000000aa500000, 0x00000000aa500000| Untracked 
| 128|0x00000000aa600000, 0x00000000aa600000, 0x00000000aa700000|  0%| F|  |TAMS 0x00000000aa600000, 0x00000000aa600000| Untracked 
| 129|0x00000000aa700000, 0x00000000aa700000, 0x00000000aa800000|  0%| F|  |TAMS 0x00000000aa700000, 0x00000000aa700000| Untracked 
| 130|0x00000000aa800000, 0x00000000aa800000, 0x00000000aa900000|  0%| F|  |TAMS 0x00000000aa800000, 0x00000000aa800000| Untracked 
| 131|0x00000000aa900000, 0x00000000aa900000, 0x00000000aaa00000|  0%| F|  |TAMS 0x00000000aa900000, 0x00000000aa900000| Untracked 
| 132|0x00000000aaa00000, 0x00000000aaa00000, 0x00000000aab00000|  0%| F|  |TAMS 0x00000000aaa00000, 0x00000000aaa00000| Untracked 
| 133|0x00000000aab00000, 0x00000000aab00000, 0x00000000aac00000|  0%| F|  |TAMS 0x00000000aab00000, 0x00000000aab00000| Untracked 
| 134|0x00000000aac00000, 0x00000000aac00000, 0x00000000aad00000|  0%| F|  |TAMS 0x00000000aac00000, 0x00000000aac00000| Untracked 
| 135|0x00000000aad00000, 0x00000000aad00000, 0x00000000aae00000|  0%| F|  |TAMS 0x00000000aad00000, 0x00000000aad00000| Untracked 
| 136|0x00000000aae00000, 0x00000000aae00000, 0x00000000aaf00000|  0%| F|  |TAMS 0x00000000aae00000, 0x00000000aae00000| Untracked 
| 137|0x00000000aaf00000, 0x00000000aaf00000, 0x00000000ab000000|  0%| F|  |TAMS 0x00000000aaf00000, 0x00000000aaf00000| Untracked 
| 138|0x00000000ab000000, 0x00000000ab000000, 0x00000000ab100000|  0%| F|  |TAMS 0x00000000ab000000, 0x00000000ab000000| Untracked 
| 139|0x00000000ab100000, 0x00000000ab100000, 0x00000000ab200000|  0%| F|  |TAMS 0x00000000ab100000, 0x00000000ab100000| Untracked 
| 140|0x00000000ab200000, 0x00000000ab200000, 0x00000000ab300000|  0%| F|  |TAMS 0x00000000ab200000, 0x00000000ab200000| Untracked 
| 141|0x00000000ab300000, 0x00000000ab300000, 0x00000000ab400000|  0%| F|  |TAMS 0x00000000ab300000, 0x00000000ab300000| Untracked 
| 142|0x00000000ab400000, 0x00000000ab400000, 0x00000000ab500000|  0%| F|  |TAMS 0x00000000ab400000, 0x00000000ab400000| Untracked 
| 143|0x00000000ab500000, 0x00000000ab500000, 0x00000000ab600000|  0%| F|  |TAMS 0x00000000ab500000, 0x00000000ab500000| Untracked 
| 144|0x00000000ab600000, 0x00000000ab600000, 0x00000000ab700000|  0%| F|  |TAMS 0x00000000ab600000, 0x00000000ab600000| Untracked 
| 145|0x00000000ab700000, 0x00000000ab700000, 0x00000000ab800000|  0%| F|  |TAMS 0x00000000ab700000, 0x00000000ab700000| Untracked 
| 146|0x00000000ab800000, 0x00000000ab800000, 0x00000000ab900000|  0%| F|  |TAMS 0x00000000ab800000, 0x00000000ab800000| Untracked 
| 147|0x00000000ab900000, 0x00000000ab900000, 0x00000000aba00000|  0%| F|  |TAMS 0x00000000ab900000, 0x00000000ab900000| Untracked 
| 148|0x00000000aba00000, 0x00000000aba00000, 0x00000000abb00000|  0%| F|  |TAMS 0x00000000aba00000, 0x00000000aba00000| Untracked 
| 149|0x00000000abb00000, 0x00000000abb00000, 0x00000000abc00000|  0%| F|  |TAMS 0x00000000abb00000, 0x00000000abb00000| Untracked 
| 150|0x00000000abc00000, 0x00000000abc00000, 0x00000000abd00000|  0%| F|  |TAMS 0x00000000abc00000, 0x00000000abc00000| Untracked 
| 151|0x00000000abd00000, 0x00000000abd00000, 0x00000000abe00000|  0%| F|  |TAMS 0x00000000abd00000, 0x00000000abd00000| Untracked 
| 152|0x00000000abe00000, 0x00000000abe00000, 0x00000000abf00000|  0%| F|  |TAMS 0x00000000abe00000, 0x00000000abe00000| Untracked 
| 153|0x00000000abf00000, 0x00000000abf00000, 0x00000000ac000000|  0%| F|  |TAMS 0x00000000abf00000, 0x00000000abf00000| Untracked 
| 154|0x00000000ac000000, 0x00000000ac000000, 0x00000000ac100000|  0%| F|  |TAMS 0x00000000ac000000, 0x00000000ac000000| Untracked 
| 155|0x00000000ac100000, 0x00000000ac100000, 0x00000000ac200000|  0%| F|  |TAMS 0x00000000ac100000, 0x00000000ac100000| Untracked 
| 156|0x00000000ac200000, 0x00000000ac200000, 0x00000000ac300000|  0%| F|  |TAMS 0x00000000ac200000, 0x00000000ac200000| Untracked 
| 157|0x00000000ac300000, 0x00000000ac300000, 0x00000000ac400000|  0%| F|  |TAMS 0x00000000ac300000, 0x00000000ac300000| Untracked 
| 158|0x00000000ac400000, 0x00000000ac400000, 0x00000000ac500000|  0%| F|  |TAMS 0x00000000ac400000, 0x00000000ac400000| Untracked 
| 159|0x00000000ac500000, 0x00000000ac500000, 0x00000000ac600000|  0%| F|  |TAMS 0x00000000ac500000, 0x00000000ac500000| Untracked 
| 160|0x00000000ac600000, 0x00000000ac600000, 0x00000000ac700000|  0%| F|  |TAMS 0x00000000ac600000, 0x00000000ac600000| Untracked 
| 161|0x00000000ac700000, 0x00000000ac700000, 0x00000000ac800000|  0%| F|  |TAMS 0x00000000ac700000, 0x00000000ac700000| Untracked 
| 162|0x00000000ac800000, 0x00000000ac800000, 0x00000000ac900000|  0%| F|  |TAMS 0x00000000ac800000, 0x00000000ac800000| Untracked 
| 163|0x00000000ac900000, 0x00000000ac900000, 0x00000000aca00000|  0%| F|  |TAMS 0x00000000ac900000, 0x00000000ac900000| Untracked 
| 164|0x00000000aca00000, 0x00000000aca00000, 0x00000000acb00000|  0%| F|  |TAMS 0x00000000aca00000, 0x00000000aca00000| Untracked 
| 165|0x00000000acb00000, 0x00000000acb00000, 0x00000000acc00000|  0%| F|  |TAMS 0x00000000acb00000, 0x00000000acb00000| Untracked 
| 166|0x00000000acc00000, 0x00000000acc00000, 0x00000000acd00000|  0%| F|  |TAMS 0x00000000acc00000, 0x00000000acc00000| Untracked 
| 167|0x00000000acd00000, 0x00000000ace00000, 0x00000000ace00000|100%| S|CS|TAMS 0x00000000acd00000, 0x00000000acd00000| Complete 
| 168|0x00000000ace00000, 0x00000000acf00000, 0x00000000acf00000|100%| S|CS|TAMS 0x00000000ace00000, 0x00000000ace00000| Complete 
| 169|0x00000000acf00000, 0x00000000ad000000, 0x00000000ad000000|100%| S|CS|TAMS 0x00000000acf00000, 0x00000000acf00000| Complete 
| 170|0x00000000ad000000, 0x00000000ad100000, 0x00000000ad100000|100%| S|CS|TAMS 0x00000000ad000000, 0x00000000ad000000| Complete 
| 171|0x00000000ad100000, 0x00000000ad100000, 0x00000000ad200000|  0%| F|  |TAMS 0x00000000ad100000, 0x00000000ad100000| Untracked 

Card table byte_map: [0x00000189c9760000,0x00000189c9a50000] _byte_map_base: 0x00000189c924d000

Marking Bits (Prev, Next): (CMBitMap*) 0x00000189be5bac40, (CMBitMap*) 0x00000189be5bac80
 Prev Bits: [0x00000189c9d40000, 0x00000189cb4a8000)
 Next Bits: [0x00000189cb4b0000, 0x00000189ccc18000)

Polling page: 0x00000189bc4c0000

Metaspace:

Usage:
  Non-class:     57.63 MB used.
      Class:      9.70 MB used.
       Both:     67.32 MB used.

Virtual space:
  Non-class space:       64.00 MB reserved,      57.94 MB ( 91%) committed,  1 nodes.
      Class space:        1.00 GB reserved,       9.94 MB ( <1%) committed,  1 nodes.
             Both:        1.06 GB reserved,      67.88 MB (  6%) committed. 

Chunk freelists:
   Non-Class:  5.46 MB
       Class:  6.07 MB
        Both:  11.54 MB

MaxMetaspaceSize: unlimited
CompressedClassSpaceSize: 1.00 GB
Initial GC threshold: 21.00 MB
Current GC threshold: 113.06 MB
CDS: on
MetaspaceReclaimPolicy: balanced
 - commit_granule_bytes: 65536.
 - commit_granule_words: 8192.
 - virtual_space_node_default_size: 8388608.
 - enlarge_chunks_in_place: 1.
 - new_chunks_are_fully_committed: 0.
 - uncommit_free_chunks: 1.
 - use_allocation_guard: 0.
 - handle_deallocations: 1.


Internal statistics:

num_allocs_failed_limit: 11.
num_arena_births: 838.
num_arena_deaths: 0.
num_vsnodes_births: 2.
num_vsnodes_deaths: 0.
num_space_committed: 1086.
num_space_uncommitted: 0.
num_chunks_returned_to_freelist: 11.
num_chunks_taken_from_freelist: 3246.
num_chunk_merges: 11.
num_chunk_splits: 2368.
num_chunks_enlarged: 1845.
num_inconsistent_stats: 0.

CodeCache: size=49152Kb used=13423Kb max_used=13423Kb free=35728Kb
 bounds [0x00000189c5e10000, 0x00000189c6b30000, 0x00000189c8e10000]
 total_blobs=7041 nmethods=6367 adapters=598
 compilation: enabled
              stopped_count=0, restarted_count=0
 full_count=0

Compilation events (20 events):
Event: 26.655 Thread 0x0000018a158e26e0 6364       1       java.nio.Bits::pageSize (20 bytes)
Event: 26.655 Thread 0x0000018a1794a4d0 6366       1       jdk.internal.misc.VM::isDirectMemoryPageAligned (4 bytes)
Event: 26.655 Thread 0x0000018a1794a4d0 nmethod 6366 0x00000189c6b26a90 code [0x00000189c6b26c20, 0x00000189c6b26cd8]
Event: 26.655 Thread 0x0000018a1794a4d0 6358   !   1       jdk.internal.ref.Cleaner::clean (35 bytes)
Event: 26.655 Thread 0x0000018a158e26e0 nmethod 6364 0x00000189c6b26d90 code [0x00000189c6b26f20, 0x00000189c6b26ff8]
Event: 26.655 Thread 0x0000018a158e26e0 6359  s    1       jdk.internal.ref.Cleaner::remove (89 bytes)
Event: 26.655 Thread 0x0000018a1794a4d0 nmethod 6358 0x00000189c6b27090 code [0x00000189c6b27280, 0x00000189c6b274c8]
Event: 26.655 Thread 0x0000018a1794a4d0 6360       1       java.nio.DirectByteBuffer$Deallocator::run (38 bytes)
Event: 26.656 Thread 0x0000018a1794a4d0 nmethod 6360 0x00000189c6b27610 code [0x00000189c6b277c0, 0x00000189c6b279a8]
Event: 26.656 Thread 0x0000018a1794a4d0 6361       1       java.nio.Bits::unreserveMemory (64 bytes)
Event: 26.656 Thread 0x0000018a158e26e0 nmethod 6359 0x00000189c6b27a90 code [0x00000189c6b27c60, 0x00000189c6b280b8]
Event: 26.656 Thread 0x0000018a158e26e0 6362       1       java.util.concurrent.atomic.AtomicLong::decrementAndGet (16 bytes)
Event: 26.656 Thread 0x0000018a1794a4d0 nmethod 6361 0x00000189c6b28210 code [0x00000189c6b283a0, 0x00000189c6b28498]
Event: 26.656 Thread 0x0000018a158e26e0 nmethod 6362 0x00000189c6b28510 code [0x00000189c6b286a0, 0x00000189c6b28798]
Event: 26.656 Thread 0x0000018a1794a4d0 6365       1       sun.nio.ch.Util$BufferCache::removeFirst (65 bytes)
Event: 26.656 Thread 0x00000189cfc5d5b0 nmethod 6363 0x00000189c6b28810 code [0x00000189c6b28a60, 0x00000189c6b29348]
Event: 26.656 Thread 0x0000018a15a8e040 nmethod 6354 0x00000189c6b29790 code [0x00000189c6b29a80, 0x00000189c6b2a588]
Event: 26.656 Thread 0x0000018a1794a4d0 nmethod 6365 0x00000189c6b2ae90 code [0x00000189c6b2b020, 0x00000189c6b2b178]
Event: 26.695 Thread 0x0000018a15a8e040 6367       1       sun.rmi.transport.StreamRemoteCall::getInputStream (60 bytes)
Event: 26.696 Thread 0x0000018a15a8e040 nmethod 6367 0x00000189c6b2b290 code [0x00000189c6b2b4e0, 0x00000189c6b2bb68]

GC Heap History (20 events):
Event: 24.213 GC heap after
{Heap after GC invocations=14 (full 0):
 garbage-first heap   total 86016K, used 29617K [0x00000000a2600000, 0x0000000100000000)
  region size 1024K, 3 young (3072K), 3 survivors (3072K)
 Metaspace       used 59642K, committed 60160K, reserved 1114112K
  class space    used 8593K, committed 8832K, reserved 1048576K
}
Event: 25.458 GC heap before
{Heap before GC invocations=15 (full 0):
 garbage-first heap   total 86016K, used 67505K [0x00000000a2600000, 0x0000000100000000)
  region size 1024K, 40 young (40960K), 3 survivors (3072K)
 Metaspace       used 65383K, committed 65984K, reserved 1114112K
  class space    used 9443K, committed 9728K, reserved 1048576K
}
Event: 25.463 GC heap after
{Heap after GC invocations=16 (full 0):
 garbage-first heap   total 86016K, used 32288K [0x00000000a2600000, 0x0000000100000000)
  region size 1024K, 5 young (5120K), 5 survivors (5120K)
 Metaspace       used 65383K, committed 65984K, reserved 1114112K
  class space    used 9443K, committed 9728K, reserved 1048576K
}
Event: 26.228 GC heap before
{Heap before GC invocations=16 (full 0):
 garbage-first heap   total 86016K, used 69152K [0x00000000a2600000, 0x0000000100000000)
  region size 1024K, 40 young (40960K), 5 survivors (5120K)
 Metaspace       used 68886K, committed 69440K, reserved 1114112K
  class space    used 9913K, committed 10176K, reserved 1048576K
}
Event: 26.235 GC heap after
{Heap after GC invocations=17 (full 0):
 garbage-first heap   total 86016K, used 38057K [0x00000000a2600000, 0x0000000100000000)
  region size 1024K, 5 young (5120K), 5 survivors (5120K)
 Metaspace       used 68886K, committed 69440K, reserved 1114112K
  class space    used 9913K, committed 10176K, reserved 1048576K
}
Event: 26.300 GC heap before
{Heap before GC invocations=17 (full 0):
 garbage-first heap   total 86016K, used 66729K [0x00000000a2600000, 0x0000000100000000)
  region size 1024K, 33 young (33792K), 5 survivors (5120K)
 Metaspace       used 68886K, committed 69440K, reserved 1114112K
  class space    used 9913K, committed 10176K, reserved 1048576K
}
Event: 26.307 GC heap after
{Heap after GC invocations=18 (full 0):
 garbage-first heap   total 86016K, used 43502K [0x00000000a2600000, 0x0000000100000000)
  region size 1024K, 5 young (5120K), 5 survivors (5120K)
 Metaspace       used 68886K, committed 69440K, reserved 1114112K
  class space    used 9913K, committed 10176K, reserved 1048576K
}
Event: 26.315 GC heap before
{Heap before GC invocations=18 (full 0):
 garbage-first heap   total 86016K, used 46574K [0x00000000a2600000, 0x0000000100000000)
  region size 1024K, 10 young (10240K), 5 survivors (5120K)
 Metaspace       used 68886K, committed 69440K, reserved 1114112K
  class space    used 9913K, committed 10176K, reserved 1048576K
}
Event: 26.319 GC heap after
{Heap after GC invocations=19 (full 0):
 garbage-first heap   total 86016K, used 45692K [0x00000000a2600000, 0x0000000100000000)
  region size 1024K, 2 young (2048K), 2 survivors (2048K)
 Metaspace       used 68886K, committed 69440K, reserved 1114112K
  class space    used 9913K, committed 10176K, reserved 1048576K
}
Event: 26.429 GC heap before
{Heap before GC invocations=20 (full 0):
 garbage-first heap   total 96256K, used 66172K [0x00000000a2600000, 0x0000000100000000)
  region size 1024K, 22 young (22528K), 2 survivors (2048K)
 Metaspace       used 68930K, committed 69504K, reserved 1114112K
  class space    used 9926K, committed 10176K, reserved 1048576K
}
Event: 26.434 GC heap after
{Heap after GC invocations=21 (full 0):
 garbage-first heap   total 96256K, used 52594K [0x00000000a2600000, 0x0000000100000000)
  region size 1024K, 3 young (3072K), 3 survivors (3072K)
 Metaspace       used 68930K, committed 69504K, reserved 1114112K
  class space    used 9926K, committed 10176K, reserved 1048576K
}
Event: 26.461 GC heap before
{Heap before GC invocations=21 (full 0):
 garbage-first heap   total 96256K, used 72050K [0x00000000a2600000, 0x0000000100000000)
  region size 1024K, 22 young (22528K), 3 survivors (3072K)
 Metaspace       used 68930K, committed 69504K, reserved 1114112K
  class space    used 9926K, committed 10176K, reserved 1048576K
}
Event: 26.465 GC heap after
{Heap after GC invocations=22 (full 0):
 garbage-first heap   total 148480K, used 57844K [0x00000000a2600000, 0x0000000100000000)
  region size 1024K, 3 young (3072K), 3 survivors (3072K)
 Metaspace       used 68930K, committed 69504K, reserved 1114112K
  class space    used 9926K, committed 10176K, reserved 1048576K
}
Event: 26.569 GC heap before
{Heap before GC invocations=23 (full 0):
 garbage-first heap   total 148480K, used 108020K [0x00000000a2600000, 0x0000000100000000)
  region size 1024K, 51 young (52224K), 3 survivors (3072K)
 Metaspace       used 68930K, committed 69504K, reserved 1114112K
  class space    used 9926K, committed 10176K, reserved 1048576K
}
Event: 26.579 GC heap after
{Heap after GC invocations=24 (full 0):
 garbage-first heap   total 148480K, used 70656K [0x00000000a2600000, 0x0000000100000000)
  region size 1024K, 7 young (7168K), 7 survivors (7168K)
 Metaspace       used 68930K, committed 69504K, reserved 1114112K
  class space    used 9926K, committed 10176K, reserved 1048576K
}
Event: 26.615 GC heap before
{Heap before GC invocations=24 (full 0):
 garbage-first heap   total 148480K, used 109568K [0x00000000a2600000, 0x0000000100000000)
  region size 1024K, 44 young (45056K), 7 survivors (7168K)
 Metaspace       used 68930K, committed 69504K, reserved 1114112K
  class space    used 9926K, committed 10176K, reserved 1048576K
}
Event: 26.622 GC heap after
{Heap after GC invocations=25 (full 0):
 garbage-first heap   total 148480K, used 80653K [0x00000000a2600000, 0x0000000100000000)
  region size 1024K, 6 young (6144K), 6 survivors (6144K)
 Metaspace       used 68930K, committed 69504K, reserved 1114112K
  class space    used 9926K, committed 10176K, reserved 1048576K
}
Event: 26.657 GC heap before
{Heap before GC invocations=25 (full 0):
 garbage-first heap   total 148480K, used 86797K [0x00000000a2600000, 0x0000000100000000)
  region size 1024K, 14 young (14336K), 6 survivors (6144K)
 Metaspace       used 68939K, committed 69504K, reserved 1114112K
  class space    used 9928K, committed 10176K, reserved 1048576K
}
Event: 26.663 GC heap after
{Heap after GC invocations=26 (full 0):
 garbage-first heap   total 148480K, used 84259K [0x00000000a2600000, 0x0000000100000000)
  region size 1024K, 3 young (3072K), 3 survivors (3072K)
 Metaspace       used 68939K, committed 69504K, reserved 1114112K
  class space    used 9928K, committed 10176K, reserved 1048576K
}
Event: 26.707 GC heap before
{Heap before GC invocations=26 (full 0):
 garbage-first heap   total 176128K, used 105763K [0x00000000a2600000, 0x0000000100000000)
  region size 1024K, 27 young (27648K), 3 survivors (3072K)
 Metaspace       used 68939K, committed 69504K, reserved 1114112K
  class space    used 9928K, committed 10176K, reserved 1048576K
}

Deoptimization events (4 events):
Event: 25.080 Thread 0x00000189be56c9d0 DEOPT PACKING pc=0x00000189c5f962a4 sp=0x0000003bbb2fc4a0
Event: 25.080 Thread 0x00000189be56c9d0 DEOPT UNPACKING pc=0x00000189c5e62b43 sp=0x0000003bbb2fb9f8 mode 0
Event: 25.385 Thread 0x00000189be56c9d0 DEOPT PACKING pc=0x00000189c6350e22 sp=0x0000003bbb2fdcb0
Event: 25.385 Thread 0x00000189be56c9d0 DEOPT UNPACKING pc=0x00000189c5e62b43 sp=0x0000003bbb2fd1b8 mode 3

Classes unloaded (0 events):
No events

Classes redefined (0 events):
No events

Internal exceptions (20 events):
Event: 26.652 Thread 0x0000018a17ce3060 Exception <a 'sun/nio/fs/WindowsException'{0x00000000ab249cf0}> (0x00000000ab249cf0) 
thrown [s\open\src\hotspot\share\prims\jni.cpp, line 516]
Event: 26.653 Thread 0x0000018a17ce3060 Exception <a 'sun/nio/fs/WindowsException'{0x00000000ab249ff0}> (0x00000000ab249ff0) 
thrown [s\open\src\hotspot\share\prims\jni.cpp, line 516]
Event: 26.653 Thread 0x0000018a17ce3060 Exception <a 'sun/nio/fs/WindowsException'{0x00000000ab24a968}> (0x00000000ab24a968) 
thrown [s\open\src\hotspot\share\prims\jni.cpp, line 516]
Event: 26.654 Thread 0x0000018a17ce3060 Exception <a 'sun/nio/fs/WindowsException'{0x00000000ab24ac98}> (0x00000000ab24ac98) 
thrown [s\open\src\hotspot\share\prims\jni.cpp, line 516]
Event: 26.655 Thread 0x0000018a17ce3060 Exception <a 'sun/nio/fs/WindowsException'{0x00000000ab24b5e8}> (0x00000000ab24b5e8) 
thrown [s\open\src\hotspot\share\prims\jni.cpp, line 516]
Event: 26.663 Thread 0x0000018a17ce3060 Exception <a 'sun/nio/fs/WindowsException'{0x00000000ab600000}> (0x00000000ab600000) 
thrown [s\open\src\hotspot\share\prims\jni.cpp, line 516]
Event: 26.663 Thread 0x0000018a17ce3060 Exception <a 'sun/nio/fs/WindowsException'{0x00000000ab600928}> (0x00000000ab600928) 
thrown [s\open\src\hotspot\share\prims\jni.cpp, line 516]
Event: 26.664 Thread 0x0000018a17ce3060 Exception <a 'sun/nio/fs/WindowsException'{0x00000000ab600bf8}> (0x00000000ab600bf8) 
thrown [s\open\src\hotspot\share\prims\jni.cpp, line 516]
Event: 26.664 Thread 0x0000018a17ce3060 Exception <a 'sun/nio/fs/WindowsException'{0x00000000ab601530}> (0x00000000ab601530) 
thrown [s\open\src\hotspot\share\prims\jni.cpp, line 516]
Event: 26.664 Thread 0x0000018a17ce3060 Exception <a 'sun/nio/fs/WindowsException'{0x00000000ab601820}> (0x00000000ab601820) 
thrown [s\open\src\hotspot\share\prims\jni.cpp, line 516]
Event: 26.664 Thread 0x0000018a17ce3060 Exception <a 'sun/nio/fs/WindowsException'{0x00000000ab602148}> (0x00000000ab602148) 
thrown [s\open\src\hotspot\share\prims\jni.cpp, line 516]
Event: 26.664 Thread 0x0000018a17ce3060 Exception <a 'sun/nio/fs/WindowsException'{0x00000000ab602418}> (0x00000000ab602418) 
thrown [s\open\src\hotspot\share\prims\jni.cpp, line 516]
Event: 26.664 Thread 0x0000018a17ce3060 Exception <a 'sun/nio/fs/WindowsException'{0x00000000ab602d50}> (0x00000000ab602d50) 
thrown [s\open\src\hotspot\share\prims\jni.cpp, line 516]
Event: 26.664 Thread 0x0000018a17ce3060 Exception <a 'sun/nio/fs/WindowsException'{0x00000000ab603040}> (0x00000000ab603040) 
thrown [s\open\src\hotspot\share\prims\jni.cpp, line 516]
Event: 26.664 Thread 0x0000018a17ce3060 Exception <a 'sun/nio/fs/WindowsException'{0x00000000ab603990}> (0x00000000ab603990) 
thrown [s\open\src\hotspot\share\prims\jni.cpp, line 516]
Event: 26.664 Thread 0x0000018a17ce3060 Exception <a 'sun/nio/fs/WindowsException'{0x00000000ab603c90}> (0x00000000ab603c90) 
thrown [s\open\src\hotspot\share\prims\jni.cpp, line 516]
Event: 26.664 Thread 0x0000018a17ce3060 Exception <a 'sun/nio/fs/WindowsException'{0x00000000ab6045f8}> (0x00000000ab6045f8) 
thrown [s\open\src\hotspot\share\prims\jni.cpp, line 516]
Event: 26.664 Thread 0x0000018a17ce3060 Exception <a 'sun/nio/fs/WindowsException'{0x00000000ab604918}> (0x00000000ab604918) 
thrown [s\open\src\hotspot\share\prims\jni.cpp, line 516]
Event: 26.665 Thread 0x0000018a17ce3060 Exception <a 'sun/nio/fs/WindowsException'{0x00000000ab6b89c0}> (0x00000000ab6b89c0) 
thrown [s\open\src\hotspot\share\prims\jni.cpp, line 516]
Event: 26.665 Thread 0x0000018a17ce3060 Exception <a 'sun/nio/fs/WindowsException'{0x00000000ab6b8ce0}> (0x00000000ab6b8ce0) 
thrown [s\open\src\hotspot\share\prims\jni.cpp, line 516]

VM Operations (20 events):
Event: 26.382 Executing VM operation: HandshakeAllThreads done
Event: 26.382 Executing VM operation: HandshakeAllThreads
Event: 26.382 Executing VM operation: HandshakeAllThreads done
Event: 26.429 Executing VM operation: G1TryInitiateConcMark
Event: 26.434 Executing VM operation: G1TryInitiateConcMark done
Event: 26.461 Executing VM operation: G1CollectForAllocation
Event: 26.465 Executing VM operation: G1CollectForAllocation done
Event: 26.481 Executing VM operation: G1Concurrent
Event: 26.484 Executing VM operation: G1Concurrent done
Event: 26.499 Executing VM operation: G1Concurrent
Event: 26.499 Executing VM operation: G1Concurrent done
Event: 26.569 Executing VM operation: G1CollectForAllocation
Event: 26.580 Executing VM operation: G1CollectForAllocation done
Event: 26.614 Executing VM operation: G1CollectForAllocation
Event: 26.622 Executing VM operation: G1CollectForAllocation done
Event: 26.657 Executing VM operation: G1TryInitiateConcMark
Event: 26.663 Executing VM operation: G1TryInitiateConcMark done
Event: 26.699 Executing VM operation: G1Concurrent
Event: 26.703 Executing VM operation: G1Concurrent done
Event: 26.705 Executing VM operation: G1CollectForAllocation

Events (20 events):
Event: 26.649 Thread 0x0000018a17ce53d0 Thread added: 0x0000018a17ce53d0
Event: 26.649 Thread 0x0000018a17ce3a80 Thread added: 0x0000018a17ce3a80
Event: 26.649 Thread 0x0000018a17ce7740 Thread added: 0x0000018a17ce7740
Event: 26.649 Thread 0x0000018a17ce3f90 Thread added: 0x0000018a17ce3f90
Event: 26.649 Thread 0x0000018a17ce8b80 Thread added: 0x0000018a17ce8b80
Event: 26.649 Thread 0x0000018a17ce7c50 Thread added: 0x0000018a17ce7c50
Event: 26.649 Thread 0x0000018a17ce8160 Thread added: 0x0000018a17ce8160
Event: 26.650 Thread 0x0000018a17cea9e0 Thread added: 0x0000018a17cea9e0
Event: 26.650 Thread 0x0000018a17ce9fc0 Thread added: 0x0000018a17ce9fc0
Event: 26.650 Thread 0x0000018a17ce8670 Thread added: 0x0000018a17ce8670
Event: 26.650 Thread 0x0000018a17ce9090 Thread added: 0x0000018a17ce9090
Event: 26.650 Thread 0x0000018a17ce95a0 Thread added: 0x0000018a17ce95a0
Event: 26.650 Thread 0x0000018a17ce9ab0 Thread added: 0x0000018a17ce9ab0
Event: 26.650 Thread 0x0000018a17cea4d0 Thread added: 0x0000018a17cea4d0
Event: 26.652 Thread 0x0000018a18c51340 Thread added: 0x0000018a18c51340
Event: 26.654 Thread 0x0000018a18c51850 Thread added: 0x0000018a18c51850
Event: 26.655 Thread 0x0000018a18c4ff00 Thread added: 0x0000018a18c4ff00
Event: 26.656 Thread 0x0000018a18c52780 Thread added: 0x0000018a18c52780
Event: 26.691 Thread 0x0000018a18c50e30 Thread added: 0x0000018a18c50e30
Event: 26.698 Thread 0x0000018a18c50e30 Thread exited: 0x0000018a18c50e30


Dynamic libraries:
0x00007ff65ef40000 - 0x00007ff65ef50000 	C:\Program Files\Java\jdk-17\bin\java.exe
0x00007ffffdf00000 - 0x00007ffffe165000 	C:\WINDOWS\SYSTEM32\ntdll.dll
0x00007ffffc960000 - 0x00007ffffca29000 	C:\WINDOWS\System32\KERNEL32.DLL
0x00007ffffb0f0000 - 0x00007ffffb4d8000 	C:\WINDOWS\System32\KERNELBASE.dll
0x00007ffffb690000 - 0x00007ffffb7db000 	C:\WINDOWS\System32\ucrtbase.dll
0x00007fffe2d60000 - 0x00007fffe2d79000 	C:\Program Files\Java\jdk-17\bin\jli.dll
0x00007fffe2d40000 - 0x00007fffe2d5b000 	C:\Program Files\Java\jdk-17\bin\VCRUNTIME140.dll
0x00007ffffd180000 - 0x00007ffffd233000 	C:\WINDOWS\System32\ADVAPI32.dll
0x00007ffffbff0000 - 0x00007ffffc099000 	C:\WINDOWS\System32\msvcrt.dll
0x00007ffffd080000 - 0x00007ffffd126000 	C:\WINDOWS\System32\sechost.dll
0x00007ffffccc0000 - 0x00007ffffcdd5000 	C:\WINDOWS\System32\RPCRT4.dll
0x00007ffffbca0000 - 0x00007ffffbe6a000 	C:\WINDOWS\System32\USER32.dll
0x00007ffffb660000 - 0x00007ffffb687000 	C:\WINDOWS\System32\win32u.dll
0x00007fffe9100000 - 0x00007fffe939a000 	C:\WINDOWS\WinSxS\amd64_microsoft.windows.common-controls_6595b64144ccf1df_6.0.26100.4202_none_3e0698d4e335f517\COMCTL32.dll
0x00007ffffdd00000 - 0x00007ffffdd2b000 	C:\WINDOWS\System32\GDI32.dll
0x00007ffffbad0000 - 0x00007ffffbc07000 	C:\WINDOWS\System32\gdi32full.dll
0x00007ffffb7e0000 - 0x00007ffffb883000 	C:\WINDOWS\System32\msvcp_win.dll
0x00007ffff4c40000 - 0x00007ffff4c4b000 	C:\WINDOWS\SYSTEM32\VERSION.dll
0x00007ffffd130000 - 0x00007ffffd160000 	C:\WINDOWS\System32\IMM32.DLL
0x00007ffff80a0000 - 0x00007ffff80ac000 	C:\Program Files\Java\jdk-17\bin\vcruntime140_1.dll
0x00007fffb05c0000 - 0x00007fffb064e000 	C:\Program Files\Java\jdk-17\bin\msvcp140.dll
0x00007fff5aab0000 - 0x00007fff5b690000 	C:\Program Files\Java\jdk-17\bin\server\jvm.dll
0x00007ffffde50000 - 0x00007ffffde58000 	C:\WINDOWS\System32\PSAPI.DLL
0x00007fffe5560000 - 0x00007fffe556a000 	C:\WINDOWS\SYSTEM32\WSOCK32.dll
0x00007ffff1770000 - 0x00007ffff17a5000 	C:\WINDOWS\SYSTEM32\WINMM.dll
0x00007ffffc450000 - 0x00007ffffc4c4000 	C:\WINDOWS\System32\WS2_32.dll
0x00007ffff9e10000 - 0x00007ffff9e2b000 	C:\WINDOWS\SYSTEM32\kernel.appcore.dll
0x00007fffd9510000 - 0x00007fffd951a000 	C:\Program Files\Java\jdk-17\bin\jimage.dll
0x00007ffff2a70000 - 0x00007ffff2cb1000 	C:\WINDOWS\SYSTEM32\DBGHELP.DLL
0x00007ffffc0a0000 - 0x00007ffffc425000 	C:\WINDOWS\System32\combase.dll
0x00007ffffcde0000 - 0x00007ffffcec1000 	C:\WINDOWS\System32\OLEAUT32.dll
0x00007fffe9870000 - 0x00007fffe98a9000 	C:\WINDOWS\SYSTEM32\dbgcore.DLL
0x00007ffffb050000 - 0x00007ffffb0e9000 	C:\WINDOWS\System32\bcryptPrimitives.dll
0x00007ffff7ed0000 - 0x00007ffff7ede000 	C:\Program Files\Java\jdk-17\bin\instrument.dll
0x00007fffd50d0000 - 0x00007fffd50f5000 	C:\Program Files\Java\jdk-17\bin\java.dll
0x00007fff63000000 - 0x00007fff630d7000 	C:\Program Files\Java\jdk-17\bin\jsvml.dll
0x00007ffffd5b0000 - 0x00007ffffdcf2000 	C:\WINDOWS\System32\SHELL32.dll
0x00007ffffb4e0000 - 0x00007ffffb654000 	C:\WINDOWS\System32\wintypes.dll
0x00007ffff8cf0000 - 0x00007ffff9548000 	C:\WINDOWS\SYSTEM32\windows.storage.dll
0x00007ffffd4b0000 - 0x00007ffffd5a1000 	C:\WINDOWS\System32\SHCORE.dll
0x00007ffffd340000 - 0x00007ffffd3aa000 	C:\WINDOWS\System32\shlwapi.dll
0x00007ffffaf60000 - 0x00007ffffaf8f000 	C:\WINDOWS\SYSTEM32\profapi.dll
0x00007fffd32a0000 - 0x00007fffd32b8000 	C:\Program Files\Java\jdk-17\bin\zip.dll
0x00007fffd4c00000 - 0x00007fffd4c19000 	C:\Program Files\Java\jdk-17\bin\net.dll
0x00007ffff45a0000 - 0x00007ffff46be000 	C:\WINDOWS\SYSTEM32\WINHTTP.dll
0x00007ffffa380000 - 0x00007ffffa3ea000 	C:\WINDOWS\system32\mswsock.dll
0x00007fffd32c0000 - 0x00007fffd32d6000 	C:\Program Files\Java\jdk-17\bin\nio.dll
0x00007fffe1610000 - 0x00007fffe162a000 	C:\Program Files\JetBrains\IntelliJ IDEA 2024.2.1\bin\breakgen64.dll
0x00007ffff9930000 - 0x00007ffff9a57000 	C:\WINDOWS\SYSTEM32\DNSAPI.dll
0x00007ffff9840000 - 0x00007ffff9873000 	C:\WINDOWS\SYSTEM32\IPHLPAPI.DLL
0x00007ffffdd30000 - 0x00007ffffdd3a000 	C:\WINDOWS\System32\NSI.dll
0x00007ffff49a0000 - 0x00007ffff49ab000 	C:\Windows\System32\rasadhlp.dll
0x00007ffff1970000 - 0x00007ffff19f6000 	C:\WINDOWS\System32\fwpuclnt.dll
0x00007fffd3010000 - 0x00007fffd301a000 	C:\Program Files\Java\jdk-17\bin\management.dll
0x00007fffd2fe0000 - 0x00007fffd2feb000 	C:\Program Files\Java\jdk-17\bin\management_ext.dll
0x00007ffffa640000 - 0x00007ffffa65b000 	C:\WINDOWS\SYSTEM32\CRYPTSP.dll
0x00007ffff9d70000 - 0x00007ffff9daa000 	C:\WINDOWS\system32\rsaenh.dll
0x00007ffffa420000 - 0x00007ffffa44b000 	C:\WINDOWS\SYSTEM32\USERENV.dll
0x00007ffffaf30000 - 0x00007ffffaf56000 	C:\WINDOWS\SYSTEM32\bcrypt.dll
0x00007ffffa630000 - 0x00007ffffa63c000 	C:\WINDOWS\SYSTEM32\CRYPTBASE.dll
0x00007ffff4c50000 - 0x00007ffff4c6f000 	C:\WINDOWS\SYSTEM32\dhcpcsvc6.DLL
0x00007ffff49b0000 - 0x00007ffff49d5000 	C:\WINDOWS\SYSTEM32\dhcpcsvc.DLL
0x00007fff825d0000 - 0x00007fff825e8000 	C:\WINDOWS\system32\napinsp.dll
0x00007fff825b0000 - 0x00007fff825c2000 	C:\WINDOWS\System32\winrnr.dll
0x00007fffdee10000 - 0x00007fffdee40000 	C:\WINDOWS\system32\nlansp_c.dll
0x00007fffd6f70000 - 0x00007fffd6f90000 	C:\WINDOWS\system32\wshbth.dll
0x00007fffe7110000 - 0x00007fffe715e000 	C:\WINDOWS\SYSTEM32\pdh.dll
0x00007fffe2500000 - 0x00007fffe2512000 	C:\WINDOWS\System32\perfproc.dll
0x00007fffe24a0000 - 0x00007fffe24b1000 	C:\WINDOWS\System32\perfos.dll
0x00007ffff83f0000 - 0x00007ffff8402000 	C:\WINDOWS\SYSTEM32\pfclient.dll
0x00007fffea650000 - 0x00007fffea660000 	C:\Program Files\Java\jdk-17\bin\verify.dll
0x00007fffd2fd0000 - 0x00007fffd2fde000 	C:\Program Files\Java\jdk-17\bin\sunmscapi.dll
0x00007ffffb950000 - 0x00007ffffbac7000 	C:\WINDOWS\System32\CRYPT32.dll
0x00007ffffa850000 - 0x00007ffffa880000 	C:\WINDOWS\SYSTEM32\ncrypt.dll
0x00007ffffa800000 - 0x00007ffffa83f000 	C:\WINDOWS\SYSTEM32\NTASN1.dll

dbghelp: loaded successfully - version: 4.0.5 - missing functions: none
symbol engine: initialized successfully - sym options: 0x614 - pdb path: .;C:\Program Files\Java\jdk-17\bin;C:\WINDOWS\SYSTEM32;C:\WINDOWS\WinSxS\amd64_microsoft.windows.common-controls_6595b64144ccf1df_6.0.26100.4202_none_3e0698d4e335f517;C:\Program Files\Java\jdk-17\bin\server;C:\Program Files\JetBrains\IntelliJ IDEA 2024.2.1\bin

VM Arguments:
jvm_args: -XX:TieredStopAtLevel=1 -Dspring.output.ansi.enabled=always -Dcom.sun.management.jmxremote -Dspring.jmx.enabled=true -Dspring.liveBeansView.mbeanDomain -Dspring.application.admin.enabled=true -Dmanagement.endpoints.jmx.exposure.include=* -javaagent:C:\Program Files\JetBrains\IntelliJ IDEA 2024.2.1\lib\idea_rt.jar=53904:C:\Program Files\JetBrains\IntelliJ IDEA 2024.2.1\bin -Dfile.encoding=UTF-8 
java_command: com.example.mscliente.MsClienteApplication
java_class_path (initial): C:\ciclo-5\Contabilidad\sistema-ventas\jea-cliente\target\classes;C:\Users\josex\.m2\repository\org\springframework\boot\spring-boot-starter-data-jpa\3.1.3\spring-boot-starter-data-jpa-3.1.3.jar;C:\Users\josex\.m2\repository\org\springframework\boot\spring-boot-starter-aop\3.1.3\spring-boot-starter-aop-3.1.3.jar;C:\Users\josex\.m2\repository\org\springframework\spring-aop\6.0.11\spring-aop-6.0.11.jar;C:\Users\josex\.m2\repository\org\aspectj\aspectjweaver\1.9.20\aspectjweaver-1.9.20.jar;C:\Users\josex\.m2\repository\org\springframework\boot\spring-boot-starter-jdbc\3.1.3\spring-boot-starter-jdbc-3.1.3.jar;C:\Users\josex\.m2\repository\com\zaxxer\HikariCP\5.0.1\HikariCP-5.0.1.jar;C:\Users\josex\.m2\repository\org\springframework\spring-jdbc\6.0.11\spring-jdbc-6.0.11.jar;C:\Users\josex\.m2\repository\org\hibernate\orm\hibernate-core\6.2.7.Final\hibernate-core-6.2.7.Final.jar;C:\Users\josex\.m2\repository\jakarta\persistence\jakarta.persistence-api\3.1.0\jakarta.persistence-api-3.1.0.jar;C:\Users\josex\.m2\repository\jakarta\transaction\jakarta.transaction-api\2.0.1\jakarta.transaction-api-2.0.1.jar;C:\Users\josex\.m2\repository\org\jboss\logging\jboss-logging\3.5.3.Final\jboss-logging-3.5.3.Final.jar;C:\Users\josex\.m2\repository\org\hibernate\common\hibernate-commons-annotations\6.0.6.Final\hibernate-commons-annotations-6.0.6.Final.jar;C:\Users\josex\.m2\repository\io\smallrye\jandex\3.0.5\jandex-3.0.5.jar;C:\Users\josex\.m2\repository\com\fasterxml\classmate\1.5.1\classmate-1.5.1.jar;C:\Users\josex\.m2\repository\net\bytebuddy\byte-buddy\1.14.6\byte-buddy-1.14.6.jar;C:\Users\josex\.m2\repository\org\glassfish\jaxb\jaxb-runtime\4.0.3\jaxb-runtime-4.0.3.jar;C:\Users\josex\.m2\repository\org\glassfish\jaxb\jaxb-core\4.0.3\jaxb-core-4.0.3.jar;C:\Users\josex\.m2\repository\org\eclipse\angus\angus-activation\2.0.1\angus-activation-2.0.1.jar;C:\Users\josex\.m2\repository\org\glassfish\jaxb\txw2\4.0.3\txw2-4.0.3.jar;C:\Users\josex\.m2\repository
Launcher Type: SUN_STANDARD

[Global flags]
     intx CICompilerCount                          = 12                                        {product} {ergonomic}
     uint ConcGCThreads                            = 3                                         {product} {ergonomic}
     uint G1ConcRefinementThreads                  = 13                                        {product} {ergonomic}
   size_t G1HeapRegionSize                         = 1048576                                   {product} {ergonomic}
    uintx GCDrainStackTargetSize                   = 64                                        {product} {ergonomic}
   size_t InitialHeapSize                          = 98566144                                  {product} {ergonomic}
     bool ManagementServer                         = true                                      {product} {command line}
   size_t MarkStackSize                            = 4194304                                   {product} {ergonomic}
   size_t MaxHeapSize                              = 1570766848                                {product} {ergonomic}
   size_t MaxNewSize                               = 941621248                                 {product} {ergonomic}
   size_t MinHeapDeltaBytes                        = 1048576                                   {product} {ergonomic}
   size_t MinHeapSize                              = 8388608                                   {product} {ergonomic}
    uintx NonProfiledCodeHeapSize                  = 0                                      {pd product} {ergonomic}
     bool ProfileInterpreter                       = false                                  {pd product} {command line}
    uintx ProfiledCodeHeapSize                     = 0                                      {pd product} {ergonomic}
   size_t SoftMaxHeapSize                          = 1570766848                             {manageable} {ergonomic}
     intx TieredStopAtLevel                        = 1                                         {product} {command line}
     bool UseCompressedClassPointers               = true                           {product lp64_product} {ergonomic}
     bool UseCompressedOops                        = true                           {product lp64_product} {ergonomic}
     bool UseG1GC                                  = true                                      {product} {ergonomic}
     bool UseLargePagesIndividualAllocation        = false                                  {pd product} {ergonomic}

Logging:
Log output configuration:
 #0: stdout all=warning uptime,level,tags
 #1: stderr all=off uptime,level,tags

Environment Variables:
PATH=C:\Program Files\Common Files\Oracle\Java\javapath;C:\WINDOWS\system32;C:\WINDOWS;C:\WINDOWS\System32\Wbem;C:\WINDOWS\System32\WindowsPowerShell\v1.0\;C:\WINDOWS\System32\OpenSSH\;C:\Program Files\Git\cmd;C:\Users\josex\AppData\Roaming\nvm;C:\Program Files\nodejs;C:\Users\josex\AppData\Roaming\nvm;;C:\Program Files (x86)\Microchip\MPLAB C32 Suite\bin;C:\Users\josex\AppData\Local\Programs\Python\Launcher\;C:\Users\josex\AppData\Local\Microsoft\WindowsApps;C:\Users\josex\AppData\Local\Programs\Microsoft VS Code\bin;C:\Users\josex\AppData\Roaming\nvm;C:\Program Files\nodejs;C:\Program Files\JetBrains\WebStorm 2024.2.3\bin;;C:\Users\josex\AppData\Local\Programs\Windsurf\bin;
USERNAME=josex
OS=Windows_NT
PROCESSOR_IDENTIFIER=AMD64 Family 23 Model 104 Stepping 1, AuthenticAMD



---------------  S Y S T E M  ---------------

OS:
 Windows 11 , 64 bit Build 26100 (10.0.26100.4202)
OS uptime: 0 days 9:39 hours

CPU: total 16 (initial active 16) (16 cores per cpu, 2 threads per core) family 23 model 104 stepping 1 microcode 0x8608102, cx8, cmov, fxsr, ht, mmx, 3dnowpref, sse, sse2, sse3, ssse3, sse4a, sse4.1, sse4.2, popcnt, lzcnt, tsc, tscinvbit, avx, avx2, aes, clmul, bmi1, bmi2, adx, sha, fma, vzeroupper, clflush, clflushopt

Memory: 4k page, system-wide physical 5989M (693M free)
TotalPageFile size 24421M (AvailPageFile size 136M)
current process WorkingSet (physical memory assigned to process): 327M, peak: 327M
current process commit charge ("private bytes"): 408M, peak: 580M

vm_info: Java HotSpot(TM) 64-Bit Server VM (17.0.12+8-LTS-286) for windows-amd64 JRE (17.0.12+8-LTS-286), built on Jun  5 2024 06:46:59 by "mach5one" with MS VC++ 17.6 (VS2022)

END.
